>>> including systematics
>>> method used to compute upper limit is Asymptotic
>>> random number generator seed is 123456
Adding discrete pdfindex_j4toInf_b2toInf_pT2_mt2_30_13TeV
Computing limit starting from observation
Will compute both limit(s) using minimizer Minuit2 with strategy 0 and tolerance 0.01
  [WARNING] Found [env_pdf_35_13TeV_lau1_l1] at boundary. 
  [WARNING] Found [env_pdf_35_13TeV_pow1_p1] at boundary. 
Constraints of type SimpleGaussianConstraint: 15
Median for expected limits: 1.10547
Sigma  for expected limits: 0.564025
Constraints of type SimpleGaussianConstraint: 15
Constraints of type SimpleGaussianConstraint: 15
Restricting r to positive values.

Make global fit of real data
NLL at global minimum of data: -7.32893 (r = 3.36398e-13)

Make global fit of asimov data
NLL at global minimum of asimov: -5.68005 (r = 2.30611e-06)
At r = 1.200000:	q_mu = 6.52058	q_A  = 4.33508	CLsb = 0.00457	CLb  = 0.29985	CLs  = 0.01523
At r = 0.600000:	q_mu = 2.89163	q_A  = 1.49033	CLsb = 0.03635	CLb  = 0.28301	CLs  = 0.12844
At r = 0.932415:	q_mu = 4.87536	q_A  = 2.99130	CLsb = 0.01148	CLb  = 0.29299	CLs  = 0.03917
At r = 0.811271:	q_mu = 4.14071	q_A  = 2.41612	CLsb = 0.01747	CLb  = 0.28953	CLs  = 0.06033
At r = 0.877634:	q_mu = 4.54198	q_A  = 2.72799	CLsb = 0.01388	CLb  = 0.29146	CLs  = 0.04761
At r = 0.853362:	q_mu = 4.39485	q_A  = 2.61297	CLsb = 0.01509	CLb  = 0.29076	CLs  = 0.05191
At r = 0.866626:	q_mu = 4.47520	q_A  = 2.67569	CLsb = 0.01441	CLb  = 0.29114	CLs  = 0.04951
At r = 0.861770:	q_mu = 4.44577	q_A  = 2.65269	CLsb = 0.01466	CLb  = 0.29100	CLs  = 0.05038
At r = 0.864423:	q_mu = 4.46185	q_A  = 2.66525	CLsb = 0.01453	CLb  = 0.29108	CLs  = 0.04990

 -- Asymptotic -- 
Observed Limit: r < 0.8644
Expected  2.5%: r < 0.5074
Expected 16.0%: r < 0.7200
Expected 50.0%: r < 1.1055
Expected 84.0%: r < 1.7841
Expected 97.5%: r < 2.8316

Done in 0.03 min (cpu), 0.03 min (real)
