>>> including systematics
>>> method used to compute upper limit is Asymptotic
>>> random number generator seed is 123456
Adding discrete pdfindex_j1to3_b0_pT2_mt2_0_13TeV
Computing limit starting from observation
Will compute both limit(s) using minimizer Minuit2 with strategy 0 and tolerance 0.01
  [WARNING] Found [env_pdf_2_13TeV_exp1_p1] at boundary. 
  [WARNING] Found [env_pdf_2_13TeV_exp3_f1] at boundary. 
  [WARNING] Found [env_pdf_2_13TeV_exp3_p1] at boundary. 
  [WARNING] Found [env_pdf_2_13TeV_exp3_p2] at boundary. 
  [WARNING] Found [env_pdf_2_13TeV_lau1_l1] at boundary. 
Constraints of type SimpleGaussianConstraint: 15
Median for expected limits: 265.25
Sigma  for expected limits: 135.334
Constraints of type SimpleGaussianConstraint: 15
Constraints of type SimpleGaussianConstraint: 15
Restricting r to positive values.

Make global fit of real data
NLL at global minimum of data: -1.40366 (r = 3.32748e-12)

Make global fit of asimov data
NLL at global minimum of asimov: -1.36955 (r = 0.00922193)
At r = 1881.185536:	q_mu = 52.32391	q_A  = 57.02940	CLsb = 0.00000	CLb  = 0.62485	CLs  = 0.00000
At r = 940.592768:	q_mu = 21.78521	q_A  = 26.29005	CLsb = 0.00000	CLb  = 0.67721	CLs  = 0.00000
At r = 470.296384:	q_mu = 7.05658	q_A  = 9.96896	CLsb = 0.00395	CLb  = 0.69179	CLs  = 0.00571
At r = 235.148192:	q_mu = 1.67103	q_A  = 3.10249	CLsb = 0.09806	CLb  = 0.68036	CLs  = 0.14413
At r = 352.722288:	q_mu = 4.04746	q_A  = 6.26033	CLsb = 0.02212	CLb  = 0.68802	CLs  = 0.03215
At r = 301.519648:	q_mu = 2.91715	q_A  = 4.79960	CLsb = 0.04382	CLb  = 0.68539	CLs  = 0.06394
At r = 326.408684:	q_mu = 3.45035	q_A  = 5.49529	CLsb = 0.03162	CLb  = 0.68676	CLs  = 0.04604
At r = 316.428693:	q_mu = 3.23262	q_A  = 5.21289	CLsb = 0.03609	CLb  = 0.68624	CLs  = 0.05259
At r = 321.459642:	q_mu = 3.34173	q_A  = 5.35469	CLsb = 0.03377	CLb  = 0.68651	CLs  = 0.04919
At r = 319.474329:	q_mu = 3.29851	q_A  = 5.29860	CLsb = 0.03467	CLb  = 0.68641	CLs  = 0.05051
At r = 320.482694:	q_mu = 3.32043	q_A  = 5.32707	CLsb = 0.03421	CLb  = 0.68646	CLs  = 0.04984

 -- Asymptotic -- 
Observed Limit: r < 320.4827
Expected  2.5%: r < 136.2515
Expected 16.0%: r < 185.1298
Expected 50.0%: r < 265.2500
Expected 84.0%: r < 391.0685
Expected 97.5%: r < 561.4958

Done in 0.69 min (cpu), 0.69 min (real)
