>>> including systematics
>>> method used to compute upper limit is Asymptotic
>>> random number generator seed is 123456
Adding discrete pdfindex_j1to3_b1_pT1_mt2_0_13TeV
Computing limit starting from observation
Will compute both limit(s) using minimizer Minuit2 with strategy 0 and tolerance 0.01
  [WARNING] Found [env_pdf_7_13TeV_exp1_p1] at boundary. 
  [WARNING] Found [env_pdf_7_13TeV_exp3_f1] at boundary. 
  [WARNING] Found [env_pdf_7_13TeV_exp3_p1] at boundary. 
  [WARNING] Found [env_pdf_7_13TeV_exp3_p2] at boundary. 
  [WARNING] Found [env_pdf_7_13TeV_lau1_l1] at boundary. 
Constraints of type SimpleGaussianConstraint: 15
Median for expected limits: 374.75
Sigma  for expected limits: 191.203
Constraints of type SimpleGaussianConstraint: 15
Constraints of type SimpleGaussianConstraint: 15
Restricting r to positive values.

Make global fit of real data
NLL at global minimum of data: -0.613636 (r = 105.046)

Make global fit of asimov data
NLL at global minimum of asimov: -0.73025 (r = 0.195479)
At r = 524.672728:	q_mu = 4.30156	q_A  = 6.80540	CLsb = 0.01904	CLb  = 0.70357	CLs  = 0.02706
At r = 314.859214:	q_mu = 1.23945	q_A  = 2.81485	CLsb = 0.13279	CLb  = 0.71377	CLs  = 0.18604
At r = 419.765971:	q_mu = 2.60400	q_A  = 4.67847	CLsb = 0.05330	CLb  = 0.70860	CLs  = 0.07522
At r = 474.269358:	q_mu = 3.45111	q_A  = 5.75658	CLsb = 0.03160	CLb  = 0.70594	CLs  = 0.04477
At r = 454.082353:	q_mu = 3.12776	q_A  = 5.34976	CLsb = 0.03848	CLb  = 0.70692	CLs  = 0.05444
At r = 465.145053:	q_mu = 3.30361	q_A  = 5.57165	CLsb = 0.03456	CLb  = 0.70638	CLs  = 0.04893
At r = 461.139444:	q_mu = 3.23955	q_A  = 5.49101	CLsb = 0.03594	CLb  = 0.70658	CLs  = 0.05087
At r = 463.358319:	q_mu = 3.27498	q_A  = 5.53564	CLsb = 0.03517	CLb  = 0.70647	CLs  = 0.04979

 -- Asymptotic -- 
Observed Limit: r < 463.3583
Expected  2.5%: r < 192.4985
Expected 16.0%: r < 261.5547
Expected 50.0%: r < 374.7500
Expected 84.0%: r < 552.5086
Expected 97.5%: r < 797.8777

Done in 1.06 min (cpu), 1.06 min (real)
