>>> including systematics
>>> method used to compute upper limit is Asymptotic
>>> random number generator seed is 123456
Adding discrete pdfindex_j0_b0toInf_pT2_13TeV
Computing limit starting from observation
Will compute both limit(s) using minimizer Minuit2 with strategy 0 and tolerance 0.01
  [WARNING] Found [env_pdf_63_13TeV_exp1_p1] at boundary. 
  [WARNING] Found [env_pdf_63_13TeV_exp3_f1] at boundary. 
  [WARNING] Found [env_pdf_63_13TeV_exp3_p1] at boundary. 
  [WARNING] Found [env_pdf_63_13TeV_exp3_p2] at boundary. 
  [WARNING] Found [env_pdf_63_13TeV_lau1_l1] at boundary. 
Constraints of type SimpleGaussianConstraint: 14
Median for expected limits: 1565.75
Sigma  for expected limits: 798.867
Constraints of type SimpleGaussianConstraint: 14
Constraints of type SimpleGaussianConstraint: 14
Restricting r to positive values.

Make global fit of real data
NLL at global minimum of data: -1.03336 (r = 8.27933e-05)

Make global fit of asimov data
NLL at global minimum of asimov: -0.316048 (r = 1.14504e-05)
At r = 733.263278:	q_mu = 3.49234	q_A  = 0.98188	CLsb = 0.01198	CLb  = 0.10262	CLs  = 0.11677
At r = 1466.526556:	q_mu = 7.18246	q_A  = 3.43188	CLsb = 0.00209	CLb  = 0.15570	CLs  = 0.01340
At r = 733.263319:	q_mu = 3.49234	q_A  = 0.98188	CLsb = 0.01198	CLb  = 0.10262	CLs  = 0.11677
At r = 1099.894938:	q_mu = 5.27399	q_A  = 2.06651	CLsb = 0.00534	CLb  = 0.13229	CLs  = 0.04035
At r = 967.366089:	q_mu = 4.62272	q_A  = 1.63799	CLsb = 0.00722	CLb  = 0.12180	CLs  = 0.05932
At r = 1040.882579:	q_mu = 4.98115	q_A  = 1.87097	CLsb = 0.00613	CLb  = 0.12779	CLs  = 0.04795
At r = 1014.592959:	q_mu = 4.85214	q_A  = 1.78628	CLsb = 0.00651	CLb  = 0.12570	CLs  = 0.05175
At r = 1029.340023:	q_mu = 4.92439	q_A  = 1.83360	CLsb = 0.00629	CLb  = 0.12688	CLs  = 0.04958
At r = 1024.090809:	q_mu = 4.89864	q_A  = 1.81670	CLsb = 0.00637	CLb  = 0.12646	CLs  = 0.05035
At r = 1027.042009:	q_mu = 4.91312	q_A  = 1.82619	CLsb = 0.00632	CLb  = 0.12670	CLs  = 0.04992

 -- Asymptotic -- 
Observed Limit: r < 1027.0420
Expected  2.5%: r < 792.0493
Expected 16.0%: r < 1079.1648
Expected 50.0%: r < 1565.7500
Expected 84.0%: r < 2333.4111
Expected 97.5%: r < 3386.0925

Done in 3.76 min (cpu), 3.78 min (real)
