>>> including systematics
>>> method used to compute upper limit is Asymptotic
>>> random number generator seed is 123456
Adding discrete pdfindex_j4toInf_b0_pT2_mt2_30_13TeV
Computing limit starting from observation
Will compute both limit(s) using minimizer Minuit2 with strategy 0 and tolerance 0.01
  [WARNING] Found [env_pdf_23_13TeV_exp1_p1] at boundary. 
  [WARNING] Found [env_pdf_23_13TeV_lau1_l1] at boundary. 
Constraints of type SimpleGaussianConstraint: 14
Median for expected limits: 53.25
Sigma  for expected limits: 27.1689
Constraints of type SimpleGaussianConstraint: 14
Constraints of type SimpleGaussianConstraint: 14
Restricting r to positive values.

Make global fit of real data
NLL at global minimum of data: -0.0927927 (r = 12.292)

Make global fit of asimov data
NLL at global minimum of asimov: -0.344706 (r = 0.00265192)
At r = 76.010645:	q_mu = 3.86176	q_A  = 6.25141	CLsb = 0.02470	CLb  = 0.70373	CLs  = 0.03510
At r = 44.151320:	q_mu = 1.34227	q_A  = 2.94822	CLsb = 0.12332	CLb  = 0.71174	CLs  = 0.17326
At r = 60.080982:	q_mu = 2.53592	q_A  = 4.57047	CLsb = 0.05564	CLb  = 0.70726	CLs  = 0.07867
At r = 67.237274:	q_mu = 3.11989	q_A  = 5.32163	CLsb = 0.03867	CLb  = 0.70559	CLs  = 0.05481
At r = 70.437481:	q_mu = 3.38764	q_A  = 5.65997	CLsb = 0.03284	CLb  = 0.70489	CLs  = 0.04659
At r = 68.684765:	q_mu = 3.24055	q_A  = 5.47452	CLsb = 0.03592	CLb  = 0.70527	CLs  = 0.05093
At r = 69.325319:	q_mu = 3.29418	q_A  = 5.54225	CLsb = 0.03476	CLb  = 0.70513	CLs  = 0.04930
At r = 68.974871:	q_mu = 3.26482	q_A  = 5.50519	CLsb = 0.03539	CLb  = 0.70521	CLs  = 0.05018

 -- Asymptotic -- 
Observed Limit: r < 68.9749
Expected  2.5%: r < 24.0249
Expected 16.0%: r < 34.1852
Expected 50.0%: r < 53.2500
Expected 84.0%: r < 86.7866
Expected 97.5%: r < 141.3797

Done in 0.07 min (cpu), 0.07 min (real)
