>>> including systematics
>>> method used to compute upper limit is Asymptotic
>>> random number generator seed is 123456
Adding discrete pdfindex_j0_b0toInf_pT1_13TeV
Computing limit starting from observation
Will compute both limit(s) using minimizer Minuit2 with strategy 0 and tolerance 0.01
  [WARNING] Found [env_pdf_62_13TeV_exp1_p1] at boundary. 
  [WARNING] Found [env_pdf_62_13TeV_exp3_p1] at boundary. 
  [WARNING] Found [env_pdf_62_13TeV_exp3_p2] at boundary. 
  [WARNING] Found [env_pdf_62_13TeV_lau1_l1] at boundary. 
  [WARNING] Found [env_pdf_62_13TeV_pow1_p1] at boundary. 
Constraints of type SimpleGaussianConstraint: 10
WARNING: Best fit of asimov dataset is at r = 0.200000 (0.010000 times rMax), while it should be at zero
Median for expected limits: 4000
Sigma  for expected limits: 2040.85
Constraints of type SimpleGaussianConstraint: 10
Constraints of type SimpleGaussianConstraint: 10
Restricting r to positive values.

Make global fit of real data
NLL at global minimum of data: -0.280122 (r = 416.9)

Make global fit of asimov data
NLL at global minimum of asimov: -0.274393 (r = 416.9)
At r = 3574.183282:	q_mu = 0.00000	q_A  = 0.00000	CLsb = 0.50000	CLb  = 0.50000	CLs  = 1.00000
At r = 7148.366564:	q_mu = 0.00000	q_A  = 0.00000	CLsb = 0.50000	CLb  = 0.50000	CLs  = 1.00000
At r = 14296.733128:	q_mu = 0.00000	q_A  = 0.00000	CLsb = 0.50000	CLb  = 0.50000	CLs  = 1.00000
At r = 28593.466257:	q_mu = 0.00000	q_A  = 0.00000	CLsb = 0.50000	CLb  = 0.50000	CLs  = 1.00000
At r = 57186.932514:	q_mu = 0.00000	q_A  = 0.00000	CLsb = 0.50000	CLb  = 0.50000	CLs  = 1.00000
At r = 57395.382514:	q_mu = 0.00000	q_A  = 0.00000	CLsb = 0.50000	CLb  = 0.50000	CLs  = 1.00000
At r = 85884.623770:	q_mu = 0.00000	q_A  = 0.00000	CLsb = 0.50000	CLb  = 0.50000	CLs  = 1.00000
At r = 100129.244399:	q_mu = 0.00000	q_A  = 0.00000	CLsb = 0.50000	CLb  = 0.50000	CLs  = 1.00000
At r = 107251.554713:	q_mu = 0.00000	q_A  = 0.00000	CLsb = 0.50000	CLb  = 0.50000	CLs  = 1.00000
At r = 110812.709870:	q_mu = 0.00000	q_A  = 0.00000	CLsb = 0.50000	CLb  = 0.50000	CLs  = 1.00000
At r = 112593.287449:	q_mu = 0.00000	q_A  = 0.00000	CLsb = 0.50000	CLb  = 0.50000	CLs  = 1.00000
At r = 113483.576238:	q_mu = 0.00000	q_A  = 0.00000	CLsb = 0.50000	CLb  = 0.50000	CLs  = 1.00000
At r = 113928.720632:	q_mu = 0.00000	q_A  = 0.00000	CLsb = 0.50000	CLb  = 0.50000	CLs  = 1.00000

 -- Asymptotic -- 
Observed Limit: r < 113928.7206

Done in 5.03 min (cpu), 5.05 min (real)
