>>> including systematics
>>> method used to compute upper limit is Asymptotic
>>> random number generator seed is 123456
Adding discrete pdfindex_j1to3_b2toInf_pT0_mt2_0_13TeV
Computing limit starting from observation
Will compute both limit(s) using minimizer Minuit2 with strategy 0 and tolerance 0.01
  [WARNING] Found [env_pdf_12_13TeV_exp1_p1] at boundary. 
  [WARNING] Found [env_pdf_12_13TeV_exp3_f1] at boundary. 
  [WARNING] Found [env_pdf_12_13TeV_exp3_p1] at boundary. 
  [WARNING] Found [env_pdf_12_13TeV_exp3_p2] at boundary. 
Constraints of type SimpleGaussianConstraint: 14
WARNING: underflow to -273.726 in pdf_binch1_j1to3_b2toInf_pT0_mt2_0_obsOnly for bin 0, weight 26.2601
FASTEXIT from pdf_binch1_j1to3_b2toInf_pT0_mt2_0_obsOnly
[#0] WARNING:Minization -- RooMinimizerFcn: Minimized function has error status.
Returning maximum FCN so far (7000.68) to force MIGRAD to back out of this region. Error log follows
Parameter values: env_pdf_12_13TeV_bern1_p0=0.230449, env_pdf_12_13TeV_bern2_p0=0.109678, env_pdf_12_13TeV_bern2_p1=0.369934, env_pdf_12_13TeV_bern3_p0=0.366564, env_pdf_12_13TeV_bern3_p1=0.420668, env_pdf_12_13TeV_bern3_p2=0.303022, env_pdf_12_13TeV_bern4_p0=0.433118, env_pdf_12_13TeV_bern4_p1=0.558139, env_pdf_12_13TeV_bern4_p2=0.251245, env_pdf_12_13TeV_bern4_p3=0.322413, env_pdf_12_13TeV_exp1_p1=-0.0317061, env_pdf_12_13TeV_exp3_f1=0.810492, env_pdf_12_13TeV_exp3_p1=-0.136128, env_pdf_12_13TeV_exp3_p2=-0.0156547, env_pdf_12_13TeV_lau1_l1=0.826429, env_pdf_12_13TeV_pow1_p1=-4.15544, shapeBkg_bkg_mass_ch1_j1to3_b2toInf_pT0_mt2_0__norm=-2430.6
RooAbsReal::ch1_j1to3_b2toInf_pT0_mt2_0[ params=(BR_hgg,CMS_hgg_nuisance_deltafracright,MH,btagsf_heavy_syst_2016,btagsf_heavy_syst_2017,btagsf_light_syst_2016,btagsf_light_syst_2017,env_pdf_12_13TeV_bern1_p0,env_pdf_12_13TeV_bern2_p0,env_pdf_12_13TeV_bern2_p1,env_pdf_12_13TeV_bern3_p0,env_pdf_12_13TeV_bern3_p1,env_pdf_12_13TeV_bern3_p2,env_pdf_12_13TeV_bern4_p0,env_pdf_12_13TeV_bern4_p1,env_pdf_12_13TeV_bern4_p2,env_pdf_12_13TeV_bern4_p3,env_pdf_12_13TeV_exp1_p1,env_pdf_12_13TeV_exp3_f1,env_pdf_12_13TeV_exp3_p1,env_pdf_12_13TeV_exp3_p2,env_pdf_12_13TeV_lau1_l1,env_pdf_12_13TeV_pow1_p1,gammasf_syst,genMET_syst,isr_syst,jecVar_syst,lumi_2016,lumi_2017,n_exp_binch1_j1to3_b2toInf_pT0_mt2_0_proc_bkg_mass,pdf_syst,r,scale_syst,shapeBkg_bkg_mass_ch1_j1to3_b2toInf_pT0_mt2_0__norm) ]
     Number of events is negative or error @ params=(BR_hgg = -0.0553598 +/- 0.991084,CMS_hgg_nuisance_deltafracright = 0,MH = 125 +/- 0.00989611,btagsf_heavy_syst_2016 = -0.0247675 +/- 0.996026,btagsf_heavy_syst_2017 = -0.0442755 +/- 0.994554,btagsf_light_syst_2016 = 0.042993 +/- 0.994599,btagsf_light_syst_2017 = 0.031748 +/- 0.994843,env_pdf_12_13TeV_bern1_p0 = 0.230449 +/- 4.20288,env_pdf_12_13TeV_bern2_p0 = 0.109678 +/- 4.20634,env_pdf_12_13TeV_bern2_p1 = 0.369934 +/- 4.19582,env_pdf_12_13TeV_bern3_p0 = 0.366564 +/- 4.19603,env_pdf_12_13TeV_bern3_p1 = 0.420668 +/- 4.19244,env_pdf_12_13TeV_bern3_p2 = 0.303022 +/- 4.19962,env_pdf_12_13TeV_bern4_p0 = 0.433118 +/- 4.19154,env_pdf_12_13TeV_bern4_p1 = 0.558139 +/- 4.18106,env_pdf_12_13TeV_bern4_p2 = 0.251245 +/- 4.20204,env_pdf_12_13TeV_bern4_p3 = 0.322413 +/- 4.1986,env_pdf_12_13TeV_exp1_p1 = -0.0317061 +/- 0.000951024,env_pdf_12_13TeV_exp3_f1 = 0.810492 +/- 0.309604,env_pdf_12_13TeV_exp3_p1 = -0.136128 +/- 0.211613,env_pdf_12_13TeV_exp3_p2 = -0.0156547 +/- 0.229847,env_pdf_12_13TeV_lau1_l1 = 0.826429 +/- 0.318697,env_pdf_12_13TeV_pow1_p1 = -4.15544 +/- 4.20532,gammasf_syst = -0.0963268 +/- 0.989461,genMET_syst = 0.325065 +/- 0.966513,isr_syst = 0.212268 +/- 0.973549,jecVar_syst = 0.00981984 +/- 0.993611,lumi_2016 = -0.0360185 +/- 0.995418,lumi_2017 = -0.0286647 +/- 0.99568,n_exp_binch1_j1to3_b2toInf_pT0_mt2_0_proc_bkg_mass = 1,pdf_syst = 0.0380495 +/- 0.970469,r = 1416 +/- 19.2064,scale_syst = 0.0281497 +/- 0.99591,shapeBkg_bkg_mass_ch1_j1to3_b2toInf_pT0_mt2_0__norm = -2430.6 +/- 53.0493)

WARNING: underflow to -3111.87 in pdf_binch1_j1to3_b2toInf_pT0_mt2_0_obsOnly for bin 0, weight 26.2601
FASTEXIT from pdf_binch1_j1to3_b2toInf_pT0_mt2_0_obsOnly
[#0] WARNING:Minization -- RooMinimizerFcn: Minimized function has error status.
Returning maximum FCN so far (32.5786) to force MIGRAD to back out of this region. Error log follows
Parameter values: env_pdf_12_13TeV_bern1_p0=0.230449, env_pdf_12_13TeV_bern2_p0=0.109678, env_pdf_12_13TeV_bern2_p1=0.369934, env_pdf_12_13TeV_bern3_p0=0.366564, env_pdf_12_13TeV_bern3_p1=0.420668, env_pdf_12_13TeV_bern3_p2=0.303022, env_pdf_12_13TeV_bern4_p0=0.433118, env_pdf_12_13TeV_bern4_p1=0.558139, env_pdf_12_13TeV_bern4_p2=0.251245, env_pdf_12_13TeV_bern4_p3=0.322413, env_pdf_12_13TeV_exp1_p1=-0.0317061, env_pdf_12_13TeV_exp3_f1=0.933284, env_pdf_12_13TeV_exp3_p1=-0.655821, env_pdf_12_13TeV_exp3_p2=-0.999735, env_pdf_12_13TeV_lau1_l1=0.826376, env_pdf_12_13TeV_pow1_p1=-4.15544, shapeBkg_bkg_mass_ch1_j1to3_b2toInf_pT0_mt2_0__norm=-4996.93
RooAbsReal::ch1_j1to3_b2toInf_pT0_mt2_0[ params=(BR_hgg,CMS_hgg_nuisance_deltafracright,MH,btagsf_heavy_syst_2016,btagsf_heavy_syst_2017,btagsf_light_syst_2016,btagsf_light_syst_2017,env_pdf_12_13TeV_bern1_p0,env_pdf_12_13TeV_bern2_p0,env_pdf_12_13TeV_bern2_p1,env_pdf_12_13TeV_bern3_p0,env_pdf_12_13TeV_bern3_p1,env_pdf_12_13TeV_bern3_p2,env_pdf_12_13TeV_bern4_p0,env_pdf_12_13TeV_bern4_p1,env_pdf_12_13TeV_bern4_p2,env_pdf_12_13TeV_bern4_p3,env_pdf_12_13TeV_exp1_p1,env_pdf_12_13TeV_exp3_f1,env_pdf_12_13TeV_exp3_p1,env_pdf_12_13TeV_exp3_p2,env_pdf_12_13TeV_lau1_l1,env_pdf_12_13TeV_pow1_p1,gammasf_syst,genMET_syst,isr_syst,jecVar_syst,lumi_2016,lumi_2017,n_exp_binch1_j1to3_b2toInf_pT0_mt2_0_proc_bkg_mass,pdf_syst,r,scale_syst,shapeBkg_bkg_mass_ch1_j1to3_b2toInf_pT0_mt2_0__norm) ]
     Number of events is negative or error @ params=(BR_hgg = -0.0561636 +/- 0.991025,CMS_hgg_nuisance_deltafracright = 0,MH = 125 +/- 0.0098961,btagsf_heavy_syst_2016 = -0.0251351 +/- 0.996018,btagsf_heavy_syst_2017 = -0.0449066 +/- 0.994531,btagsf_light_syst_2016 = 0.0435961 +/- 0.994575,btagsf_light_syst_2017 = 0.0321708 +/- 0.994812,env_pdf_12_13TeV_bern1_p0 = 0.230449 +/- 4.20288,env_pdf_12_13TeV_bern2_p0 = 0.109678 +/- 4.20634,env_pdf_12_13TeV_bern2_p1 = 0.369934 +/- 4.19582,env_pdf_12_13TeV_bern3_p0 = 0.366564 +/- 4.19603,env_pdf_12_13TeV_bern3_p1 = 0.420668 +/- 4.19244,env_pdf_12_13TeV_bern3_p2 = 0.303022 +/- 4.19962,env_pdf_12_13TeV_bern4_p0 = 0.433118 +/- 4.19154,env_pdf_12_13TeV_bern4_p1 = 0.558139 +/- 4.18106,env_pdf_12_13TeV_bern4_p2 = 0.251245 +/- 4.20204,env_pdf_12_13TeV_bern4_p3 = 0.322413 +/- 4.1986,env_pdf_12_13TeV_exp1_p1 = -0.0317061 +/- 0.000951052,env_pdf_12_13TeV_exp3_f1 = 0.933284 +/- 0.309604,env_pdf_12_13TeV_exp3_p1 = -0.655821 +/- 0.211613,env_pdf_12_13TeV_exp3_p2 = -0.999735 +/- 0.229847,env_pdf_12_13TeV_lau1_l1 = 0.826376 +/- 0.318736,env_pdf_12_13TeV_pow1_p1 = -4.15544 +/- 4.20532,gammasf_syst = -0.0977301 +/- 0.989355,genMET_syst = 0.329713 +/- 0.966158,isr_syst = 0.215306 +/- 0.973279,jecVar_syst = 0.00989813 +/- 0.993593,lumi_2016 = -0.0365522 +/- 0.995409,lumi_2017 = -0.029076 +/- 0.995665,n_exp_binch1_j1to3_b2toInf_pT0_mt2_0_proc_bkg_mass = 1,pdf_syst = 0.0387373 +/- 0.97034,r = 1428 +/- 19.2064,scale_syst = 0.028545 +/- 0.995895,shapeBkg_bkg_mass_ch1_j1to3_b2toInf_pT0_mt2_0__norm = -4996.93 +/- 53.049)

WARNING: underflow to -3248.62 in pdf_binch1_j1to3_b2toInf_pT0_mt2_0_obsOnly for bin 0, weight 26.2601
FASTEXIT from pdf_binch1_j1to3_b2toInf_pT0_mt2_0_obsOnly
[#0] WARNING:Minization -- RooMinimizerFcn: Minimized function has error status.
Returning maximum FCN so far (32.5786) to force MIGRAD to back out of this region. Error log follows
Parameter values: env_pdf_12_13TeV_bern1_p0=0.230449, env_pdf_12_13TeV_bern2_p0=0.109678, env_pdf_12_13TeV_bern2_p1=0.369934, env_pdf_12_13TeV_bern3_p0=0.366564, env_pdf_12_13TeV_bern3_p1=0.420668, env_pdf_12_13TeV_bern3_p2=0.303022, env_pdf_12_13TeV_bern4_p0=0.433118, env_pdf_12_13TeV_bern4_p1=0.558139, env_pdf_12_13TeV_bern4_p2=0.251245, env_pdf_12_13TeV_bern4_p3=0.322413, env_pdf_12_13TeV_exp1_p1=-0.0317061, env_pdf_12_13TeV_exp3_f1=0.978636, env_pdf_12_13TeV_exp3_p1=-0.820885, env_pdf_12_13TeV_exp3_p2=-0.468826, env_pdf_12_13TeV_lau1_l1=0.826376, env_pdf_12_13TeV_pow1_p1=-4.15544, shapeBkg_bkg_mass_ch1_j1to3_b2toInf_pT0_mt2_0__norm=-4423.21
RooAbsReal::ch1_j1to3_b2toInf_pT0_mt2_0[ params=(BR_hgg,CMS_hgg_nuisance_deltafracright,MH,btagsf_heavy_syst_2016,btagsf_heavy_syst_2017,btagsf_light_syst_2016,btagsf_light_syst_2017,env_pdf_12_13TeV_bern1_p0,env_pdf_12_13TeV_bern2_p0,env_pdf_12_13TeV_bern2_p1,env_pdf_12_13TeV_bern3_p0,env_pdf_12_13TeV_bern3_p1,env_pdf_12_13TeV_bern3_p2,env_pdf_12_13TeV_bern4_p0,env_pdf_12_13TeV_bern4_p1,env_pdf_12_13TeV_bern4_p2,env_pdf_12_13TeV_bern4_p3,env_pdf_12_13TeV_exp1_p1,env_pdf_12_13TeV_exp3_f1,env_pdf_12_13TeV_exp3_p1,env_pdf_12_13TeV_exp3_p2,env_pdf_12_13TeV_lau1_l1,env_pdf_12_13TeV_pow1_p1,gammasf_syst,genMET_syst,isr_syst,jecVar_syst,lumi_2016,lumi_2017,n_exp_binch1_j1to3_b2toInf_pT0_mt2_0_proc_bkg_mass,pdf_syst,r,scale_syst,shapeBkg_bkg_mass_ch1_j1to3_b2toInf_pT0_mt2_0__norm) ]
     Number of events is negative or error @ params=(BR_hgg = -0.0561636 +/- 0.991025,CMS_hgg_nuisance_deltafracright = 0,MH = 125 +/- 0.0098961,btagsf_heavy_syst_2016 = -0.0251351 +/- 0.996018,btagsf_heavy_syst_2017 = -0.0449066 +/- 0.994531,btagsf_light_syst_2016 = 0.0435961 +/- 0.994575,btagsf_light_syst_2017 = 0.0321708 +/- 0.994812,env_pdf_12_13TeV_bern1_p0 = 0.230449 +/- 4.20288,env_pdf_12_13TeV_bern2_p0 = 0.109678 +/- 4.20634,env_pdf_12_13TeV_bern2_p1 = 0.369934 +/- 4.19582,env_pdf_12_13TeV_bern3_p0 = 0.366564 +/- 4.19603,env_pdf_12_13TeV_bern3_p1 = 0.420668 +/- 4.19244,env_pdf_12_13TeV_bern3_p2 = 0.303022 +/- 4.19962,env_pdf_12_13TeV_bern4_p0 = 0.433118 +/- 4.19154,env_pdf_12_13TeV_bern4_p1 = 0.558139 +/- 4.18106,env_pdf_12_13TeV_bern4_p2 = 0.251245 +/- 4.20204,env_pdf_12_13TeV_bern4_p3 = 0.322413 +/- 4.1986,env_pdf_12_13TeV_exp1_p1 = -0.0317061 +/- 0.000951052,env_pdf_12_13TeV_exp3_f1 = 0.978636 +/- 0.309604,env_pdf_12_13TeV_exp3_p1 = -0.820885 +/- 0.211613,env_pdf_12_13TeV_exp3_p2 = -0.468826 +/- 0.229847,env_pdf_12_13TeV_lau1_l1 = 0.826376 +/- 0.318736,env_pdf_12_13TeV_pow1_p1 = -4.15544 +/- 4.20532,gammasf_syst = -0.0977301 +/- 0.989355,genMET_syst = 0.329713 +/- 0.966158,isr_syst = 0.215306 +/- 0.973279,jecVar_syst = 0.00989813 +/- 0.993593,lumi_2016 = -0.0365522 +/- 0.995409,lumi_2017 = -0.029076 +/- 0.995665,n_exp_binch1_j1to3_b2toInf_pT0_mt2_0_proc_bkg_mass = 1,pdf_syst = 0.0387373 +/- 0.97034,r = 1428 +/- 19.2064,scale_syst = 0.028545 +/- 0.995895,shapeBkg_bkg_mass_ch1_j1to3_b2toInf_pT0_mt2_0__norm = -4423.21 +/- 53.049)

WARNING: underflow to -932.582 in pdf_binch1_j1to3_b2toInf_pT0_mt2_0_obsOnly for bin 0, weight 26.2601
FASTEXIT from pdf_binch1_j1to3_b2toInf_pT0_mt2_0_obsOnly
[#0] WARNING:Minization -- RooMinimizerFcn: Minimized function has error status.
Returning maximum FCN so far (32.5786) to force MIGRAD to back out of this region. Error log follows
Parameter values: env_pdf_12_13TeV_bern1_p0=0.230449, env_pdf_12_13TeV_bern2_p0=0.109678, env_pdf_12_13TeV_bern2_p1=0.369934, env_pdf_12_13TeV_bern3_p0=0.366564, env_pdf_12_13TeV_bern3_p1=0.420668, env_pdf_12_13TeV_bern3_p2=0.303022, env_pdf_12_13TeV_bern4_p0=0.433118, env_pdf_12_13TeV_bern4_p1=0.558139, env_pdf_12_13TeV_bern4_p2=0.251245, env_pdf_12_13TeV_bern4_p3=0.322413, env_pdf_12_13TeV_exp1_p1=-0.0317061, env_pdf_12_13TeV_exp3_f1=0.883557, env_pdf_12_13TeV_exp3_p1=-0.325331, env_pdf_12_13TeV_exp3_p2=-0.122718, env_pdf_12_13TeV_lau1_l1=0.826376, env_pdf_12_13TeV_pow1_p1=-4.15544, shapeBkg_bkg_mass_ch1_j1to3_b2toInf_pT0_mt2_0__norm=-3215.07
RooAbsReal::ch1_j1to3_b2toInf_pT0_mt2_0[ params=(BR_hgg,CMS_hgg_nuisance_deltafracright,MH,btagsf_heavy_syst_2016,btagsf_heavy_syst_2017,btagsf_light_syst_2016,btagsf_light_syst_2017,env_pdf_12_13TeV_bern1_p0,env_pdf_12_13TeV_bern2_p0,env_pdf_12_13TeV_bern2_p1,env_pdf_12_13TeV_bern3_p0,env_pdf_12_13TeV_bern3_p1,env_pdf_12_13TeV_bern3_p2,env_pdf_12_13TeV_bern4_p0,env_pdf_12_13TeV_bern4_p1,env_pdf_12_13TeV_bern4_p2,env_pdf_12_13TeV_bern4_p3,env_pdf_12_13TeV_exp1_p1,env_pdf_12_13TeV_exp3_f1,env_pdf_12_13TeV_exp3_p1,env_pdf_12_13TeV_exp3_p2,env_pdf_12_13TeV_lau1_l1,env_pdf_12_13TeV_pow1_p1,gammasf_syst,genMET_syst,isr_syst,jecVar_syst,lumi_2016,lumi_2017,n_exp_binch1_j1to3_b2toInf_pT0_mt2_0_proc_bkg_mass,pdf_syst,r,scale_syst,shapeBkg_bkg_mass_ch1_j1to3_b2toInf_pT0_mt2_0__norm) ]
     Number of events is negative or error @ params=(BR_hgg = -0.0561636 +/- 0.991025,CMS_hgg_nuisance_deltafracright = 0,MH = 125 +/- 0.0098961,btagsf_heavy_syst_2016 = -0.0251351 +/- 0.996018,btagsf_heavy_syst_2017 = -0.0449066 +/- 0.994531,btagsf_light_syst_2016 = 0.0435961 +/- 0.994575,btagsf_light_syst_2017 = 0.0321708 +/- 0.994812,env_pdf_12_13TeV_bern1_p0 = 0.230449 +/- 4.20288,env_pdf_12_13TeV_bern2_p0 = 0.109678 +/- 4.20634,env_pdf_12_13TeV_bern2_p1 = 0.369934 +/- 4.19582,env_pdf_12_13TeV_bern3_p0 = 0.366564 +/- 4.19603,env_pdf_12_13TeV_bern3_p1 = 0.420668 +/- 4.19244,env_pdf_12_13TeV_bern3_p2 = 0.303022 +/- 4.19962,env_pdf_12_13TeV_bern4_p0 = 0.433118 +/- 4.19154,env_pdf_12_13TeV_bern4_p1 = 0.558139 +/- 4.18106,env_pdf_12_13TeV_bern4_p2 = 0.251245 +/- 4.20204,env_pdf_12_13TeV_bern4_p3 = 0.322413 +/- 4.1986,env_pdf_12_13TeV_exp1_p1 = -0.0317061 +/- 0.000951052,env_pdf_12_13TeV_exp3_f1 = 0.883557 +/- 0.309604,env_pdf_12_13TeV_exp3_p1 = -0.325331 +/- 0.211613,env_pdf_12_13TeV_exp3_p2 = -0.122718 +/- 0.229847,env_pdf_12_13TeV_lau1_l1 = 0.826376 +/- 0.318736,env_pdf_12_13TeV_pow1_p1 = -4.15544 +/- 4.20532,gammasf_syst = -0.0977301 +/- 0.989355,genMET_syst = 0.329713 +/- 0.966158,isr_syst = 0.215306 +/- 0.973279,jecVar_syst = 0.00989813 +/- 0.993593,lumi_2016 = -0.0365522 +/- 0.995409,lumi_2017 = -0.029076 +/- 0.995665,n_exp_binch1_j1to3_b2toInf_pT0_mt2_0_proc_bkg_mass = 1,pdf_syst = 0.0387373 +/- 0.97034,r = 1428 +/- 19.2064,scale_syst = 0.028545 +/- 0.995895,shapeBkg_bkg_mass_ch1_j1to3_b2toInf_pT0_mt2_0__norm = -3215.07 +/- 53.049)

WARNING: underflow to -611.097 in pdf_binch1_j1to3_b2toInf_pT0_mt2_0_obsOnly for bin 0, weight 26.2601
FASTEXIT from pdf_binch1_j1to3_b2toInf_pT0_mt2_0_obsOnly
[#0] WARNING:Minization -- RooMinimizerFcn: Minimized function has error status.
Returning maximum FCN so far (32.5786) to force MIGRAD to back out of this region. Error log follows
Parameter values: env_pdf_12_13TeV_bern1_p0=0.230449, env_pdf_12_13TeV_bern2_p0=0.109678, env_pdf_12_13TeV_bern2_p1=0.369934, env_pdf_12_13TeV_bern3_p0=0.366564, env_pdf_12_13TeV_bern3_p1=0.420668, env_pdf_12_13TeV_bern3_p2=0.303022, env_pdf_12_13TeV_bern4_p0=0.433118, env_pdf_12_13TeV_bern4_p1=0.558139, env_pdf_12_13TeV_bern4_p2=0.251245, env_pdf_12_13TeV_bern4_p3=0.322413, env_pdf_12_13TeV_exp1_p1=-0.0317061, env_pdf_12_13TeV_exp3_f1=0.814496, env_pdf_12_13TeV_exp3_p1=-0.119827, env_pdf_12_13TeV_exp3_p2=-0.0277029, env_pdf_12_13TeV_lau1_l1=0.826376, env_pdf_12_13TeV_pow1_p1=-4.15544, shapeBkg_bkg_mass_ch1_j1to3_b2toInf_pT0_mt2_0__norm=-5996.9
RooAbsReal::ch1_j1to3_b2toInf_pT0_mt2_0[ params=(BR_hgg,CMS_hgg_nuisance_deltafracright,MH,btagsf_heavy_syst_2016,btagsf_heavy_syst_2017,btagsf_light_syst_2016,btagsf_light_syst_2017,env_pdf_12_13TeV_bern1_p0,env_pdf_12_13TeV_bern2_p0,env_pdf_12_13TeV_bern2_p1,env_pdf_12_13TeV_bern3_p0,env_pdf_12_13TeV_bern3_p1,env_pdf_12_13TeV_bern3_p2,env_pdf_12_13TeV_bern4_p0,env_pdf_12_13TeV_bern4_p1,env_pdf_12_13TeV_bern4_p2,env_pdf_12_13TeV_bern4_p3,env_pdf_12_13TeV_exp1_p1,env_pdf_12_13TeV_exp3_f1,env_pdf_12_13TeV_exp3_p1,env_pdf_12_13TeV_exp3_p2,env_pdf_12_13TeV_lau1_l1,env_pdf_12_13TeV_pow1_p1,gammasf_syst,genMET_syst,isr_syst,jecVar_syst,lumi_2016,lumi_2017,n_exp_binch1_j1to3_b2toInf_pT0_mt2_0_proc_bkg_mass,pdf_syst,r,scale_syst,shapeBkg_bkg_mass_ch1_j1to3_b2toInf_pT0_mt2_0__norm) ]
     Number of events is negative or error @ params=(BR_hgg = -0.0561636 +/- 0.991025,CMS_hgg_nuisance_deltafracright = 0,MH = 125 +/- 0.0098961,btagsf_heavy_syst_2016 = -0.0251351 +/- 0.996018,btagsf_heavy_syst_2017 = -0.0449066 +/- 0.994531,btagsf_light_syst_2016 = 0.0435961 +/- 0.994575,btagsf_light_syst_2017 = 0.0321708 +/- 0.994812,env_pdf_12_13TeV_bern1_p0 = 0.230449 +/- 4.20288,env_pdf_12_13TeV_bern2_p0 = 0.109678 +/- 4.20634,env_pdf_12_13TeV_bern2_p1 = 0.369934 +/- 4.19582,env_pdf_12_13TeV_bern3_p0 = 0.366564 +/- 4.19603,env_pdf_12_13TeV_bern3_p1 = 0.420668 +/- 4.19244,env_pdf_12_13TeV_bern3_p2 = 0.303022 +/- 4.19962,env_pdf_12_13TeV_bern4_p0 = 0.433118 +/- 4.19154,env_pdf_12_13TeV_bern4_p1 = 0.558139 +/- 4.18106,env_pdf_12_13TeV_bern4_p2 = 0.251245 +/- 4.20204,env_pdf_12_13TeV_bern4_p3 = 0.322413 +/- 4.1986,env_pdf_12_13TeV_exp1_p1 = -0.0317061 +/- 0.000951052,env_pdf_12_13TeV_exp3_f1 = 0.814496 +/- 0.309604,env_pdf_12_13TeV_exp3_p1 = -0.119827 +/- 0.211613,env_pdf_12_13TeV_exp3_p2 = -0.0277029 +/- 0.229847,env_pdf_12_13TeV_lau1_l1 = 0.826376 +/- 0.318736,env_pdf_12_13TeV_pow1_p1 = -4.15544 +/- 4.20532,gammasf_syst = -0.0977301 +/- 0.989355,genMET_syst = 0.329713 +/- 0.966158,isr_syst = 0.215306 +/- 0.973279,jecVar_syst = 0.00989813 +/- 0.993593,lumi_2016 = -0.0365522 +/- 0.995409,lumi_2017 = -0.029076 +/- 0.995665,n_exp_binch1_j1to3_b2toInf_pT0_mt2_0_proc_bkg_mass = 1,pdf_syst = 0.0387373 +/- 0.97034,r = 1428 +/- 19.2064,scale_syst = 0.028545 +/- 0.995895,shapeBkg_bkg_mass_ch1_j1to3_b2toInf_pT0_mt2_0__norm = -5996.9 +/- 53.049)

Median for expected limits: 1697.5
Sigma  for expected limits: 866.087
Constraints of type SimpleGaussianConstraint: 14
Constraints of type SimpleGaussianConstraint: 14
Restricting r to positive values.

Make global fit of real data
NLL at global minimum of data: -0.0683574 (r = 552.739)

Make global fit of asimov data
NLL at global minimum of asimov: -0.187052 (r = 0.15795)
At r = 2815.353685:	q_mu = 4.54395	q_A  = 9.05563	CLsb = 0.01652	CLb  = 0.80992	CLs  = 0.02039
At r = 1684.046409:	q_mu = 1.70277	q_A  = 3.78825	CLsb = 0.09596	CLb  = 0.73938	CLs  = 0.12979
At r = 2150.533449:	q_mu = 2.77912	q_A  = 5.79769	CLsb = 0.04775	CLb  = 0.77058	CLs  = 0.06197
At r = 2386.183468:	q_mu = 3.34399	q_A  = 6.90770	CLsb = 0.03373	CLb  = 0.78803	CLs  = 0.04280
At r = 2259.824982:	q_mu = 3.03201	q_A  = 6.30557	CLsb = 0.04082	CLb  = 0.77930	CLs  = 0.05238
At r = 2308.350168:	q_mu = 3.14942	q_A  = 6.53497	CLsb = 0.03798	CLb  = 0.78280	CLs  = 0.04851
At r = 2283.363761:	q_mu = 3.08857	q_A  = 6.41656	CLsb = 0.03942	CLb  = 0.78103	CLs  = 0.05047
At r = 2293.129495:	q_mu = 3.11224	q_A  = 6.46277	CLsb = 0.03885	CLb  = 0.78173	CLs  = 0.04970
At r = 2288.145213:	q_mu = 3.10014	q_A  = 6.43917	CLsb = 0.03914	CLb  = 0.78137	CLs  = 0.05009

 -- Asymptotic -- 
Observed Limit: r < 2288.1452
Expected  2.5%: r < 878.5889
Expected 16.0%: r < 1185.6805
Expected 50.0%: r < 1697.5000
Expected 84.0%: r < 2489.1580
Expected 97.5%: r < 3564.4988

Done in 5.21 min (cpu), 5.22 min (real)
