>>> including systematics
>>> method used to compute upper limit is Asymptotic
>>> random number generator seed is 123456
Adding discrete pdfindex_j4toInf_b0_pT0_mt2_30_13TeV
Computing limit starting from observation
Will compute both limit(s) using minimizer Minuit2 with strategy 0 and tolerance 0.01
  [WARNING] Found [env_pdf_21_13TeV_exp1_p1] at boundary. 
  [WARNING] Found [env_pdf_21_13TeV_lau1_l1] at boundary. 
Constraints of type SimpleGaussianConstraint: 14
WARNING: Best fit of asimov dataset is at r = 0.087578 (0.004379 times rMax), while it should be at zero
WARNING: underflow to -1.27197 in pdf_binch1_j4toInf_b0_pT0_mt2_30_obsOnly for bin 0, weight 1.51644
FASTEXIT from pdf_binch1_j4toInf_b0_pT0_mt2_30_obsOnly
[#0] WARNING:Minization -- RooMinimizerFcn: Minimized function has error status.
Returning maximum FCN so far (2.01346) to force MIGRAD to back out of this region. Error log follows
Parameter values: env_pdf_21_13TeV_bern1_p0=0.344873, env_pdf_21_13TeV_bern2_p0=0.156749, env_pdf_21_13TeV_bern2_p1=0.449736, env_pdf_21_13TeV_exp1_p1=-0.0265147, env_pdf_21_13TeV_lau1_l1=0.999998, env_pdf_21_13TeV_pow1_p1=-3.51664, shapeBkg_bkg_mass_ch1_j4toInf_b0_pT0_mt2_30__norm=-39.2028
RooAbsReal::ch1_j4toInf_b0_pT0_mt2_30[ params=(BR_hgg,CMS_hgg_nuisance_deltafracright,MH,btagsf_heavy_syst_2016,btagsf_heavy_syst_2017,btagsf_light_syst_2016,btagsf_light_syst_2017,env_pdf_21_13TeV_bern1_p0,env_pdf_21_13TeV_bern2_p0,env_pdf_21_13TeV_bern2_p1,env_pdf_21_13TeV_exp1_p1,env_pdf_21_13TeV_lau1_l1,env_pdf_21_13TeV_pow1_p1,gammasf_syst,genMET_syst,isr_syst,jecVar_syst,lumi_2016,lumi_2017,n_exp_binch1_j4toInf_b0_pT0_mt2_30_proc_bkg_mass,pdf_syst,r,scale_syst,shapeBkg_bkg_mass_ch1_j4toInf_b0_pT0_mt2_30__norm) ]
     Number of events is negative or error @ params=(BR_hgg = -0.00197184 +/- 0.985869,CMS_hgg_nuisance_deltafracright = 0,MH = 125 +/- 0.00989044,btagsf_heavy_syst_2016 = 0.00124022 +/- 0.995984,btagsf_heavy_syst_2017 = -0.00182609 +/- 0.927275,btagsf_light_syst_2016 = 0.00252082 +/- 0.99275,btagsf_light_syst_2017 = -0.000590685 +/- 0.919448,env_pdf_21_13TeV_bern1_p0 = 0.344873 +/- 4.19733,env_pdf_21_13TeV_bern2_p0 = 0.156749 +/- 4.20529,env_pdf_21_13TeV_bern2_p1 = 0.449736 +/- 4.1903,env_pdf_21_13TeV_exp1_p1 = -0.0265147 +/- 0.21766,env_pdf_21_13TeV_lau1_l1 = 0.999998 +/- 0.229848,env_pdf_21_13TeV_pow1_p1 = -3.51664 +/- 0.449963,gammasf_syst = -0.00351114 +/- 0.964856,genMET_syst = -0.00199899 +/- 0.986581,isr_syst = 0.00205097 +/- 0.938312,jecVar_syst = 0.00112264 +/- 0.892321,lumi_2016 = -0.000737814 +/- 0.995475,lumi_2017 = -0.00150893 +/- 0.987703,n_exp_binch1_j4toInf_b0_pT0_mt2_30_proc_bkg_mass = 1,pdf_syst = 0.0061748 +/- 0.994856,r = 1174 +/- 17.1591,scale_syst = -0.00369271 +/- 0.977395,shapeBkg_bkg_mass_ch1_j4toInf_b0_pT0_mt2_30__norm = -39.2028)

WARNING: underflow to -0.906836 in pdf_binch1_j4toInf_b0_pT0_mt2_30_obsOnly for bin 0, weight 1.51644
FASTEXIT from pdf_binch1_j4toInf_b0_pT0_mt2_30_obsOnly
[#0] WARNING:Minization -- RooMinimizerFcn: Minimized function has error status.
Returning maximum FCN so far (2.01346) to force MIGRAD to back out of this region. Error log follows
Parameter values: env_pdf_21_13TeV_bern1_p0=0.344873, env_pdf_21_13TeV_bern2_p0=0.156749, env_pdf_21_13TeV_bern2_p1=0.449736, env_pdf_21_13TeV_exp1_p1=-0.0265147, env_pdf_21_13TeV_lau1_l1=0.999998, env_pdf_21_13TeV_pow1_p1=-3.51664, shapeBkg_bkg_mass_ch1_j4toInf_b0_pT0_mt2_30__norm=-27.95
RooAbsReal::ch1_j4toInf_b0_pT0_mt2_30[ params=(BR_hgg,CMS_hgg_nuisance_deltafracright,MH,btagsf_heavy_syst_2016,btagsf_heavy_syst_2017,btagsf_light_syst_2016,btagsf_light_syst_2017,env_pdf_21_13TeV_bern1_p0,env_pdf_21_13TeV_bern2_p0,env_pdf_21_13TeV_bern2_p1,env_pdf_21_13TeV_exp1_p1,env_pdf_21_13TeV_lau1_l1,env_pdf_21_13TeV_pow1_p1,gammasf_syst,genMET_syst,isr_syst,jecVar_syst,lumi_2016,lumi_2017,n_exp_binch1_j4toInf_b0_pT0_mt2_30_proc_bkg_mass,pdf_syst,r,scale_syst,shapeBkg_bkg_mass_ch1_j4toInf_b0_pT0_mt2_30__norm) ]
     Number of events is negative or error @ params=(BR_hgg = -0.00197184 +/- 0.985869,CMS_hgg_nuisance_deltafracright = 0,MH = 125 +/- 0.00989044,btagsf_heavy_syst_2016 = 0.00124022 +/- 0.995984,btagsf_heavy_syst_2017 = -0.00182609 +/- 0.927275,btagsf_light_syst_2016 = 0.00252082 +/- 0.99275,btagsf_light_syst_2017 = -0.000590685 +/- 0.919448,env_pdf_21_13TeV_bern1_p0 = 0.344873 +/- 4.19733,env_pdf_21_13TeV_bern2_p0 = 0.156749 +/- 4.20529,env_pdf_21_13TeV_bern2_p1 = 0.449736 +/- 4.1903,env_pdf_21_13TeV_exp1_p1 = -0.0265147 +/- 0.21766,env_pdf_21_13TeV_lau1_l1 = 0.999998 +/- 0.229848,env_pdf_21_13TeV_pow1_p1 = -3.51664 +/- 0.449963,gammasf_syst = -0.00351114 +/- 0.964856,genMET_syst = -0.00199899 +/- 0.986581,isr_syst = 0.00205097 +/- 0.938312,jecVar_syst = 0.00112264 +/- 0.892321,lumi_2016 = -0.000737814 +/- 0.995475,lumi_2017 = -0.00150893 +/- 0.987703,n_exp_binch1_j4toInf_b0_pT0_mt2_30_proc_bkg_mass = 1,pdf_syst = 0.0061748 +/- 0.994856,r = 1174 +/- 17.1591,scale_syst = -0.00369271 +/- 0.977395,shapeBkg_bkg_mass_ch1_j4toInf_b0_pT0_mt2_30__norm = -27.95)

WARNING: underflow to -0.541702 in pdf_binch1_j4toInf_b0_pT0_mt2_30_obsOnly for bin 0, weight 1.51644
FASTEXIT from pdf_binch1_j4toInf_b0_pT0_mt2_30_obsOnly
[#0] WARNING:Minization -- RooMinimizerFcn: Minimized function has error status.
Returning maximum FCN so far (2.01346) to force MIGRAD to back out of this region. Error log follows
Parameter values: env_pdf_21_13TeV_bern1_p0=0.344873, env_pdf_21_13TeV_bern2_p0=0.156749, env_pdf_21_13TeV_bern2_p1=0.449736, env_pdf_21_13TeV_exp1_p1=-0.0265147, env_pdf_21_13TeV_lau1_l1=0.999998, env_pdf_21_13TeV_pow1_p1=-3.51664, shapeBkg_bkg_mass_ch1_j4toInf_b0_pT0_mt2_30__norm=-16.6971
RooAbsReal::ch1_j4toInf_b0_pT0_mt2_30[ params=(BR_hgg,CMS_hgg_nuisance_deltafracright,MH,btagsf_heavy_syst_2016,btagsf_heavy_syst_2017,btagsf_light_syst_2016,btagsf_light_syst_2017,env_pdf_21_13TeV_bern1_p0,env_pdf_21_13TeV_bern2_p0,env_pdf_21_13TeV_bern2_p1,env_pdf_21_13TeV_exp1_p1,env_pdf_21_13TeV_lau1_l1,env_pdf_21_13TeV_pow1_p1,gammasf_syst,genMET_syst,isr_syst,jecVar_syst,lumi_2016,lumi_2017,n_exp_binch1_j4toInf_b0_pT0_mt2_30_proc_bkg_mass,pdf_syst,r,scale_syst,shapeBkg_bkg_mass_ch1_j4toInf_b0_pT0_mt2_30__norm) ]
     Number of events is negative or error @ params=(BR_hgg = -0.00197184 +/- 0.985869,CMS_hgg_nuisance_deltafracright = 0,MH = 125 +/- 0.00989044,btagsf_heavy_syst_2016 = 0.00124022 +/- 0.995984,btagsf_heavy_syst_2017 = -0.00182609 +/- 0.927275,btagsf_light_syst_2016 = 0.00252082 +/- 0.99275,btagsf_light_syst_2017 = -0.000590685 +/- 0.919448,env_pdf_21_13TeV_bern1_p0 = 0.344873 +/- 4.19733,env_pdf_21_13TeV_bern2_p0 = 0.156749 +/- 4.20529,env_pdf_21_13TeV_bern2_p1 = 0.449736 +/- 4.1903,env_pdf_21_13TeV_exp1_p1 = -0.0265147 +/- 0.21766,env_pdf_21_13TeV_lau1_l1 = 0.999998 +/- 0.229848,env_pdf_21_13TeV_pow1_p1 = -3.51664 +/- 0.449963,gammasf_syst = -0.00351114 +/- 0.964856,genMET_syst = -0.00199899 +/- 0.986581,isr_syst = 0.00205097 +/- 0.938312,jecVar_syst = 0.00112264 +/- 0.892321,lumi_2016 = -0.000737814 +/- 0.995475,lumi_2017 = -0.00150893 +/- 0.987703,n_exp_binch1_j4toInf_b0_pT0_mt2_30_proc_bkg_mass = 1,pdf_syst = 0.0061748 +/- 0.994856,r = 1174 +/- 17.1591,scale_syst = -0.00369271 +/- 0.977395,shapeBkg_bkg_mass_ch1_j4toInf_b0_pT0_mt2_30__norm = -16.6971)

WARNING: underflow to -0.176567 in pdf_binch1_j4toInf_b0_pT0_mt2_30_obsOnly for bin 0, weight 1.51644
FASTEXIT from pdf_binch1_j4toInf_b0_pT0_mt2_30_obsOnly
[#0] WARNING:Minization -- RooMinimizerFcn: Minimized function has error status.
Returning maximum FCN so far (2.01346) to force MIGRAD to back out of this region. Error log follows
Parameter values: env_pdf_21_13TeV_bern1_p0=0.344873, env_pdf_21_13TeV_bern2_p0=0.156749, env_pdf_21_13TeV_bern2_p1=0.449736, env_pdf_21_13TeV_exp1_p1=-0.0265147, env_pdf_21_13TeV_lau1_l1=0.999998, env_pdf_21_13TeV_pow1_p1=-3.51664, shapeBkg_bkg_mass_ch1_j4toInf_b0_pT0_mt2_30__norm=-5.44419
RooAbsReal::ch1_j4toInf_b0_pT0_mt2_30[ params=(BR_hgg,CMS_hgg_nuisance_deltafracright,MH,btagsf_heavy_syst_2016,btagsf_heavy_syst_2017,btagsf_light_syst_2016,btagsf_light_syst_2017,env_pdf_21_13TeV_bern1_p0,env_pdf_21_13TeV_bern2_p0,env_pdf_21_13TeV_bern2_p1,env_pdf_21_13TeV_exp1_p1,env_pdf_21_13TeV_lau1_l1,env_pdf_21_13TeV_pow1_p1,gammasf_syst,genMET_syst,isr_syst,jecVar_syst,lumi_2016,lumi_2017,n_exp_binch1_j4toInf_b0_pT0_mt2_30_proc_bkg_mass,pdf_syst,r,scale_syst,shapeBkg_bkg_mass_ch1_j4toInf_b0_pT0_mt2_30__norm) ]
     Number of events is negative or error @ params=(BR_hgg = -0.00197184 +/- 0.985869,CMS_hgg_nuisance_deltafracright = 0,MH = 125 +/- 0.00989044,btagsf_heavy_syst_2016 = 0.00124022 +/- 0.995984,btagsf_heavy_syst_2017 = -0.00182609 +/- 0.927275,btagsf_light_syst_2016 = 0.00252082 +/- 0.99275,btagsf_light_syst_2017 = -0.000590685 +/- 0.919448,env_pdf_21_13TeV_bern1_p0 = 0.344873 +/- 4.19733,env_pdf_21_13TeV_bern2_p0 = 0.156749 +/- 4.20529,env_pdf_21_13TeV_bern2_p1 = 0.449736 +/- 4.1903,env_pdf_21_13TeV_exp1_p1 = -0.0265147 +/- 0.21766,env_pdf_21_13TeV_lau1_l1 = 0.999998 +/- 0.229848,env_pdf_21_13TeV_pow1_p1 = -3.51664 +/- 0.449963,gammasf_syst = -0.00351114 +/- 0.964856,genMET_syst = -0.00199899 +/- 0.986581,isr_syst = 0.00205097 +/- 0.938312,jecVar_syst = 0.00112264 +/- 0.892321,lumi_2016 = -0.000737814 +/- 0.995475,lumi_2017 = -0.00150893 +/- 0.987703,n_exp_binch1_j4toInf_b0_pT0_mt2_30_proc_bkg_mass = 1,pdf_syst = 0.0061748 +/- 0.994856,r = 1174 +/- 17.1591,scale_syst = -0.00369271 +/- 0.977395,shapeBkg_bkg_mass_ch1_j4toInf_b0_pT0_mt2_30__norm = -5.44419)

WARNING: underflow to -1.27305 in pdf_binch1_j4toInf_b0_pT0_mt2_30_obsOnly for bin 0, weight 1.51644
FASTEXIT from pdf_binch1_j4toInf_b0_pT0_mt2_30_obsOnly
[#0] WARNING:Minization -- RooMinimizerFcn: Minimized function has error status.
Returning maximum FCN so far (1.94892) to force MIGRAD to back out of this region. Error log follows
Parameter values: env_pdf_21_13TeV_bern1_p0=0.344873, env_pdf_21_13TeV_bern2_p0=0.156749, env_pdf_21_13TeV_bern2_p1=0.449736, env_pdf_21_13TeV_exp1_p1=-0.0265147, env_pdf_21_13TeV_lau1_l1=0.999998, env_pdf_21_13TeV_pow1_p1=-3.51659, shapeBkg_bkg_mass_ch1_j4toInf_b0_pT0_mt2_30__norm=-39.2365
RooAbsReal::ch1_j4toInf_b0_pT0_mt2_30[ params=(BR_hgg,CMS_hgg_nuisance_deltafracright,MH,btagsf_heavy_syst_2016,btagsf_heavy_syst_2017,btagsf_light_syst_2016,btagsf_light_syst_2017,env_pdf_21_13TeV_bern1_p0,env_pdf_21_13TeV_bern2_p0,env_pdf_21_13TeV_bern2_p1,env_pdf_21_13TeV_exp1_p1,env_pdf_21_13TeV_lau1_l1,env_pdf_21_13TeV_pow1_p1,gammasf_syst,genMET_syst,isr_syst,jecVar_syst,lumi_2016,lumi_2017,n_exp_binch1_j4toInf_b0_pT0_mt2_30_proc_bkg_mass,pdf_syst,r,scale_syst,shapeBkg_bkg_mass_ch1_j4toInf_b0_pT0_mt2_30__norm) ]
     Number of events is negative or error @ params=(BR_hgg = -0.00203337 +/- 0.986071,CMS_hgg_nuisance_deltafracright = 0,MH = 125 +/- 0.00988177,btagsf_heavy_syst_2016 = 0.00125995 +/- 0.995382,btagsf_heavy_syst_2017 = -0.00203807 +/- 0.825115,btagsf_light_syst_2016 = 0.00257968 +/- 0.986261,btagsf_light_syst_2017 = -0.000797027 +/- 0.848045,env_pdf_21_13TeV_bern1_p0 = 0.344873 +/- 4.19733,env_pdf_21_13TeV_bern2_p0 = 0.156749 +/- 4.20529,env_pdf_21_13TeV_bern2_p1 = 0.449736 +/- 4.1903,env_pdf_21_13TeV_exp1_p1 = -0.0265147 +/- 0.21766,env_pdf_21_13TeV_lau1_l1 = 0.999998 +/- 0.229848,env_pdf_21_13TeV_pow1_p1 = -3.51659 +/- 0.44257,gammasf_syst = -0.0036211 +/- 0.943951,genMET_syst = -0.00213744 +/- 0.979676,isr_syst = 0.0021928 +/- 0.889889,jecVar_syst = 0.00132776 +/- 0.818345,lumi_2016 = -0.000751741 +/- 0.996276,lumi_2017 = -0.0015644 +/- 0.970972,n_exp_binch1_j4toInf_b0_pT0_mt2_30_proc_bkg_mass = 1,pdf_syst = 0.0061956 +/- 0.993842,r = 1215 +/- 17.1591,scale_syst = -0.0037717 +/- 0.964537,shapeBkg_bkg_mass_ch1_j4toInf_b0_pT0_mt2_30__norm = -39.2365)

WARNING: underflow to -0.907917 in pdf_binch1_j4toInf_b0_pT0_mt2_30_obsOnly for bin 0, weight 1.51644
FASTEXIT from pdf_binch1_j4toInf_b0_pT0_mt2_30_obsOnly
[#0] WARNING:Minization -- RooMinimizerFcn: Minimized function has error status.
Returning maximum FCN so far (1.94892) to force MIGRAD to back out of this region. Error log follows
Parameter values: env_pdf_21_13TeV_bern1_p0=0.344873, env_pdf_21_13TeV_bern2_p0=0.156749, env_pdf_21_13TeV_bern2_p1=0.449736, env_pdf_21_13TeV_exp1_p1=-0.0265147, env_pdf_21_13TeV_lau1_l1=0.999998, env_pdf_21_13TeV_pow1_p1=-3.51659, shapeBkg_bkg_mass_ch1_j4toInf_b0_pT0_mt2_30__norm=-27.9836
RooAbsReal::ch1_j4toInf_b0_pT0_mt2_30[ params=(BR_hgg,CMS_hgg_nuisance_deltafracright,MH,btagsf_heavy_syst_2016,btagsf_heavy_syst_2017,btagsf_light_syst_2016,btagsf_light_syst_2017,env_pdf_21_13TeV_bern1_p0,env_pdf_21_13TeV_bern2_p0,env_pdf_21_13TeV_bern2_p1,env_pdf_21_13TeV_exp1_p1,env_pdf_21_13TeV_lau1_l1,env_pdf_21_13TeV_pow1_p1,gammasf_syst,genMET_syst,isr_syst,jecVar_syst,lumi_2016,lumi_2017,n_exp_binch1_j4toInf_b0_pT0_mt2_30_proc_bkg_mass,pdf_syst,r,scale_syst,shapeBkg_bkg_mass_ch1_j4toInf_b0_pT0_mt2_30__norm) ]
     Number of events is negative or error @ params=(BR_hgg = -0.00203337 +/- 0.986071,CMS_hgg_nuisance_deltafracright = 0,MH = 125 +/- 0.00988177,btagsf_heavy_syst_2016 = 0.00125995 +/- 0.995382,btagsf_heavy_syst_2017 = -0.00203807 +/- 0.825115,btagsf_light_syst_2016 = 0.00257968 +/- 0.986261,btagsf_light_syst_2017 = -0.000797027 +/- 0.848045,env_pdf_21_13TeV_bern1_p0 = 0.344873 +/- 4.19733,env_pdf_21_13TeV_bern2_p0 = 0.156749 +/- 4.20529,env_pdf_21_13TeV_bern2_p1 = 0.449736 +/- 4.1903,env_pdf_21_13TeV_exp1_p1 = -0.0265147 +/- 0.21766,env_pdf_21_13TeV_lau1_l1 = 0.999998 +/- 0.229848,env_pdf_21_13TeV_pow1_p1 = -3.51659 +/- 0.44257,gammasf_syst = -0.0036211 +/- 0.943951,genMET_syst = -0.00213744 +/- 0.979676,isr_syst = 0.0021928 +/- 0.889889,jecVar_syst = 0.00132776 +/- 0.818345,lumi_2016 = -0.000751741 +/- 0.996276,lumi_2017 = -0.0015644 +/- 0.970972,n_exp_binch1_j4toInf_b0_pT0_mt2_30_proc_bkg_mass = 1,pdf_syst = 0.0061956 +/- 0.993842,r = 1215 +/- 17.1591,scale_syst = -0.0037717 +/- 0.964537,shapeBkg_bkg_mass_ch1_j4toInf_b0_pT0_mt2_30__norm = -27.9836)

WARNING: underflow to -0.542787 in pdf_binch1_j4toInf_b0_pT0_mt2_30_obsOnly for bin 0, weight 1.51644
FASTEXIT from pdf_binch1_j4toInf_b0_pT0_mt2_30_obsOnly
[#0] WARNING:Minization -- RooMinimizerFcn: Minimized function has error status.
Returning maximum FCN so far (1.94892) to force MIGRAD to back out of this region. Error log follows
Parameter values: env_pdf_21_13TeV_bern1_p0=0.344873, env_pdf_21_13TeV_bern2_p0=0.156749, env_pdf_21_13TeV_bern2_p1=0.449736, env_pdf_21_13TeV_exp1_p1=-0.0265147, env_pdf_21_13TeV_lau1_l1=0.999998, env_pdf_21_13TeV_pow1_p1=-3.51659, shapeBkg_bkg_mass_ch1_j4toInf_b0_pT0_mt2_30__norm=-16.7308
RooAbsReal::ch1_j4toInf_b0_pT0_mt2_30[ params=(BR_hgg,CMS_hgg_nuisance_deltafracright,MH,btagsf_heavy_syst_2016,btagsf_heavy_syst_2017,btagsf_light_syst_2016,btagsf_light_syst_2017,env_pdf_21_13TeV_bern1_p0,env_pdf_21_13TeV_bern2_p0,env_pdf_21_13TeV_bern2_p1,env_pdf_21_13TeV_exp1_p1,env_pdf_21_13TeV_lau1_l1,env_pdf_21_13TeV_pow1_p1,gammasf_syst,genMET_syst,isr_syst,jecVar_syst,lumi_2016,lumi_2017,n_exp_binch1_j4toInf_b0_pT0_mt2_30_proc_bkg_mass,pdf_syst,r,scale_syst,shapeBkg_bkg_mass_ch1_j4toInf_b0_pT0_mt2_30__norm) ]
     Number of events is negative or error @ params=(BR_hgg = -0.00203337 +/- 0.986071,CMS_hgg_nuisance_deltafracright = 0,MH = 125 +/- 0.00988177,btagsf_heavy_syst_2016 = 0.00125995 +/- 0.995382,btagsf_heavy_syst_2017 = -0.00203807 +/- 0.825115,btagsf_light_syst_2016 = 0.00257968 +/- 0.986261,btagsf_light_syst_2017 = -0.000797027 +/- 0.848045,env_pdf_21_13TeV_bern1_p0 = 0.344873 +/- 4.19733,env_pdf_21_13TeV_bern2_p0 = 0.156749 +/- 4.20529,env_pdf_21_13TeV_bern2_p1 = 0.449736 +/- 4.1903,env_pdf_21_13TeV_exp1_p1 = -0.0265147 +/- 0.21766,env_pdf_21_13TeV_lau1_l1 = 0.999998 +/- 0.229848,env_pdf_21_13TeV_pow1_p1 = -3.51659 +/- 0.44257,gammasf_syst = -0.0036211 +/- 0.943951,genMET_syst = -0.00213744 +/- 0.979676,isr_syst = 0.0021928 +/- 0.889889,jecVar_syst = 0.00132776 +/- 0.818345,lumi_2016 = -0.000751741 +/- 0.996276,lumi_2017 = -0.0015644 +/- 0.970972,n_exp_binch1_j4toInf_b0_pT0_mt2_30_proc_bkg_mass = 1,pdf_syst = 0.0061956 +/- 0.993842,r = 1215 +/- 17.1591,scale_syst = -0.0037717 +/- 0.964537,shapeBkg_bkg_mass_ch1_j4toInf_b0_pT0_mt2_30__norm = -16.7308)

WARNING: underflow to -0.177658 in pdf_binch1_j4toInf_b0_pT0_mt2_30_obsOnly for bin 0, weight 1.51644
FASTEXIT from pdf_binch1_j4toInf_b0_pT0_mt2_30_obsOnly
[#0] WARNING:Minization -- RooMinimizerFcn: Minimized function has error status.
Returning maximum FCN so far (1.94892) to force MIGRAD to back out of this region. Error log follows
Parameter values: env_pdf_21_13TeV_bern1_p0=0.344873, env_pdf_21_13TeV_bern2_p0=0.156749, env_pdf_21_13TeV_bern2_p1=0.449736, env_pdf_21_13TeV_exp1_p1=-0.0265147, env_pdf_21_13TeV_lau1_l1=0.999998, env_pdf_21_13TeV_pow1_p1=-3.51659, shapeBkg_bkg_mass_ch1_j4toInf_b0_pT0_mt2_30__norm=-5.47791
RooAbsReal::ch1_j4toInf_b0_pT0_mt2_30[ params=(BR_hgg,CMS_hgg_nuisance_deltafracright,MH,btagsf_heavy_syst_2016,btagsf_heavy_syst_2017,btagsf_light_syst_2016,btagsf_light_syst_2017,env_pdf_21_13TeV_bern1_p0,env_pdf_21_13TeV_bern2_p0,env_pdf_21_13TeV_bern2_p1,env_pdf_21_13TeV_exp1_p1,env_pdf_21_13TeV_lau1_l1,env_pdf_21_13TeV_pow1_p1,gammasf_syst,genMET_syst,isr_syst,jecVar_syst,lumi_2016,lumi_2017,n_exp_binch1_j4toInf_b0_pT0_mt2_30_proc_bkg_mass,pdf_syst,r,scale_syst,shapeBkg_bkg_mass_ch1_j4toInf_b0_pT0_mt2_30__norm) ]
     Number of events is negative or error @ params=(BR_hgg = -0.00203337 +/- 0.986071,CMS_hgg_nuisance_deltafracright = 0,MH = 125 +/- 0.00988177,btagsf_heavy_syst_2016 = 0.00125995 +/- 0.995382,btagsf_heavy_syst_2017 = -0.00203807 +/- 0.825115,btagsf_light_syst_2016 = 0.00257968 +/- 0.986261,btagsf_light_syst_2017 = -0.000797027 +/- 0.848045,env_pdf_21_13TeV_bern1_p0 = 0.344873 +/- 4.19733,env_pdf_21_13TeV_bern2_p0 = 0.156749 +/- 4.20529,env_pdf_21_13TeV_bern2_p1 = 0.449736 +/- 4.1903,env_pdf_21_13TeV_exp1_p1 = -0.0265147 +/- 0.21766,env_pdf_21_13TeV_lau1_l1 = 0.999998 +/- 0.229848,env_pdf_21_13TeV_pow1_p1 = -3.51659 +/- 0.44257,gammasf_syst = -0.0036211 +/- 0.943951,genMET_syst = -0.00213744 +/- 0.979676,isr_syst = 0.0021928 +/- 0.889889,jecVar_syst = 0.00132776 +/- 0.818345,lumi_2016 = -0.000751741 +/- 0.996276,lumi_2017 = -0.0015644 +/- 0.970972,n_exp_binch1_j4toInf_b0_pT0_mt2_30_proc_bkg_mass = 1,pdf_syst = 0.0061956 +/- 0.993842,r = 1215 +/- 17.1591,scale_syst = -0.0037717 +/- 0.964537,shapeBkg_bkg_mass_ch1_j4toInf_b0_pT0_mt2_30__norm = -5.47791)

WARNING: underflow to -1.27594 in pdf_binch1_j4toInf_b0_pT0_mt2_30_obsOnly for bin 0, weight 1.51644
FASTEXIT from pdf_binch1_j4toInf_b0_pT0_mt2_30_obsOnly
[#0] WARNING:Minization -- RooMinimizerFcn: Minimized function has error status.
Returning maximum FCN so far (2.04764) to force MIGRAD to back out of this region. Error log follows
Parameter values: env_pdf_21_13TeV_bern1_p0=0.344873, env_pdf_21_13TeV_bern2_p0=0.156749, env_pdf_21_13TeV_bern2_p1=0.449736, env_pdf_21_13TeV_exp1_p1=-0.0265147, env_pdf_21_13TeV_lau1_l1=0.999998, env_pdf_21_13TeV_pow1_p1=-3.51645, shapeBkg_bkg_mass_ch1_j4toInf_b0_pT0_mt2_30__norm=-39.3272
RooAbsReal::ch1_j4toInf_b0_pT0_mt2_30[ params=(BR_hgg,CMS_hgg_nuisance_deltafracright,MH,btagsf_heavy_syst_2016,btagsf_heavy_syst_2017,btagsf_light_syst_2016,btagsf_light_syst_2017,env_pdf_21_13TeV_bern1_p0,env_pdf_21_13TeV_bern2_p0,env_pdf_21_13TeV_bern2_p1,env_pdf_21_13TeV_exp1_p1,env_pdf_21_13TeV_lau1_l1,env_pdf_21_13TeV_pow1_p1,gammasf_syst,genMET_syst,isr_syst,jecVar_syst,lumi_2016,lumi_2017,n_exp_binch1_j4toInf_b0_pT0_mt2_30_proc_bkg_mass,pdf_syst,r,scale_syst,shapeBkg_bkg_mass_ch1_j4toInf_b0_pT0_mt2_30__norm) ]
     Number of events is negative or error @ params=(BR_hgg = -0.00220884 +/- 0.992161,CMS_hgg_nuisance_deltafracright = 0,MH = 125 +/- 0.00989548,btagsf_heavy_syst_2016 = 0.0013159 +/- 0.996288,btagsf_heavy_syst_2017 = -0.00264647 +/- 0.979697,btagsf_light_syst_2016 = 0.0027473 +/- 0.995818,btagsf_light_syst_2017 = -0.00139028 +/- 0.983674,env_pdf_21_13TeV_bern1_p0 = 0.344873 +/- 4.19733,env_pdf_21_13TeV_bern2_p0 = 0.156749 +/- 4.20529,env_pdf_21_13TeV_bern2_p1 = 0.449736 +/- 4.1903,env_pdf_21_13TeV_exp1_p1 = -0.0265147 +/- 0.21766,env_pdf_21_13TeV_lau1_l1 = 0.999998 +/- 0.229848,env_pdf_21_13TeV_pow1_p1 = -3.51645 +/- 0.453308,gammasf_syst = -0.00393468 +/- 0.991222,genMET_syst = -0.00253421 +/- 0.99488,isr_syst = 0.00259909 +/- 0.987724,jecVar_syst = 0.00191558 +/- 0.975364,lumi_2016 = -0.000791323 +/- 0.996574,lumi_2017 = -0.00172272 +/- 0.995525,n_exp_binch1_j4toInf_b0_pT0_mt2_30_proc_bkg_mass = 1,pdf_syst = 0.00625159 +/- 0.996292,r = 1326 +/- 17.1591,scale_syst = -0.003996 +/- 0.993266,shapeBkg_bkg_mass_ch1_j4toInf_b0_pT0_mt2_30__norm = -39.3272)

WARNING: underflow to -0.910828 in pdf_binch1_j4toInf_b0_pT0_mt2_30_obsOnly for bin 0, weight 1.51644
FASTEXIT from pdf_binch1_j4toInf_b0_pT0_mt2_30_obsOnly
[#0] WARNING:Minization -- RooMinimizerFcn: Minimized function has error status.
Returning maximum FCN so far (2.04764) to force MIGRAD to back out of this region. Error log follows
Parameter values: env_pdf_21_13TeV_bern1_p0=0.344873, env_pdf_21_13TeV_bern2_p0=0.156749, env_pdf_21_13TeV_bern2_p1=0.449736, env_pdf_21_13TeV_exp1_p1=-0.0265147, env_pdf_21_13TeV_lau1_l1=0.999998, env_pdf_21_13TeV_pow1_p1=-3.51645, shapeBkg_bkg_mass_ch1_j4toInf_b0_pT0_mt2_30__norm=-28.0744
RooAbsReal::ch1_j4toInf_b0_pT0_mt2_30[ params=(BR_hgg,CMS_hgg_nuisance_deltafracright,MH,btagsf_heavy_syst_2016,btagsf_heavy_syst_2017,btagsf_light_syst_2016,btagsf_light_syst_2017,env_pdf_21_13TeV_bern1_p0,env_pdf_21_13TeV_bern2_p0,env_pdf_21_13TeV_bern2_p1,env_pdf_21_13TeV_exp1_p1,env_pdf_21_13TeV_lau1_l1,env_pdf_21_13TeV_pow1_p1,gammasf_syst,genMET_syst,isr_syst,jecVar_syst,lumi_2016,lumi_2017,n_exp_binch1_j4toInf_b0_pT0_mt2_30_proc_bkg_mass,pdf_syst,r,scale_syst,shapeBkg_bkg_mass_ch1_j4toInf_b0_pT0_mt2_30__norm) ]
     Number of events is negative or error @ params=(BR_hgg = -0.00220884 +/- 0.992161,CMS_hgg_nuisance_deltafracright = 0,MH = 125 +/- 0.00989548,btagsf_heavy_syst_2016 = 0.0013159 +/- 0.996288,btagsf_heavy_syst_2017 = -0.00264647 +/- 0.979697,btagsf_light_syst_2016 = 0.0027473 +/- 0.995818,btagsf_light_syst_2017 = -0.00139028 +/- 0.983674,env_pdf_21_13TeV_bern1_p0 = 0.344873 +/- 4.19733,env_pdf_21_13TeV_bern2_p0 = 0.156749 +/- 4.20529,env_pdf_21_13TeV_bern2_p1 = 0.449736 +/- 4.1903,env_pdf_21_13TeV_exp1_p1 = -0.0265147 +/- 0.21766,env_pdf_21_13TeV_lau1_l1 = 0.999998 +/- 0.229848,env_pdf_21_13TeV_pow1_p1 = -3.51645 +/- 0.453308,gammasf_syst = -0.00393468 +/- 0.991222,genMET_syst = -0.00253421 +/- 0.99488,isr_syst = 0.00259909 +/- 0.987724,jecVar_syst = 0.00191558 +/- 0.975364,lumi_2016 = -0.000791323 +/- 0.996574,lumi_2017 = -0.00172272 +/- 0.995525,n_exp_binch1_j4toInf_b0_pT0_mt2_30_proc_bkg_mass = 1,pdf_syst = 0.00625159 +/- 0.996292,r = 1326 +/- 17.1591,scale_syst = -0.003996 +/- 0.993266,shapeBkg_bkg_mass_ch1_j4toInf_b0_pT0_mt2_30__norm = -28.0744)

WARNING: underflow to -0.545712 in pdf_binch1_j4toInf_b0_pT0_mt2_30_obsOnly for bin 0, weight 1.51644
FASTEXIT from pdf_binch1_j4toInf_b0_pT0_mt2_30_obsOnly
[#0] WARNING:Minization -- RooMinimizerFcn: Minimized function has error status.
Returning maximum FCN so far (2.04764) to force MIGRAD to back out of this region. Error log follows
Parameter values: env_pdf_21_13TeV_bern1_p0=0.344873, env_pdf_21_13TeV_bern2_p0=0.156749, env_pdf_21_13TeV_bern2_p1=0.449736, env_pdf_21_13TeV_exp1_p1=-0.0265147, env_pdf_21_13TeV_lau1_l1=0.999998, env_pdf_21_13TeV_pow1_p1=-3.51645, shapeBkg_bkg_mass_ch1_j4toInf_b0_pT0_mt2_30__norm=-16.8216
RooAbsReal::ch1_j4toInf_b0_pT0_mt2_30[ params=(BR_hgg,CMS_hgg_nuisance_deltafracright,MH,btagsf_heavy_syst_2016,btagsf_heavy_syst_2017,btagsf_light_syst_2016,btagsf_light_syst_2017,env_pdf_21_13TeV_bern1_p0,env_pdf_21_13TeV_bern2_p0,env_pdf_21_13TeV_bern2_p1,env_pdf_21_13TeV_exp1_p1,env_pdf_21_13TeV_lau1_l1,env_pdf_21_13TeV_pow1_p1,gammasf_syst,genMET_syst,isr_syst,jecVar_syst,lumi_2016,lumi_2017,n_exp_binch1_j4toInf_b0_pT0_mt2_30_proc_bkg_mass,pdf_syst,r,scale_syst,shapeBkg_bkg_mass_ch1_j4toInf_b0_pT0_mt2_30__norm) ]
     Number of events is negative or error @ params=(BR_hgg = -0.00220884 +/- 0.992161,CMS_hgg_nuisance_deltafracright = 0,MH = 125 +/- 0.00989548,btagsf_heavy_syst_2016 = 0.0013159 +/- 0.996288,btagsf_heavy_syst_2017 = -0.00264647 +/- 0.979697,btagsf_light_syst_2016 = 0.0027473 +/- 0.995818,btagsf_light_syst_2017 = -0.00139028 +/- 0.983674,env_pdf_21_13TeV_bern1_p0 = 0.344873 +/- 4.19733,env_pdf_21_13TeV_bern2_p0 = 0.156749 +/- 4.20529,env_pdf_21_13TeV_bern2_p1 = 0.449736 +/- 4.1903,env_pdf_21_13TeV_exp1_p1 = -0.0265147 +/- 0.21766,env_pdf_21_13TeV_lau1_l1 = 0.999998 +/- 0.229848,env_pdf_21_13TeV_pow1_p1 = -3.51645 +/- 0.453308,gammasf_syst = -0.00393468 +/- 0.991222,genMET_syst = -0.00253421 +/- 0.99488,isr_syst = 0.00259909 +/- 0.987724,jecVar_syst = 0.00191558 +/- 0.975364,lumi_2016 = -0.000791323 +/- 0.996574,lumi_2017 = -0.00172272 +/- 0.995525,n_exp_binch1_j4toInf_b0_pT0_mt2_30_proc_bkg_mass = 1,pdf_syst = 0.00625159 +/- 0.996292,r = 1326 +/- 17.1591,scale_syst = -0.003996 +/- 0.993266,shapeBkg_bkg_mass_ch1_j4toInf_b0_pT0_mt2_30__norm = -16.8216)

WARNING: underflow to -0.180595 in pdf_binch1_j4toInf_b0_pT0_mt2_30_obsOnly for bin 0, weight 1.51644
FASTEXIT from pdf_binch1_j4toInf_b0_pT0_mt2_30_obsOnly
[#0] WARNING:Minization -- RooMinimizerFcn: Minimized function has error status.
Returning maximum FCN so far (2.04764) to force MIGRAD to back out of this region. Error log follows
Parameter values: env_pdf_21_13TeV_bern1_p0=0.344873, env_pdf_21_13TeV_bern2_p0=0.156749, env_pdf_21_13TeV_bern2_p1=0.449736, env_pdf_21_13TeV_exp1_p1=-0.0265147, env_pdf_21_13TeV_lau1_l1=0.999998, env_pdf_21_13TeV_pow1_p1=-3.51645, shapeBkg_bkg_mass_ch1_j4toInf_b0_pT0_mt2_30__norm=-5.56874
RooAbsReal::ch1_j4toInf_b0_pT0_mt2_30[ params=(BR_hgg,CMS_hgg_nuisance_deltafracright,MH,btagsf_heavy_syst_2016,btagsf_heavy_syst_2017,btagsf_light_syst_2016,btagsf_light_syst_2017,env_pdf_21_13TeV_bern1_p0,env_pdf_21_13TeV_bern2_p0,env_pdf_21_13TeV_bern2_p1,env_pdf_21_13TeV_exp1_p1,env_pdf_21_13TeV_lau1_l1,env_pdf_21_13TeV_pow1_p1,gammasf_syst,genMET_syst,isr_syst,jecVar_syst,lumi_2016,lumi_2017,n_exp_binch1_j4toInf_b0_pT0_mt2_30_proc_bkg_mass,pdf_syst,r,scale_syst,shapeBkg_bkg_mass_ch1_j4toInf_b0_pT0_mt2_30__norm) ]
     Number of events is negative or error @ params=(BR_hgg = -0.00220884 +/- 0.992161,CMS_hgg_nuisance_deltafracright = 0,MH = 125 +/- 0.00989548,btagsf_heavy_syst_2016 = 0.0013159 +/- 0.996288,btagsf_heavy_syst_2017 = -0.00264647 +/- 0.979697,btagsf_light_syst_2016 = 0.0027473 +/- 0.995818,btagsf_light_syst_2017 = -0.00139028 +/- 0.983674,env_pdf_21_13TeV_bern1_p0 = 0.344873 +/- 4.19733,env_pdf_21_13TeV_bern2_p0 = 0.156749 +/- 4.20529,env_pdf_21_13TeV_bern2_p1 = 0.449736 +/- 4.1903,env_pdf_21_13TeV_exp1_p1 = -0.0265147 +/- 0.21766,env_pdf_21_13TeV_lau1_l1 = 0.999998 +/- 0.229848,env_pdf_21_13TeV_pow1_p1 = -3.51645 +/- 0.453308,gammasf_syst = -0.00393468 +/- 0.991222,genMET_syst = -0.00253421 +/- 0.99488,isr_syst = 0.00259909 +/- 0.987724,jecVar_syst = 0.00191558 +/- 0.975364,lumi_2016 = -0.000791323 +/- 0.996574,lumi_2017 = -0.00172272 +/- 0.995525,n_exp_binch1_j4toInf_b0_pT0_mt2_30_proc_bkg_mass = 1,pdf_syst = 0.00625159 +/- 0.996292,r = 1326 +/- 17.1591,scale_syst = -0.003996 +/- 0.993266,shapeBkg_bkg_mass_ch1_j4toInf_b0_pT0_mt2_30__norm = -5.56874)

WARNING: underflow to -1.2843 in pdf_binch1_j4toInf_b0_pT0_mt2_30_obsOnly for bin 0, weight 1.51644
FASTEXIT from pdf_binch1_j4toInf_b0_pT0_mt2_30_obsOnly
[#0] WARNING:Minization -- RooMinimizerFcn: Minimized function has error status.
Returning maximum FCN so far (2.0599) to force MIGRAD to back out of this region. Error log follows
Parameter values: env_pdf_21_13TeV_bern1_p0=0.344873, env_pdf_21_13TeV_bern2_p0=0.156749, env_pdf_21_13TeV_bern2_p1=0.449736, env_pdf_21_13TeV_exp1_p1=-0.0265147, env_pdf_21_13TeV_lau1_l1=0.999998, env_pdf_21_13TeV_pow1_p1=-3.51603, shapeBkg_bkg_mass_ch1_j4toInf_b0_pT0_mt2_30__norm=-39.5889
RooAbsReal::ch1_j4toInf_b0_pT0_mt2_30[ params=(BR_hgg,CMS_hgg_nuisance_deltafracright,MH,btagsf_heavy_syst_2016,btagsf_heavy_syst_2017,btagsf_light_syst_2016,btagsf_light_syst_2017,env_pdf_21_13TeV_bern1_p0,env_pdf_21_13TeV_bern2_p0,env_pdf_21_13TeV_bern2_p1,env_pdf_21_13TeV_exp1_p1,env_pdf_21_13TeV_lau1_l1,env_pdf_21_13TeV_pow1_p1,gammasf_syst,genMET_syst,isr_syst,jecVar_syst,lumi_2016,lumi_2017,n_exp_binch1_j4toInf_b0_pT0_mt2_30_proc_bkg_mass,pdf_syst,r,scale_syst,shapeBkg_bkg_mass_ch1_j4toInf_b0_pT0_mt2_30__norm) ]
     Number of events is negative or error @ params=(BR_hgg = -0.00279565 +/- 0.992378,CMS_hgg_nuisance_deltafracright = 0,MH = 125 +/- 0.00989112,btagsf_heavy_syst_2016 = 0.00150059 +/- 0.995395,btagsf_heavy_syst_2017 = -0.00471135 +/- 0.961592,btagsf_light_syst_2016 = 0.00330632 +/- 0.995203,btagsf_light_syst_2017 = -0.00341159 +/- 0.965131,env_pdf_21_13TeV_bern1_p0 = 0.344873 +/- 4.19733,env_pdf_21_13TeV_bern2_p0 = 0.156749 +/- 4.20529,env_pdf_21_13TeV_bern2_p1 = 0.449736 +/- 4.1903,env_pdf_21_13TeV_exp1_p1 = -0.0265147 +/- 0.21766,env_pdf_21_13TeV_lau1_l1 = 0.999998 +/- 0.229848,env_pdf_21_13TeV_pow1_p1 = -3.51603 +/- 0.453454,gammasf_syst = -0.00498323 +/- 0.982567,genMET_syst = -0.00387647 +/- 0.991433,isr_syst = 0.00397179 +/- 0.971203,jecVar_syst = 0.0039018 +/- 0.951074,lumi_2016 = -0.000922641 +/- 0.99642,lumi_2017 = -0.00225322 +/- 0.993111,n_exp_binch1_j4toInf_b0_pT0_mt2_30_proc_bkg_mass = 1,pdf_syst = 0.00641283 +/- 0.995181,r = 1651 +/- 17.1591,scale_syst = -0.00473833 +/- 0.988974,shapeBkg_bkg_mass_ch1_j4toInf_b0_pT0_mt2_30__norm = -39.5889)

WARNING: underflow to -0.919225 in pdf_binch1_j4toInf_b0_pT0_mt2_30_obsOnly for bin 0, weight 1.51644
FASTEXIT from pdf_binch1_j4toInf_b0_pT0_mt2_30_obsOnly
[#0] WARNING:Minization -- RooMinimizerFcn: Minimized function has error status.
Returning maximum FCN so far (2.0599) to force MIGRAD to back out of this region. Error log follows
Parameter values: env_pdf_21_13TeV_bern1_p0=0.344873, env_pdf_21_13TeV_bern2_p0=0.156749, env_pdf_21_13TeV_bern2_p1=0.449736, env_pdf_21_13TeV_exp1_p1=-0.0265147, env_pdf_21_13TeV_lau1_l1=0.999998, env_pdf_21_13TeV_pow1_p1=-3.51603, shapeBkg_bkg_mass_ch1_j4toInf_b0_pT0_mt2_30__norm=-28.3362
RooAbsReal::ch1_j4toInf_b0_pT0_mt2_30[ params=(BR_hgg,CMS_hgg_nuisance_deltafracright,MH,btagsf_heavy_syst_2016,btagsf_heavy_syst_2017,btagsf_light_syst_2016,btagsf_light_syst_2017,env_pdf_21_13TeV_bern1_p0,env_pdf_21_13TeV_bern2_p0,env_pdf_21_13TeV_bern2_p1,env_pdf_21_13TeV_exp1_p1,env_pdf_21_13TeV_lau1_l1,env_pdf_21_13TeV_pow1_p1,gammasf_syst,genMET_syst,isr_syst,jecVar_syst,lumi_2016,lumi_2017,n_exp_binch1_j4toInf_b0_pT0_mt2_30_proc_bkg_mass,pdf_syst,r,scale_syst,shapeBkg_bkg_mass_ch1_j4toInf_b0_pT0_mt2_30__norm) ]
     Number of events is negative or error @ params=(BR_hgg = -0.00279565 +/- 0.992378,CMS_hgg_nuisance_deltafracright = 0,MH = 125 +/- 0.00989112,btagsf_heavy_syst_2016 = 0.00150059 +/- 0.995395,btagsf_heavy_syst_2017 = -0.00471135 +/- 0.961592,btagsf_light_syst_2016 = 0.00330632 +/- 0.995203,btagsf_light_syst_2017 = -0.00341159 +/- 0.965131,env_pdf_21_13TeV_bern1_p0 = 0.344873 +/- 4.19733,env_pdf_21_13TeV_bern2_p0 = 0.156749 +/- 4.20529,env_pdf_21_13TeV_bern2_p1 = 0.449736 +/- 4.1903,env_pdf_21_13TeV_exp1_p1 = -0.0265147 +/- 0.21766,env_pdf_21_13TeV_lau1_l1 = 0.999998 +/- 0.229848,env_pdf_21_13TeV_pow1_p1 = -3.51603 +/- 0.453454,gammasf_syst = -0.00498323 +/- 0.982567,genMET_syst = -0.00387647 +/- 0.991433,isr_syst = 0.00397179 +/- 0.971203,jecVar_syst = 0.0039018 +/- 0.951074,lumi_2016 = -0.000922641 +/- 0.99642,lumi_2017 = -0.00225322 +/- 0.993111,n_exp_binch1_j4toInf_b0_pT0_mt2_30_proc_bkg_mass = 1,pdf_syst = 0.00641283 +/- 0.995181,r = 1651 +/- 17.1591,scale_syst = -0.00473833 +/- 0.988974,shapeBkg_bkg_mass_ch1_j4toInf_b0_pT0_mt2_30__norm = -28.3362)

WARNING: underflow to -0.554147 in pdf_binch1_j4toInf_b0_pT0_mt2_30_obsOnly for bin 0, weight 1.51644
FASTEXIT from pdf_binch1_j4toInf_b0_pT0_mt2_30_obsOnly
[#0] WARNING:Minization -- RooMinimizerFcn: Minimized function has error status.
Returning maximum FCN so far (2.0599) to force MIGRAD to back out of this region. Error log follows
Parameter values: env_pdf_21_13TeV_bern1_p0=0.344873, env_pdf_21_13TeV_bern2_p0=0.156749, env_pdf_21_13TeV_bern2_p1=0.449736, env_pdf_21_13TeV_exp1_p1=-0.0265147, env_pdf_21_13TeV_lau1_l1=0.999998, env_pdf_21_13TeV_pow1_p1=-3.51603, shapeBkg_bkg_mass_ch1_j4toInf_b0_pT0_mt2_30__norm=-17.0835
RooAbsReal::ch1_j4toInf_b0_pT0_mt2_30[ params=(BR_hgg,CMS_hgg_nuisance_deltafracright,MH,btagsf_heavy_syst_2016,btagsf_heavy_syst_2017,btagsf_light_syst_2016,btagsf_light_syst_2017,env_pdf_21_13TeV_bern1_p0,env_pdf_21_13TeV_bern2_p0,env_pdf_21_13TeV_bern2_p1,env_pdf_21_13TeV_exp1_p1,env_pdf_21_13TeV_lau1_l1,env_pdf_21_13TeV_pow1_p1,gammasf_syst,genMET_syst,isr_syst,jecVar_syst,lumi_2016,lumi_2017,n_exp_binch1_j4toInf_b0_pT0_mt2_30_proc_bkg_mass,pdf_syst,r,scale_syst,shapeBkg_bkg_mass_ch1_j4toInf_b0_pT0_mt2_30__norm) ]
     Number of events is negative or error @ params=(BR_hgg = -0.00279565 +/- 0.992378,CMS_hgg_nuisance_deltafracright = 0,MH = 125 +/- 0.00989112,btagsf_heavy_syst_2016 = 0.00150059 +/- 0.995395,btagsf_heavy_syst_2017 = -0.00471135 +/- 0.961592,btagsf_light_syst_2016 = 0.00330632 +/- 0.995203,btagsf_light_syst_2017 = -0.00341159 +/- 0.965131,env_pdf_21_13TeV_bern1_p0 = 0.344873 +/- 4.19733,env_pdf_21_13TeV_bern2_p0 = 0.156749 +/- 4.20529,env_pdf_21_13TeV_bern2_p1 = 0.449736 +/- 4.1903,env_pdf_21_13TeV_exp1_p1 = -0.0265147 +/- 0.21766,env_pdf_21_13TeV_lau1_l1 = 0.999998 +/- 0.229848,env_pdf_21_13TeV_pow1_p1 = -3.51603 +/- 0.453454,gammasf_syst = -0.00498323 +/- 0.982567,genMET_syst = -0.00387647 +/- 0.991433,isr_syst = 0.00397179 +/- 0.971203,jecVar_syst = 0.0039018 +/- 0.951074,lumi_2016 = -0.000922641 +/- 0.99642,lumi_2017 = -0.00225322 +/- 0.993111,n_exp_binch1_j4toInf_b0_pT0_mt2_30_proc_bkg_mass = 1,pdf_syst = 0.00641283 +/- 0.995181,r = 1651 +/- 17.1591,scale_syst = -0.00473833 +/- 0.988974,shapeBkg_bkg_mass_ch1_j4toInf_b0_pT0_mt2_30__norm = -17.0835)

WARNING: underflow to -0.189068 in pdf_binch1_j4toInf_b0_pT0_mt2_30_obsOnly for bin 0, weight 1.51644
FASTEXIT from pdf_binch1_j4toInf_b0_pT0_mt2_30_obsOnly
[#0] WARNING:Minization -- RooMinimizerFcn: Minimized function has error status.
Returning maximum FCN so far (2.0599) to force MIGRAD to back out of this region. Error log follows
Parameter values: env_pdf_21_13TeV_bern1_p0=0.344873, env_pdf_21_13TeV_bern2_p0=0.156749, env_pdf_21_13TeV_bern2_p1=0.449736, env_pdf_21_13TeV_exp1_p1=-0.0265147, env_pdf_21_13TeV_lau1_l1=0.999998, env_pdf_21_13TeV_pow1_p1=-3.51603, shapeBkg_bkg_mass_ch1_j4toInf_b0_pT0_mt2_30__norm=-5.83077
RooAbsReal::ch1_j4toInf_b0_pT0_mt2_30[ params=(BR_hgg,CMS_hgg_nuisance_deltafracright,MH,btagsf_heavy_syst_2016,btagsf_heavy_syst_2017,btagsf_light_syst_2016,btagsf_light_syst_2017,env_pdf_21_13TeV_bern1_p0,env_pdf_21_13TeV_bern2_p0,env_pdf_21_13TeV_bern2_p1,env_pdf_21_13TeV_exp1_p1,env_pdf_21_13TeV_lau1_l1,env_pdf_21_13TeV_pow1_p1,gammasf_syst,genMET_syst,isr_syst,jecVar_syst,lumi_2016,lumi_2017,n_exp_binch1_j4toInf_b0_pT0_mt2_30_proc_bkg_mass,pdf_syst,r,scale_syst,shapeBkg_bkg_mass_ch1_j4toInf_b0_pT0_mt2_30__norm) ]
     Number of events is negative or error @ params=(BR_hgg = -0.00279565 +/- 0.992378,CMS_hgg_nuisance_deltafracright = 0,MH = 125 +/- 0.00989112,btagsf_heavy_syst_2016 = 0.00150059 +/- 0.995395,btagsf_heavy_syst_2017 = -0.00471135 +/- 0.961592,btagsf_light_syst_2016 = 0.00330632 +/- 0.995203,btagsf_light_syst_2017 = -0.00341159 +/- 0.965131,env_pdf_21_13TeV_bern1_p0 = 0.344873 +/- 4.19733,env_pdf_21_13TeV_bern2_p0 = 0.156749 +/- 4.20529,env_pdf_21_13TeV_bern2_p1 = 0.449736 +/- 4.1903,env_pdf_21_13TeV_exp1_p1 = -0.0265147 +/- 0.21766,env_pdf_21_13TeV_lau1_l1 = 0.999998 +/- 0.229848,env_pdf_21_13TeV_pow1_p1 = -3.51603 +/- 0.453454,gammasf_syst = -0.00498323 +/- 0.982567,genMET_syst = -0.00387647 +/- 0.991433,isr_syst = 0.00397179 +/- 0.971203,jecVar_syst = 0.0039018 +/- 0.951074,lumi_2016 = -0.000922641 +/- 0.99642,lumi_2017 = -0.00225322 +/- 0.993111,n_exp_binch1_j4toInf_b0_pT0_mt2_30_proc_bkg_mass = 1,pdf_syst = 0.00641283 +/- 0.995181,r = 1651 +/- 17.1591,scale_syst = -0.00473833 +/- 0.988974,shapeBkg_bkg_mass_ch1_j4toInf_b0_pT0_mt2_30__norm = -5.83077)

WARNING: underflow to -1.28573 in pdf_binch1_j4toInf_b0_pT0_mt2_30_obsOnly for bin 0, weight 1.51644
FASTEXIT from pdf_binch1_j4toInf_b0_pT0_mt2_30_obsOnly
[#0] WARNING:Minization -- RooMinimizerFcn: Minimized function has error status.
Returning maximum FCN so far (2.04679) to force MIGRAD to back out of this region. Error log follows
Parameter values: env_pdf_21_13TeV_bern1_p0=0.344873, env_pdf_21_13TeV_bern2_p0=0.156749, env_pdf_21_13TeV_bern2_p1=0.449736, env_pdf_21_13TeV_exp1_p1=-0.0265147, env_pdf_21_13TeV_lau1_l1=0.999998, env_pdf_21_13TeV_pow1_p1=-3.51596, shapeBkg_bkg_mass_ch1_j4toInf_b0_pT0_mt2_30__norm=-39.6334
RooAbsReal::ch1_j4toInf_b0_pT0_mt2_30[ params=(BR_hgg,CMS_hgg_nuisance_deltafracright,MH,btagsf_heavy_syst_2016,btagsf_heavy_syst_2017,btagsf_light_syst_2016,btagsf_light_syst_2017,env_pdf_21_13TeV_bern1_p0,env_pdf_21_13TeV_bern2_p0,env_pdf_21_13TeV_bern2_p1,env_pdf_21_13TeV_exp1_p1,env_pdf_21_13TeV_lau1_l1,env_pdf_21_13TeV_pow1_p1,gammasf_syst,genMET_syst,isr_syst,jecVar_syst,lumi_2016,lumi_2017,n_exp_binch1_j4toInf_b0_pT0_mt2_30_proc_bkg_mass,pdf_syst,r,scale_syst,shapeBkg_bkg_mass_ch1_j4toInf_b0_pT0_mt2_30__norm) ]
     Number of events is negative or error @ params=(BR_hgg = -0.00290751 +/- 0.985243,CMS_hgg_nuisance_deltafracright = 0,MH = 125 +/- 0.009896,btagsf_heavy_syst_2016 = 0.00153549 +/- 0.995726,btagsf_heavy_syst_2017 = -0.00510885 +/- 0.925092,btagsf_light_syst_2016 = 0.0034127 +/- 0.993868,btagsf_light_syst_2017 = -0.0038017 +/- 0.93083,env_pdf_21_13TeV_bern1_p0 = 0.344873 +/- 4.19733,env_pdf_21_13TeV_bern2_p0 = 0.156749 +/- 4.20529,env_pdf_21_13TeV_bern2_p1 = 0.449736 +/- 4.1903,env_pdf_21_13TeV_exp1_p1 = -0.0265147 +/- 0.21766,env_pdf_21_13TeV_lau1_l1 = 0.999998 +/- 0.229848,env_pdf_21_13TeV_pow1_p1 = -3.51596 +/- 0.451751,gammasf_syst = -0.00518309 +/- 0.965099,genMET_syst = -0.00413435 +/- 0.98627,isr_syst = 0.00423521 +/- 0.943828,jecVar_syst = 0.00428272 +/- 0.876304,lumi_2016 = -0.000947542 +/- 0.99641,lumi_2017 = -0.00235447 +/- 0.988023,n_exp_binch1_j4toInf_b0_pT0_mt2_30_proc_bkg_mass = 1,pdf_syst = 0.00644021 +/- 0.995991,r = 1707 +/- 17.1591,scale_syst = -0.00487882 +/- 0.977063,shapeBkg_bkg_mass_ch1_j4toInf_b0_pT0_mt2_30__norm = -39.6334)

WARNING: underflow to -0.920653 in pdf_binch1_j4toInf_b0_pT0_mt2_30_obsOnly for bin 0, weight 1.51644
FASTEXIT from pdf_binch1_j4toInf_b0_pT0_mt2_30_obsOnly
[#0] WARNING:Minization -- RooMinimizerFcn: Minimized function has error status.
Returning maximum FCN so far (2.04679) to force MIGRAD to back out of this region. Error log follows
Parameter values: env_pdf_21_13TeV_bern1_p0=0.344873, env_pdf_21_13TeV_bern2_p0=0.156749, env_pdf_21_13TeV_bern2_p1=0.449736, env_pdf_21_13TeV_exp1_p1=-0.0265147, env_pdf_21_13TeV_lau1_l1=0.999998, env_pdf_21_13TeV_pow1_p1=-3.51596, shapeBkg_bkg_mass_ch1_j4toInf_b0_pT0_mt2_30__norm=-28.3807
RooAbsReal::ch1_j4toInf_b0_pT0_mt2_30[ params=(BR_hgg,CMS_hgg_nuisance_deltafracright,MH,btagsf_heavy_syst_2016,btagsf_heavy_syst_2017,btagsf_light_syst_2016,btagsf_light_syst_2017,env_pdf_21_13TeV_bern1_p0,env_pdf_21_13TeV_bern2_p0,env_pdf_21_13TeV_bern2_p1,env_pdf_21_13TeV_exp1_p1,env_pdf_21_13TeV_lau1_l1,env_pdf_21_13TeV_pow1_p1,gammasf_syst,genMET_syst,isr_syst,jecVar_syst,lumi_2016,lumi_2017,n_exp_binch1_j4toInf_b0_pT0_mt2_30_proc_bkg_mass,pdf_syst,r,scale_syst,shapeBkg_bkg_mass_ch1_j4toInf_b0_pT0_mt2_30__norm) ]
     Number of events is negative or error @ params=(BR_hgg = -0.00290751 +/- 0.985243,CMS_hgg_nuisance_deltafracright = 0,MH = 125 +/- 0.009896,btagsf_heavy_syst_2016 = 0.00153549 +/- 0.995726,btagsf_heavy_syst_2017 = -0.00510885 +/- 0.925092,btagsf_light_syst_2016 = 0.0034127 +/- 0.993868,btagsf_light_syst_2017 = -0.0038017 +/- 0.93083,env_pdf_21_13TeV_bern1_p0 = 0.344873 +/- 4.19733,env_pdf_21_13TeV_bern2_p0 = 0.156749 +/- 4.20529,env_pdf_21_13TeV_bern2_p1 = 0.449736 +/- 4.1903,env_pdf_21_13TeV_exp1_p1 = -0.0265147 +/- 0.21766,env_pdf_21_13TeV_lau1_l1 = 0.999998 +/- 0.229848,env_pdf_21_13TeV_pow1_p1 = -3.51596 +/- 0.451751,gammasf_syst = -0.00518309 +/- 0.965099,genMET_syst = -0.00413435 +/- 0.98627,isr_syst = 0.00423521 +/- 0.943828,jecVar_syst = 0.00428272 +/- 0.876304,lumi_2016 = -0.000947542 +/- 0.99641,lumi_2017 = -0.00235447 +/- 0.988023,n_exp_binch1_j4toInf_b0_pT0_mt2_30_proc_bkg_mass = 1,pdf_syst = 0.00644021 +/- 0.995991,r = 1707 +/- 17.1591,scale_syst = -0.00487882 +/- 0.977063,shapeBkg_bkg_mass_ch1_j4toInf_b0_pT0_mt2_30__norm = -28.3807)

WARNING: underflow to -0.555581 in pdf_binch1_j4toInf_b0_pT0_mt2_30_obsOnly for bin 0, weight 1.51644
FASTEXIT from pdf_binch1_j4toInf_b0_pT0_mt2_30_obsOnly
[#0] WARNING:Minization -- RooMinimizerFcn: Minimized function has error status.
Returning maximum FCN so far (2.04679) to force MIGRAD to back out of this region. Error log follows
Parameter values: env_pdf_21_13TeV_bern1_p0=0.344873, env_pdf_21_13TeV_bern2_p0=0.156749, env_pdf_21_13TeV_bern2_p1=0.449736, env_pdf_21_13TeV_exp1_p1=-0.0265147, env_pdf_21_13TeV_lau1_l1=0.999998, env_pdf_21_13TeV_pow1_p1=-3.51596, shapeBkg_bkg_mass_ch1_j4toInf_b0_pT0_mt2_30__norm=-17.128
RooAbsReal::ch1_j4toInf_b0_pT0_mt2_30[ params=(BR_hgg,CMS_hgg_nuisance_deltafracright,MH,btagsf_heavy_syst_2016,btagsf_heavy_syst_2017,btagsf_light_syst_2016,btagsf_light_syst_2017,env_pdf_21_13TeV_bern1_p0,env_pdf_21_13TeV_bern2_p0,env_pdf_21_13TeV_bern2_p1,env_pdf_21_13TeV_exp1_p1,env_pdf_21_13TeV_lau1_l1,env_pdf_21_13TeV_pow1_p1,gammasf_syst,genMET_syst,isr_syst,jecVar_syst,lumi_2016,lumi_2017,n_exp_binch1_j4toInf_b0_pT0_mt2_30_proc_bkg_mass,pdf_syst,r,scale_syst,shapeBkg_bkg_mass_ch1_j4toInf_b0_pT0_mt2_30__norm) ]
     Number of events is negative or error @ params=(BR_hgg = -0.00290751 +/- 0.985243,CMS_hgg_nuisance_deltafracright = 0,MH = 125 +/- 0.009896,btagsf_heavy_syst_2016 = 0.00153549 +/- 0.995726,btagsf_heavy_syst_2017 = -0.00510885 +/- 0.925092,btagsf_light_syst_2016 = 0.0034127 +/- 0.993868,btagsf_light_syst_2017 = -0.0038017 +/- 0.93083,env_pdf_21_13TeV_bern1_p0 = 0.344873 +/- 4.19733,env_pdf_21_13TeV_bern2_p0 = 0.156749 +/- 4.20529,env_pdf_21_13TeV_bern2_p1 = 0.449736 +/- 4.1903,env_pdf_21_13TeV_exp1_p1 = -0.0265147 +/- 0.21766,env_pdf_21_13TeV_lau1_l1 = 0.999998 +/- 0.229848,env_pdf_21_13TeV_pow1_p1 = -3.51596 +/- 0.451751,gammasf_syst = -0.00518309 +/- 0.965099,genMET_syst = -0.00413435 +/- 0.98627,isr_syst = 0.00423521 +/- 0.943828,jecVar_syst = 0.00428272 +/- 0.876304,lumi_2016 = -0.000947542 +/- 0.99641,lumi_2017 = -0.00235447 +/- 0.988023,n_exp_binch1_j4toInf_b0_pT0_mt2_30_proc_bkg_mass = 1,pdf_syst = 0.00644021 +/- 0.995991,r = 1707 +/- 17.1591,scale_syst = -0.00487882 +/- 0.977063,shapeBkg_bkg_mass_ch1_j4toInf_b0_pT0_mt2_30__norm = -17.128)

WARNING: underflow to -0.190509 in pdf_binch1_j4toInf_b0_pT0_mt2_30_obsOnly for bin 0, weight 1.51644
FASTEXIT from pdf_binch1_j4toInf_b0_pT0_mt2_30_obsOnly
[#0] WARNING:Minization -- RooMinimizerFcn: Minimized function has error status.
Returning maximum FCN so far (2.04679) to force MIGRAD to back out of this region. Error log follows
Parameter values: env_pdf_21_13TeV_bern1_p0=0.344873, env_pdf_21_13TeV_bern2_p0=0.156749, env_pdf_21_13TeV_bern2_p1=0.449736, env_pdf_21_13TeV_exp1_p1=-0.0265147, env_pdf_21_13TeV_lau1_l1=0.999998, env_pdf_21_13TeV_pow1_p1=-3.51596, shapeBkg_bkg_mass_ch1_j4toInf_b0_pT0_mt2_30__norm=-5.87534
RooAbsReal::ch1_j4toInf_b0_pT0_mt2_30[ params=(BR_hgg,CMS_hgg_nuisance_deltafracright,MH,btagsf_heavy_syst_2016,btagsf_heavy_syst_2017,btagsf_light_syst_2016,btagsf_light_syst_2017,env_pdf_21_13TeV_bern1_p0,env_pdf_21_13TeV_bern2_p0,env_pdf_21_13TeV_bern2_p1,env_pdf_21_13TeV_exp1_p1,env_pdf_21_13TeV_lau1_l1,env_pdf_21_13TeV_pow1_p1,gammasf_syst,genMET_syst,isr_syst,jecVar_syst,lumi_2016,lumi_2017,n_exp_binch1_j4toInf_b0_pT0_mt2_30_proc_bkg_mass,pdf_syst,r,scale_syst,shapeBkg_bkg_mass_ch1_j4toInf_b0_pT0_mt2_30__norm) ]
     Number of events is negative or error @ params=(BR_hgg = -0.00290751 +/- 0.985243,CMS_hgg_nuisance_deltafracright = 0,MH = 125 +/- 0.009896,btagsf_heavy_syst_2016 = 0.00153549 +/- 0.995726,btagsf_heavy_syst_2017 = -0.00510885 +/- 0.925092,btagsf_light_syst_2016 = 0.0034127 +/- 0.993868,btagsf_light_syst_2017 = -0.0038017 +/- 0.93083,env_pdf_21_13TeV_bern1_p0 = 0.344873 +/- 4.19733,env_pdf_21_13TeV_bern2_p0 = 0.156749 +/- 4.20529,env_pdf_21_13TeV_bern2_p1 = 0.449736 +/- 4.1903,env_pdf_21_13TeV_exp1_p1 = -0.0265147 +/- 0.21766,env_pdf_21_13TeV_lau1_l1 = 0.999998 +/- 0.229848,env_pdf_21_13TeV_pow1_p1 = -3.51596 +/- 0.451751,gammasf_syst = -0.00518309 +/- 0.965099,genMET_syst = -0.00413435 +/- 0.98627,isr_syst = 0.00423521 +/- 0.943828,jecVar_syst = 0.00428272 +/- 0.876304,lumi_2016 = -0.000947542 +/- 0.99641,lumi_2017 = -0.00235447 +/- 0.988023,n_exp_binch1_j4toInf_b0_pT0_mt2_30_proc_bkg_mass = 1,pdf_syst = 0.00644021 +/- 0.995991,r = 1707 +/- 17.1591,scale_syst = -0.00487882 +/- 0.977063,shapeBkg_bkg_mass_ch1_j4toInf_b0_pT0_mt2_30__norm = -5.87534)

WARNING: underflow to -1.28613 in pdf_binch1_j4toInf_b0_pT0_mt2_30_obsOnly for bin 0, weight 1.51644
FASTEXIT from pdf_binch1_j4toInf_b0_pT0_mt2_30_obsOnly
[#0] WARNING:Minization -- RooMinimizerFcn: Minimized function has error status.
Returning maximum FCN so far (2.01932) to force MIGRAD to back out of this region. Error log follows
Parameter values: env_pdf_21_13TeV_bern1_p0=0.344873, env_pdf_21_13TeV_bern2_p0=0.156749, env_pdf_21_13TeV_bern2_p1=0.449736, env_pdf_21_13TeV_exp1_p1=-0.0265147, env_pdf_21_13TeV_lau1_l1=0.999998, env_pdf_21_13TeV_pow1_p1=-3.51593, shapeBkg_bkg_mass_ch1_j4toInf_b0_pT0_mt2_30__norm=-39.6461
RooAbsReal::ch1_j4toInf_b0_pT0_mt2_30[ params=(BR_hgg,CMS_hgg_nuisance_deltafracright,MH,btagsf_heavy_syst_2016,btagsf_heavy_syst_2017,btagsf_light_syst_2016,btagsf_light_syst_2017,env_pdf_21_13TeV_bern1_p0,env_pdf_21_13TeV_bern2_p0,env_pdf_21_13TeV_bern2_p1,env_pdf_21_13TeV_exp1_p1,env_pdf_21_13TeV_lau1_l1,env_pdf_21_13TeV_pow1_p1,gammasf_syst,genMET_syst,isr_syst,jecVar_syst,lumi_2016,lumi_2017,n_exp_binch1_j4toInf_b0_pT0_mt2_30_proc_bkg_mass,pdf_syst,r,scale_syst,shapeBkg_bkg_mass_ch1_j4toInf_b0_pT0_mt2_30__norm) ]
     Number of events is negative or error @ params=(BR_hgg = -0.00294004 +/- 0.979258,CMS_hgg_nuisance_deltafracright = 0,MH = 125 +/- 0.0098945,btagsf_heavy_syst_2016 = 0.00154562 +/- 0.994891,btagsf_heavy_syst_2017 = -0.00522463 +/- 0.829124,btagsf_light_syst_2016 = 0.00344362 +/- 0.990578,btagsf_light_syst_2017 = -0.00391538 +/- 0.850438,env_pdf_21_13TeV_bern1_p0 = 0.344873 +/- 4.19733,env_pdf_21_13TeV_bern2_p0 = 0.156749 +/- 4.20529,env_pdf_21_13TeV_bern2_p1 = 0.449736 +/- 4.1903,env_pdf_21_13TeV_exp1_p1 = -0.0265147 +/- 0.21766,env_pdf_21_13TeV_lau1_l1 = 0.999998 +/- 0.229848,env_pdf_21_13TeV_pow1_p1 = -3.51593 +/- 0.448605,gammasf_syst = -0.00524121 +/- 0.939361,genMET_syst = -0.00420945 +/- 0.983517,isr_syst = 0.0043119 +/- 0.885477,jecVar_syst = 0.00439359 +/- 0.793018,lumi_2016 = -0.000954777 +/- 0.99635,lumi_2017 = -0.00238392 +/- 0.981776,n_exp_binch1_j4toInf_b0_pT0_mt2_30_proc_bkg_mass = 1,pdf_syst = 0.00644801 +/- 0.995891,r = 1723 +/- 17.1591,scale_syst = -0.00491963 +/- 0.965624,shapeBkg_bkg_mass_ch1_j4toInf_b0_pT0_mt2_30__norm = -39.6461)

WARNING: underflow to -0.92106 in pdf_binch1_j4toInf_b0_pT0_mt2_30_obsOnly for bin 0, weight 1.51644
FASTEXIT from pdf_binch1_j4toInf_b0_pT0_mt2_30_obsOnly
[#0] WARNING:Minization -- RooMinimizerFcn: Minimized function has error status.
Returning maximum FCN so far (2.01932) to force MIGRAD to back out of this region. Error log follows
Parameter values: env_pdf_21_13TeV_bern1_p0=0.344873, env_pdf_21_13TeV_bern2_p0=0.156749, env_pdf_21_13TeV_bern2_p1=0.449736, env_pdf_21_13TeV_exp1_p1=-0.0265147, env_pdf_21_13TeV_lau1_l1=0.999998, env_pdf_21_13TeV_pow1_p1=-3.51593, shapeBkg_bkg_mass_ch1_j4toInf_b0_pT0_mt2_30__norm=-28.3934
RooAbsReal::ch1_j4toInf_b0_pT0_mt2_30[ params=(BR_hgg,CMS_hgg_nuisance_deltafracright,MH,btagsf_heavy_syst_2016,btagsf_heavy_syst_2017,btagsf_light_syst_2016,btagsf_light_syst_2017,env_pdf_21_13TeV_bern1_p0,env_pdf_21_13TeV_bern2_p0,env_pdf_21_13TeV_bern2_p1,env_pdf_21_13TeV_exp1_p1,env_pdf_21_13TeV_lau1_l1,env_pdf_21_13TeV_pow1_p1,gammasf_syst,genMET_syst,isr_syst,jecVar_syst,lumi_2016,lumi_2017,n_exp_binch1_j4toInf_b0_pT0_mt2_30_proc_bkg_mass,pdf_syst,r,scale_syst,shapeBkg_bkg_mass_ch1_j4toInf_b0_pT0_mt2_30__norm) ]
     Number of events is negative or error @ params=(BR_hgg = -0.00294004 +/- 0.979258,CMS_hgg_nuisance_deltafracright = 0,MH = 125 +/- 0.0098945,btagsf_heavy_syst_2016 = 0.00154562 +/- 0.994891,btagsf_heavy_syst_2017 = -0.00522463 +/- 0.829124,btagsf_light_syst_2016 = 0.00344362 +/- 0.990578,btagsf_light_syst_2017 = -0.00391538 +/- 0.850438,env_pdf_21_13TeV_bern1_p0 = 0.344873 +/- 4.19733,env_pdf_21_13TeV_bern2_p0 = 0.156749 +/- 4.20529,env_pdf_21_13TeV_bern2_p1 = 0.449736 +/- 4.1903,env_pdf_21_13TeV_exp1_p1 = -0.0265147 +/- 0.21766,env_pdf_21_13TeV_lau1_l1 = 0.999998 +/- 0.229848,env_pdf_21_13TeV_pow1_p1 = -3.51593 +/- 0.448605,gammasf_syst = -0.00524121 +/- 0.939361,genMET_syst = -0.00420945 +/- 0.983517,isr_syst = 0.0043119 +/- 0.885477,jecVar_syst = 0.00439359 +/- 0.793018,lumi_2016 = -0.000954777 +/- 0.99635,lumi_2017 = -0.00238392 +/- 0.981776,n_exp_binch1_j4toInf_b0_pT0_mt2_30_proc_bkg_mass = 1,pdf_syst = 0.00644801 +/- 0.995891,r = 1723 +/- 17.1591,scale_syst = -0.00491963 +/- 0.965624,shapeBkg_bkg_mass_ch1_j4toInf_b0_pT0_mt2_30__norm = -28.3934)

WARNING: underflow to -0.55599 in pdf_binch1_j4toInf_b0_pT0_mt2_30_obsOnly for bin 0, weight 1.51644
FASTEXIT from pdf_binch1_j4toInf_b0_pT0_mt2_30_obsOnly
[#0] WARNING:Minization -- RooMinimizerFcn: Minimized function has error status.
Returning maximum FCN so far (2.01932) to force MIGRAD to back out of this region. Error log follows
Parameter values: env_pdf_21_13TeV_bern1_p0=0.344873, env_pdf_21_13TeV_bern2_p0=0.156749, env_pdf_21_13TeV_bern2_p1=0.449736, env_pdf_21_13TeV_exp1_p1=-0.0265147, env_pdf_21_13TeV_lau1_l1=0.999998, env_pdf_21_13TeV_pow1_p1=-3.51593, shapeBkg_bkg_mass_ch1_j4toInf_b0_pT0_mt2_30__norm=-17.1407
RooAbsReal::ch1_j4toInf_b0_pT0_mt2_30[ params=(BR_hgg,CMS_hgg_nuisance_deltafracright,MH,btagsf_heavy_syst_2016,btagsf_heavy_syst_2017,btagsf_light_syst_2016,btagsf_light_syst_2017,env_pdf_21_13TeV_bern1_p0,env_pdf_21_13TeV_bern2_p0,env_pdf_21_13TeV_bern2_p1,env_pdf_21_13TeV_exp1_p1,env_pdf_21_13TeV_lau1_l1,env_pdf_21_13TeV_pow1_p1,gammasf_syst,genMET_syst,isr_syst,jecVar_syst,lumi_2016,lumi_2017,n_exp_binch1_j4toInf_b0_pT0_mt2_30_proc_bkg_mass,pdf_syst,r,scale_syst,shapeBkg_bkg_mass_ch1_j4toInf_b0_pT0_mt2_30__norm) ]
     Number of events is negative or error @ params=(BR_hgg = -0.00294004 +/- 0.979258,CMS_hgg_nuisance_deltafracright = 0,MH = 125 +/- 0.0098945,btagsf_heavy_syst_2016 = 0.00154562 +/- 0.994891,btagsf_heavy_syst_2017 = -0.00522463 +/- 0.829124,btagsf_light_syst_2016 = 0.00344362 +/- 0.990578,btagsf_light_syst_2017 = -0.00391538 +/- 0.850438,env_pdf_21_13TeV_bern1_p0 = 0.344873 +/- 4.19733,env_pdf_21_13TeV_bern2_p0 = 0.156749 +/- 4.20529,env_pdf_21_13TeV_bern2_p1 = 0.449736 +/- 4.1903,env_pdf_21_13TeV_exp1_p1 = -0.0265147 +/- 0.21766,env_pdf_21_13TeV_lau1_l1 = 0.999998 +/- 0.229848,env_pdf_21_13TeV_pow1_p1 = -3.51593 +/- 0.448605,gammasf_syst = -0.00524121 +/- 0.939361,genMET_syst = -0.00420945 +/- 0.983517,isr_syst = 0.0043119 +/- 0.885477,jecVar_syst = 0.00439359 +/- 0.793018,lumi_2016 = -0.000954777 +/- 0.99635,lumi_2017 = -0.00238392 +/- 0.981776,n_exp_binch1_j4toInf_b0_pT0_mt2_30_proc_bkg_mass = 1,pdf_syst = 0.00644801 +/- 0.995891,r = 1723 +/- 17.1591,scale_syst = -0.00491963 +/- 0.965624,shapeBkg_bkg_mass_ch1_j4toInf_b0_pT0_mt2_30__norm = -17.1407)

WARNING: underflow to -0.19092 in pdf_binch1_j4toInf_b0_pT0_mt2_30_obsOnly for bin 0, weight 1.51644
FASTEXIT from pdf_binch1_j4toInf_b0_pT0_mt2_30_obsOnly
[#0] WARNING:Minization -- RooMinimizerFcn: Minimized function has error status.
Returning maximum FCN so far (2.01932) to force MIGRAD to back out of this region. Error log follows
Parameter values: env_pdf_21_13TeV_bern1_p0=0.344873, env_pdf_21_13TeV_bern2_p0=0.156749, env_pdf_21_13TeV_bern2_p1=0.449736, env_pdf_21_13TeV_exp1_p1=-0.0265147, env_pdf_21_13TeV_lau1_l1=0.999998, env_pdf_21_13TeV_pow1_p1=-3.51593, shapeBkg_bkg_mass_ch1_j4toInf_b0_pT0_mt2_30__norm=-5.88804
RooAbsReal::ch1_j4toInf_b0_pT0_mt2_30[ params=(BR_hgg,CMS_hgg_nuisance_deltafracright,MH,btagsf_heavy_syst_2016,btagsf_heavy_syst_2017,btagsf_light_syst_2016,btagsf_light_syst_2017,env_pdf_21_13TeV_bern1_p0,env_pdf_21_13TeV_bern2_p0,env_pdf_21_13TeV_bern2_p1,env_pdf_21_13TeV_exp1_p1,env_pdf_21_13TeV_lau1_l1,env_pdf_21_13TeV_pow1_p1,gammasf_syst,genMET_syst,isr_syst,jecVar_syst,lumi_2016,lumi_2017,n_exp_binch1_j4toInf_b0_pT0_mt2_30_proc_bkg_mass,pdf_syst,r,scale_syst,shapeBkg_bkg_mass_ch1_j4toInf_b0_pT0_mt2_30__norm) ]
     Number of events is negative or error @ params=(BR_hgg = -0.00294004 +/- 0.979258,CMS_hgg_nuisance_deltafracright = 0,MH = 125 +/- 0.0098945,btagsf_heavy_syst_2016 = 0.00154562 +/- 0.994891,btagsf_heavy_syst_2017 = -0.00522463 +/- 0.829124,btagsf_light_syst_2016 = 0.00344362 +/- 0.990578,btagsf_light_syst_2017 = -0.00391538 +/- 0.850438,env_pdf_21_13TeV_bern1_p0 = 0.344873 +/- 4.19733,env_pdf_21_13TeV_bern2_p0 = 0.156749 +/- 4.20529,env_pdf_21_13TeV_bern2_p1 = 0.449736 +/- 4.1903,env_pdf_21_13TeV_exp1_p1 = -0.0265147 +/- 0.21766,env_pdf_21_13TeV_lau1_l1 = 0.999998 +/- 0.229848,env_pdf_21_13TeV_pow1_p1 = -3.51593 +/- 0.448605,gammasf_syst = -0.00524121 +/- 0.939361,genMET_syst = -0.00420945 +/- 0.983517,isr_syst = 0.0043119 +/- 0.885477,jecVar_syst = 0.00439359 +/- 0.793018,lumi_2016 = -0.000954777 +/- 0.99635,lumi_2017 = -0.00238392 +/- 0.981776,n_exp_binch1_j4toInf_b0_pT0_mt2_30_proc_bkg_mass = 1,pdf_syst = 0.00644801 +/- 0.995891,r = 1723 +/- 17.1591,scale_syst = -0.00491963 +/- 0.965624,shapeBkg_bkg_mass_ch1_j4toInf_b0_pT0_mt2_30__norm = -5.88804)

WARNING: underflow to -1.28908 in pdf_binch1_j4toInf_b0_pT0_mt2_30_obsOnly for bin 0, weight 1.51644
FASTEXIT from pdf_binch1_j4toInf_b0_pT0_mt2_30_obsOnly
[#0] WARNING:Minization -- RooMinimizerFcn: Minimized function has error status.
Returning maximum FCN so far (2.07163) to force MIGRAD to back out of this region. Error log follows
Parameter values: env_pdf_21_13TeV_bern1_p0=0.344873, env_pdf_21_13TeV_bern2_p0=0.156749, env_pdf_21_13TeV_bern2_p1=0.449736, env_pdf_21_13TeV_exp1_p1=-0.0265147, env_pdf_21_13TeV_lau1_l1=0.999998, env_pdf_21_13TeV_pow1_p1=-3.51578, shapeBkg_bkg_mass_ch1_j4toInf_b0_pT0_mt2_30__norm=-39.7384
RooAbsReal::ch1_j4toInf_b0_pT0_mt2_30[ params=(BR_hgg,CMS_hgg_nuisance_deltafracright,MH,btagsf_heavy_syst_2016,btagsf_heavy_syst_2017,btagsf_light_syst_2016,btagsf_light_syst_2017,env_pdf_21_13TeV_bern1_p0,env_pdf_21_13TeV_bern2_p0,env_pdf_21_13TeV_bern2_p1,env_pdf_21_13TeV_exp1_p1,env_pdf_21_13TeV_lau1_l1,env_pdf_21_13TeV_pow1_p1,gammasf_syst,genMET_syst,isr_syst,jecVar_syst,lumi_2016,lumi_2017,n_exp_binch1_j4toInf_b0_pT0_mt2_30_proc_bkg_mass,pdf_syst,r,scale_syst,shapeBkg_bkg_mass_ch1_j4toInf_b0_pT0_mt2_30__norm) ]
     Number of events is negative or error @ params=(BR_hgg = -0.00318552 +/- 0.994586,CMS_hgg_nuisance_deltafracright = 0,MH = 125 +/- 0.00989185,btagsf_heavy_syst_2016 = 0.0016219 +/- 0.996507,btagsf_heavy_syst_2017 = -0.00610083 +/- 0.982459,btagsf_light_syst_2016 = 0.00367692 +/- 0.995895,btagsf_light_syst_2017 = -0.00477628 +/- 0.981702,env_pdf_21_13TeV_bern1_p0 = 0.344873 +/- 4.19733,env_pdf_21_13TeV_bern2_p0 = 0.156749 +/- 4.20529,env_pdf_21_13TeV_bern2_p1 = 0.449736 +/- 4.1903,env_pdf_21_13TeV_exp1_p1 = -0.0265147 +/- 0.21766,env_pdf_21_13TeV_lau1_l1 = 0.999998 +/- 0.229848,env_pdf_21_13TeV_pow1_p1 = -3.51578 +/- 0.453903,gammasf_syst = -0.0056798 +/- 0.991448,genMET_syst = -0.00477747 +/- 0.994242,isr_syst = 0.00489171 +/- 0.987212,jecVar_syst = 0.00523145 +/- 0.967342,lumi_2016 = -0.0010093 +/- 0.996305,lumi_2017 = -0.00260626 +/- 0.995368,n_exp_binch1_j4toInf_b0_pT0_mt2_30_proc_bkg_mass = 1,pdf_syst = 0.00650478 +/- 0.996429,r = 1840 +/- 17.1591,scale_syst = -0.00522695 +/- 0.994106,shapeBkg_bkg_mass_ch1_j4toInf_b0_pT0_mt2_30__norm = -39.7384)

WARNING: underflow to -0.924023 in pdf_binch1_j4toInf_b0_pT0_mt2_30_obsOnly for bin 0, weight 1.51644
FASTEXIT from pdf_binch1_j4toInf_b0_pT0_mt2_30_obsOnly
[#0] WARNING:Minization -- RooMinimizerFcn: Minimized function has error status.
Returning maximum FCN so far (2.07163) to force MIGRAD to back out of this region. Error log follows
Parameter values: env_pdf_21_13TeV_bern1_p0=0.344873, env_pdf_21_13TeV_bern2_p0=0.156749, env_pdf_21_13TeV_bern2_p1=0.449736, env_pdf_21_13TeV_exp1_p1=-0.0265147, env_pdf_21_13TeV_lau1_l1=0.999998, env_pdf_21_13TeV_pow1_p1=-3.51578, shapeBkg_bkg_mass_ch1_j4toInf_b0_pT0_mt2_30__norm=-28.4858
RooAbsReal::ch1_j4toInf_b0_pT0_mt2_30[ params=(BR_hgg,CMS_hgg_nuisance_deltafracright,MH,btagsf_heavy_syst_2016,btagsf_heavy_syst_2017,btagsf_light_syst_2016,btagsf_light_syst_2017,env_pdf_21_13TeV_bern1_p0,env_pdf_21_13TeV_bern2_p0,env_pdf_21_13TeV_bern2_p1,env_pdf_21_13TeV_exp1_p1,env_pdf_21_13TeV_lau1_l1,env_pdf_21_13TeV_pow1_p1,gammasf_syst,genMET_syst,isr_syst,jecVar_syst,lumi_2016,lumi_2017,n_exp_binch1_j4toInf_b0_pT0_mt2_30_proc_bkg_mass,pdf_syst,r,scale_syst,shapeBkg_bkg_mass_ch1_j4toInf_b0_pT0_mt2_30__norm) ]
     Number of events is negative or error @ params=(BR_hgg = -0.00318552 +/- 0.994586,CMS_hgg_nuisance_deltafracright = 0,MH = 125 +/- 0.00989185,btagsf_heavy_syst_2016 = 0.0016219 +/- 0.996507,btagsf_heavy_syst_2017 = -0.00610083 +/- 0.982459,btagsf_light_syst_2016 = 0.00367692 +/- 0.995895,btagsf_light_syst_2017 = -0.00477628 +/- 0.981702,env_pdf_21_13TeV_bern1_p0 = 0.344873 +/- 4.19733,env_pdf_21_13TeV_bern2_p0 = 0.156749 +/- 4.20529,env_pdf_21_13TeV_bern2_p1 = 0.449736 +/- 4.1903,env_pdf_21_13TeV_exp1_p1 = -0.0265147 +/- 0.21766,env_pdf_21_13TeV_lau1_l1 = 0.999998 +/- 0.229848,env_pdf_21_13TeV_pow1_p1 = -3.51578 +/- 0.453903,gammasf_syst = -0.0056798 +/- 0.991448,genMET_syst = -0.00477747 +/- 0.994242,isr_syst = 0.00489171 +/- 0.987212,jecVar_syst = 0.00523145 +/- 0.967342,lumi_2016 = -0.0010093 +/- 0.996305,lumi_2017 = -0.00260626 +/- 0.995368,n_exp_binch1_j4toInf_b0_pT0_mt2_30_proc_bkg_mass = 1,pdf_syst = 0.00650478 +/- 0.996429,r = 1840 +/- 17.1591,scale_syst = -0.00522695 +/- 0.994106,shapeBkg_bkg_mass_ch1_j4toInf_b0_pT0_mt2_30__norm = -28.4858)

WARNING: underflow to -0.558966 in pdf_binch1_j4toInf_b0_pT0_mt2_30_obsOnly for bin 0, weight 1.51644
FASTEXIT from pdf_binch1_j4toInf_b0_pT0_mt2_30_obsOnly
[#0] WARNING:Minization -- RooMinimizerFcn: Minimized function has error status.
Returning maximum FCN so far (2.07163) to force MIGRAD to back out of this region. Error log follows
Parameter values: env_pdf_21_13TeV_bern1_p0=0.344873, env_pdf_21_13TeV_bern2_p0=0.156749, env_pdf_21_13TeV_bern2_p1=0.449736, env_pdf_21_13TeV_exp1_p1=-0.0265147, env_pdf_21_13TeV_lau1_l1=0.999998, env_pdf_21_13TeV_pow1_p1=-3.51578, shapeBkg_bkg_mass_ch1_j4toInf_b0_pT0_mt2_30__norm=-17.2331
RooAbsReal::ch1_j4toInf_b0_pT0_mt2_30[ params=(BR_hgg,CMS_hgg_nuisance_deltafracright,MH,btagsf_heavy_syst_2016,btagsf_heavy_syst_2017,btagsf_light_syst_2016,btagsf_light_syst_2017,env_pdf_21_13TeV_bern1_p0,env_pdf_21_13TeV_bern2_p0,env_pdf_21_13TeV_bern2_p1,env_pdf_21_13TeV_exp1_p1,env_pdf_21_13TeV_lau1_l1,env_pdf_21_13TeV_pow1_p1,gammasf_syst,genMET_syst,isr_syst,jecVar_syst,lumi_2016,lumi_2017,n_exp_binch1_j4toInf_b0_pT0_mt2_30_proc_bkg_mass,pdf_syst,r,scale_syst,shapeBkg_bkg_mass_ch1_j4toInf_b0_pT0_mt2_30__norm) ]
     Number of events is negative or error @ params=(BR_hgg = -0.00318552 +/- 0.994586,CMS_hgg_nuisance_deltafracright = 0,MH = 125 +/- 0.00989185,btagsf_heavy_syst_2016 = 0.0016219 +/- 0.996507,btagsf_heavy_syst_2017 = -0.00610083 +/- 0.982459,btagsf_light_syst_2016 = 0.00367692 +/- 0.995895,btagsf_light_syst_2017 = -0.00477628 +/- 0.981702,env_pdf_21_13TeV_bern1_p0 = 0.344873 +/- 4.19733,env_pdf_21_13TeV_bern2_p0 = 0.156749 +/- 4.20529,env_pdf_21_13TeV_bern2_p1 = 0.449736 +/- 4.1903,env_pdf_21_13TeV_exp1_p1 = -0.0265147 +/- 0.21766,env_pdf_21_13TeV_lau1_l1 = 0.999998 +/- 0.229848,env_pdf_21_13TeV_pow1_p1 = -3.51578 +/- 0.453903,gammasf_syst = -0.0056798 +/- 0.991448,genMET_syst = -0.00477747 +/- 0.994242,isr_syst = 0.00489171 +/- 0.987212,jecVar_syst = 0.00523145 +/- 0.967342,lumi_2016 = -0.0010093 +/- 0.996305,lumi_2017 = -0.00260626 +/- 0.995368,n_exp_binch1_j4toInf_b0_pT0_mt2_30_proc_bkg_mass = 1,pdf_syst = 0.00650478 +/- 0.996429,r = 1840 +/- 17.1591,scale_syst = -0.00522695 +/- 0.994106,shapeBkg_bkg_mass_ch1_j4toInf_b0_pT0_mt2_30__norm = -17.2331)

WARNING: underflow to -0.193909 in pdf_binch1_j4toInf_b0_pT0_mt2_30_obsOnly for bin 0, weight 1.51644
FASTEXIT from pdf_binch1_j4toInf_b0_pT0_mt2_30_obsOnly
[#0] WARNING:Minization -- RooMinimizerFcn: Minimized function has error status.
Returning maximum FCN so far (2.07163) to force MIGRAD to back out of this region. Error log follows
Parameter values: env_pdf_21_13TeV_bern1_p0=0.344873, env_pdf_21_13TeV_bern2_p0=0.156749, env_pdf_21_13TeV_bern2_p1=0.449736, env_pdf_21_13TeV_exp1_p1=-0.0265147, env_pdf_21_13TeV_lau1_l1=0.999998, env_pdf_21_13TeV_pow1_p1=-3.51578, shapeBkg_bkg_mass_ch1_j4toInf_b0_pT0_mt2_30__norm=-5.9805
RooAbsReal::ch1_j4toInf_b0_pT0_mt2_30[ params=(BR_hgg,CMS_hgg_nuisance_deltafracright,MH,btagsf_heavy_syst_2016,btagsf_heavy_syst_2017,btagsf_light_syst_2016,btagsf_light_syst_2017,env_pdf_21_13TeV_bern1_p0,env_pdf_21_13TeV_bern2_p0,env_pdf_21_13TeV_bern2_p1,env_pdf_21_13TeV_exp1_p1,env_pdf_21_13TeV_lau1_l1,env_pdf_21_13TeV_pow1_p1,gammasf_syst,genMET_syst,isr_syst,jecVar_syst,lumi_2016,lumi_2017,n_exp_binch1_j4toInf_b0_pT0_mt2_30_proc_bkg_mass,pdf_syst,r,scale_syst,shapeBkg_bkg_mass_ch1_j4toInf_b0_pT0_mt2_30__norm) ]
     Number of events is negative or error @ params=(BR_hgg = -0.00318552 +/- 0.994586,CMS_hgg_nuisance_deltafracright = 0,MH = 125 +/- 0.00989185,btagsf_heavy_syst_2016 = 0.0016219 +/- 0.996507,btagsf_heavy_syst_2017 = -0.00610083 +/- 0.982459,btagsf_light_syst_2016 = 0.00367692 +/- 0.995895,btagsf_light_syst_2017 = -0.00477628 +/- 0.981702,env_pdf_21_13TeV_bern1_p0 = 0.344873 +/- 4.19733,env_pdf_21_13TeV_bern2_p0 = 0.156749 +/- 4.20529,env_pdf_21_13TeV_bern2_p1 = 0.449736 +/- 4.1903,env_pdf_21_13TeV_exp1_p1 = -0.0265147 +/- 0.21766,env_pdf_21_13TeV_lau1_l1 = 0.999998 +/- 0.229848,env_pdf_21_13TeV_pow1_p1 = -3.51578 +/- 0.453903,gammasf_syst = -0.0056798 +/- 0.991448,genMET_syst = -0.00477747 +/- 0.994242,isr_syst = 0.00489171 +/- 0.987212,jecVar_syst = 0.00523145 +/- 0.967342,lumi_2016 = -0.0010093 +/- 0.996305,lumi_2017 = -0.00260626 +/- 0.995368,n_exp_binch1_j4toInf_b0_pT0_mt2_30_proc_bkg_mass = 1,pdf_syst = 0.00650478 +/- 0.996429,r = 1840 +/- 17.1591,scale_syst = -0.00522695 +/- 0.994106,shapeBkg_bkg_mass_ch1_j4toInf_b0_pT0_mt2_30__norm = -5.9805)

Median for expected limits: 4000
Sigma  for expected limits: 2040.85
Constraints of type SimpleGaussianConstraint: 14
Constraints of type SimpleGaussianConstraint: 14
Restricting r to positive values.

Make global fit of real data
NLL at global minimum of data: -0.106761 (r = 0)

Make global fit of asimov data
NLL at global minimum of asimov: -0.00329425 (r = 0.302415)
At r = 8799.359041:	q_mu = 5.50647	q_A  = 1.84642	CLsb = 0.00341	CLb  = 0.08903	CLs  = 0.03829
At r = 4399.679521:	q_mu = 2.53085	q_A  = 0.52237	CLsb = 0.01733	CLb  = 0.08235	CLs  = 0.21050
At r = 6599.519281:	q_mu = 3.97852	q_A  = 1.10425	CLsb = 0.00779	CLb  = 0.08572	CLs  = 0.09092
At r = 7816.475893:	q_mu = 4.81536	q_A  = 1.49715	CLsb = 0.00495	CLb  = 0.08756	CLs  = 0.05650
At r = 8260.041617:	q_mu = 5.12569	q_A  = 1.65143	CLsb = 0.00418	CLb  = 0.08822	CLs  = 0.04742
At r = 8064.127007:	q_mu = 4.98830	q_A  = 1.58259	CLsb = 0.00451	CLb  = 0.08793	CLs  = 0.05124
At r = 8152.977415:	q_mu = 5.05055	q_A  = 1.61367	CLsb = 0.00436	CLb  = 0.08806	CLs  = 0.04947
At r = 8113.821488:	q_mu = 5.02310	q_A  = 1.59995	CLsb = 0.00442	CLb  = 0.08801	CLs  = 0.05025
At r = 8131.597008:	q_mu = 5.03556	q_A  = 1.60617	CLsb = 0.00439	CLb  = 0.08803	CLs  = 0.04989

 -- Asymptotic -- 
Observed Limit: r < 8131.5970

Done in 2.57 min (cpu), 2.58 min (real)
