>>> including systematics
>>> method used to compute upper limit is Asymptotic
>>> random number generator seed is 123456
Adding discrete pdfindex_is1El_pT2_mt2_30_13TeV
Computing limit starting from observation
Will compute both limit(s) using minimizer Minuit2 with strategy 0 and tolerance 0.01
  [WARNING] Found [env_pdf_46_13TeV_exp1_p1] at boundary. 
  [WARNING] Found [env_pdf_46_13TeV_lau1_l1] at boundary. 
Constraints of type SimpleGaussianConstraint: 15
Median for expected limits: 14.8125
Sigma  for expected limits: 7.55754
Constraints of type SimpleGaussianConstraint: 15
Constraints of type SimpleGaussianConstraint: 15
Restricting r to positive values.

Make global fit of real data
NLL at global minimum of data: -1.15911 (r = 0)

Make global fit of asimov data
NLL at global minimum of asimov: -0.303807 (r = 3.68687e-05)
At r = 5.699843:	q_mu = 2.98398	q_A  = 0.87188	CLsb = 0.01947	CLb  = 0.12903	CLs  = 0.15093
At r = 11.399687:	q_mu = 5.99901	q_A  = 2.61999	CLsb = 0.00388	CLb  = 0.14829	CLs  = 0.02616
At r = 5.699843:	q_mu = 2.98398	q_A  = 0.87188	CLsb = 0.01947	CLb  = 0.12903	CLs  = 0.15093
At r = 8.549765:	q_mu = 4.48952	q_A  = 1.68108	CLsb = 0.00867	CLb  = 0.13940	CLs  = 0.06217
At r = 9.693357:	q_mu = 5.09493	q_A  = 2.04495	CLsb = 0.00627	CLb  = 0.14312	CLs  = 0.04383
At r = 9.119779:	q_mu = 4.79121	q_A  = 1.86007	CLsb = 0.00738	CLb  = 0.14128	CLs  = 0.05221
At r = 9.347717:	q_mu = 4.91189	q_A  = 1.93299	CLsb = 0.00692	CLb  = 0.14202	CLs  = 0.04870
At r = 9.232851:	q_mu = 4.85108	q_A  = 1.89615	CLsb = 0.00714	CLb  = 0.14165	CLs  = 0.05043
At r = 9.278407:	q_mu = 4.87520	q_A  = 1.91074	CLsb = 0.00705	CLb  = 0.14179	CLs  = 0.04974
At r = 9.255428:	q_mu = 4.86303	q_A  = 1.90338	CLsb = 0.00710	CLb  = 0.14172	CLs  = 0.05009

 -- Asymptotic -- 
Observed Limit: r < 9.2554
Expected  2.5%: r < 6.6830
Expected 16.0%: r < 9.5728
Expected 50.0%: r < 14.8125
Expected 84.0%: r < 23.6690
Expected 97.5%: r < 36.5266

Done in 0.04 min (cpu), 0.04 min (real)
