>>> including systematics
>>> method used to compute upper limit is Asymptotic
>>> random number generator seed is 123456
Adding discrete pdfindex_diBBZ_pT2_mt2_0_13TeV
Computing limit starting from observation
Will compute both limit(s) using minimizer Minuit2 with strategy 0 and tolerance 0.01
  [WARNING] Found [env_pdf_50_13TeV_exp1_p1] at boundary. 
  [WARNING] Found [env_pdf_50_13TeV_lau1_l1] at boundary. 
Constraints of type SimpleGaussianConstraint: 15
Median for expected limits: 11.8438
Sigma  for expected limits: 6.04284
Constraints of type SimpleGaussianConstraint: 15
Constraints of type SimpleGaussianConstraint: 15
Restricting r to positive values.

Make global fit of real data
NLL at global minimum of data: -0.631715 (r = 6.58849e-15)

Make global fit of asimov data
NLL at global minimum of asimov: -0.230881 (r = 6.05452e-05)
At r = 10.128959:	q_mu = 5.37964	q_A  = 2.95253	CLsb = 0.00766	CLb  = 0.24001	CLs  = 0.03193
At r = 5.064479:	q_mu = 2.20256	q_A  = 0.87158	CLsb = 0.04984	CLb  = 0.23797	CLs  = 0.20943
At r = 7.596719:	q_mu = 3.70762	q_A  = 1.80080	CLsb = 0.02006	CLb  = 0.23871	CLs  = 0.08406
At r = 8.683913:	q_mu = 4.40821	q_A  = 2.27157	CLsb = 0.01335	CLb  = 0.23922	CLs  = 0.05579
At r = 9.199907:	q_mu = 4.75018	q_A  = 2.50791	CLsb = 0.01096	CLb  = 0.23949	CLs  = 0.04578
At r = 8.912742:	q_mu = 4.55915	q_A  = 2.37540	CLsb = 0.01223	CLb  = 0.23933	CLs  = 0.05112
At r = 9.016329:	q_mu = 4.62786	q_A  = 2.42292	CLsb = 0.01176	CLb  = 0.23939	CLs  = 0.04913
At r = 8.958973:	q_mu = 4.58979	q_A  = 2.39657	CLsb = 0.01202	CLb  = 0.23936	CLs  = 0.05022
At r = 8.979706:	q_mu = 4.60354	q_A  = 2.40608	CLsb = 0.01193	CLb  = 0.23937	CLs  = 0.04982

 -- Asymptotic -- 
Observed Limit: r < 8.9797
Expected  2.5%: r < 5.8525
Expected 16.0%: r < 8.0758
Expected 50.0%: r < 11.8438
Expected 84.0%: r < 17.9338
Expected 97.5%: r < 26.4800

Done in 0.09 min (cpu), 0.09 min (real)
