>>> including systematics
>>> method used to compute upper limit is Asymptotic
>>> random number generator seed is 123456
Adding discrete pdfindex_j1to3_b1_pT2_mt2_30_13TeV
Computing limit starting from observation
Will compute both limit(s) using minimizer Minuit2 with strategy 0 and tolerance 0.01
  [WARNING] Found [env_pdf_26_13TeV_exp1_p1] at boundary. 
  [WARNING] Found [env_pdf_26_13TeV_lau1_l1] at boundary. 
Constraints of type SimpleGaussianConstraint: 15
Median for expected limits: 74.25
Sigma  for expected limits: 37.8834
Constraints of type SimpleGaussianConstraint: 15
Constraints of type SimpleGaussianConstraint: 15
Restricting r to positive values.

Make global fit of real data
NLL at global minimum of data: -1.92015 (r = 4.59238e-07)

Make global fit of asimov data
NLL at global minimum of asimov: -0.223961 (r = 0.000669506)
At r = 15.559002:	q_mu = 2.97692	q_A  = 0.22113	CLsb = 0.00034	CLb  = 0.00169	CLs  = 0.19861
At r = 31.118003:	q_mu = 5.95622	q_A  = 0.82560	CLsb = 0.00010	CLb  = 0.00238	CLs  = 0.03998
At r = 15.559002:	q_mu = 2.97692	q_A  = 0.22113	CLsb = 0.00034	CLb  = 0.00169	CLs  = 0.19861
At r = 23.338502:	q_mu = 4.46843	q_A  = 0.48096	CLsb = 0.00018	CLb  = 0.00202	CLs  = 0.08887
At r = 27.819334:	q_mu = 5.32603	q_A  = 0.66980	CLsb = 0.00012	CLb  = 0.00222	CLs  = 0.05605
At r = 29.371372:	q_mu = 5.62267	q_A  = 0.74139	CLsb = 0.00011	CLb  = 0.00229	CLs  = 0.04781
At r = 28.710828:	q_mu = 5.49645	q_A  = 0.71054	CLsb = 0.00012	CLb  = 0.00226	CLs  = 0.05115
At r = 29.021076:	q_mu = 5.55574	q_A  = 0.72496	CLsb = 0.00011	CLb  = 0.00228	CLs  = 0.04955
At r = 28.888935:	q_mu = 5.53049	q_A  = 0.71880	CLsb = 0.00011	CLb  = 0.00227	CLs  = 0.05023
At r = 28.950978:	q_mu = 5.54235	q_A  = 0.72169	CLsb = 0.00011	CLb  = 0.00228	CLs  = 0.04991

 -- Asymptotic -- 
Observed Limit: r < 28.9510
Expected  2.5%: r < 36.9800
Expected 16.0%: r < 50.8107
Expected 50.0%: r < 74.2500
Expected 84.0%: r < 112.4293
Expected 97.5%: r < 166.0068

Done in 0.13 min (cpu), 0.13 min (real)
