>>> including systematics
>>> method used to compute upper limit is Asymptotic
>>> random number generator seed is 123456
Adding discrete pdfindex_j4toInf_b1_pT1_mt2_30_13TeV
Computing limit starting from observation
Will compute both limit(s) using minimizer Minuit2 with strategy 0 and tolerance 0.01
  [WARNING] Found [env_pdf_28_13TeV_exp1_p1] at boundary. 
  [WARNING] Found [env_pdf_28_13TeV_lau1_l1] at boundary. 
  [WARNING] Found [env_pdf_28_13TeV_lau2_h1] at boundary. 
  [WARNING] Found [env_pdf_28_13TeV_lau2_l1] at boundary. 
Constraints of type SimpleGaussianConstraint: 15
Median for expected limits: 453.25
Sigma  for expected limits: 231.254
Constraints of type SimpleGaussianConstraint: 15
Constraints of type SimpleGaussianConstraint: 15
Restricting r to positive values.

Make global fit of real data
NLL at global minimum of data: -0.815924 (r = 1.48077e-13)

Make global fit of asimov data
NLL at global minimum of asimov: -0.281242 (r = 0.00195769)
At r = 308.490841:	q_mu = 4.07053	q_A  = 2.09257	CLsb = 0.01658	CLb  = 0.24709	CLs  = 0.06708
At r = 616.981682:	q_mu = 8.99947	q_A  = 6.04450	CLsb = 0.00111	CLb  = 0.27393	CLs  = 0.00405
At r = 308.490841:	q_mu = 4.07053	q_A  = 2.09257	CLsb = 0.01658	CLb  = 0.24709	CLs  = 0.06708
At r = 462.736261:	q_mu = 6.50293	q_A  = 3.96294	CLsb = 0.00429	CLb  = 0.26175	CLs  = 0.01637
At r = 365.057709:	q_mu = 4.94859	q_A  = 2.74293	CLsb = 0.01011	CLb  = 0.25274	CLs  = 0.04002
At r = 334.239332:	q_mu = 4.46742	q_A  = 2.38268	CLsb = 0.01325	CLb  = 0.24975	CLs  = 0.05304
At r = 345.573846:	q_mu = 4.64366	q_A  = 2.51359	CLsb = 0.01200	CLb  = 0.25087	CLs  = 0.04783
At r = 339.413828:	q_mu = 4.54777	q_A  = 2.44221	CLsb = 0.01266	CLb  = 0.25026	CLs  = 0.05060
At r = 341.681560:	q_mu = 4.58304	q_A  = 2.46842	CLsb = 0.01241	CLb  = 0.25048	CLs  = 0.04956
At r = 340.449718:	q_mu = 4.56388	q_A  = 2.45417	CLsb = 0.01255	CLb  = 0.25036	CLs  = 0.05012

 -- Asymptotic -- 
Observed Limit: r < 340.4497
Expected  2.5%: r < 213.3462
Expected 16.0%: r < 300.4987
Expected 50.0%: r < 453.2500
Expected 84.0%: r < 715.2177
Expected 97.5%: r < 1114.0834

Done in 0.37 min (cpu), 0.38 min (real)
