>>> including systematics
>>> method used to compute upper limit is Asymptotic
>>> random number generator seed is 123456
Adding discrete pdfindex_j4toInf_b0_pT0_mt2_0_13TeV
Computing limit starting from observation
Will compute both limit(s) using minimizer Minuit2 with strategy 0 and tolerance 0.01
  [WARNING] Found [env_pdf_3_13TeV_exp1_p1] at boundary. 
  [WARNING] Found [env_pdf_3_13TeV_lau1_l1] at boundary. 
  [WARNING] Found [env_pdf_3_13TeV_lau2_h1] at boundary. 
  [WARNING] Found [env_pdf_3_13TeV_lau2_l1] at boundary. 
Constraints of type SimpleGaussianConstraint: 14
Median for expected limits: 79.25
Sigma  for expected limits: 40.4344
Constraints of type SimpleGaussianConstraint: 14
Constraints of type SimpleGaussianConstraint: 14
Restricting r to positive values.

Make global fit of real data
NLL at global minimum of data: -0.174563 (r = 6.82636)

Make global fit of asimov data
NLL at global minimum of asimov: -0.306603 (r = 0.00112405)
At r = 102.008161:	q_mu = 4.06800	q_A  = 5.47725	CLsb = 0.02185	CLb  = 0.62681	CLs  = 0.03486
At r = 54.417261:	q_mu = 1.56945	q_A  = 2.16388	CLsb = 0.10514	CLb  = 0.58638	CLs  = 0.17931
At r = 78.212711:	q_mu = 2.72319	q_A  = 3.76579	CLsb = 0.04945	CLb  = 0.61423	CLs  = 0.08051
At r = 89.046491:	q_mu = 3.31876	q_A  = 4.53671	CLsb = 0.03425	CLb  = 0.62104	CLs  = 0.05514
At r = 93.853247:	q_mu = 3.59260	q_A  = 4.88368	CLsb = 0.02902	CLb  = 0.62342	CLs  = 0.04655
At r = 91.268367:	q_mu = 3.44470	q_A  = 4.69678	CLsb = 0.03173	CLb  = 0.62218	CLs  = 0.05099
At r = 92.231465:	q_mu = 3.49963	q_A  = 4.76633	CLsb = 0.03069	CLb  = 0.62266	CLs  = 0.04929
At r = 91.714833:	q_mu = 3.47014	q_A  = 4.72901	CLsb = 0.03124	CLb  = 0.62240	CLs  = 0.05020
At r = 91.907538:	q_mu = 3.48113	q_A  = 4.74293	CLsb = 0.03104	CLb  = 0.62250	CLs  = 0.04986

 -- Asymptotic -- 
Observed Limit: r < 91.9075
Expected  2.5%: r < 36.8389
Expected 16.0%: r < 51.9147
Expected 50.0%: r < 79.2500
Expected 84.0%: r < 127.8977
Expected 97.5%: r < 206.5306

Done in 0.27 min (cpu), 0.27 min (real)
