>>> including systematics
>>> method used to compute upper limit is Asymptotic
>>> random number generator seed is 123456
Adding discrete pdfindex_j4toInf_b2toInf_pT1_mt2_30_13TeV
Computing limit starting from observation
Will compute both limit(s) using minimizer Minuit2 with strategy 0 and tolerance 0.01
  [WARNING] Found [env_pdf_34_13TeV_exp1_p1] at boundary. 
  [WARNING] Found [env_pdf_34_13TeV_exp3_p2] at boundary. 
  [WARNING] Found [env_pdf_34_13TeV_lau1_l1] at boundary. 
  [WARNING] Found [env_pdf_34_13TeV_lau2_h1] at boundary. 
  [WARNING] Found [env_pdf_34_13TeV_lau2_l1] at boundary. 
  [WARNING] Found [env_pdf_34_13TeV_pow1_p1] at boundary. 
Constraints of type SimpleGaussianConstraint: 14
Median for expected limits: 11.6562
Sigma  for expected limits: 5.94718
Constraints of type SimpleGaussianConstraint: 14
Constraints of type SimpleGaussianConstraint: 14
Restricting r to positive values.

Make global fit of real data
NLL at global minimum of data: -0.233154 (r = 5.30473)

Make global fit of asimov data
NLL at global minimum of asimov: -0.373457 (r = 0.00334876)
At r = 19.700441:	q_mu = 3.44932	q_A  = 7.61484	CLsb = 0.03164	CLb  = 0.81654	CLs  = 0.03875
At r = 12.502584:	q_mu = 1.18707	q_A  = 4.22947	CLsb = 0.13796	CLb  = 0.83324	CLs  = 0.16557
At r = 16.101513:	q_mu = 2.25269	q_A  = 5.91494	CLsb = 0.06669	CLb  = 0.82412	CLs  = 0.08092
At r = 17.983902:	q_mu = 2.86676	q_A  = 6.80423	CLsb = 0.04521	CLb  = 0.81999	CLs  = 0.05514
At r = 18.708009:	q_mu = 3.11025	q_A  = 7.14637	CLsb = 0.03890	CLb  = 0.81850	CLs  = 0.04753
At r = 18.365354:	q_mu = 2.99458	q_A  = 6.98449	CLsb = 0.04177	CLb  = 0.81920	CLs  = 0.05099
At r = 18.510326:	q_mu = 3.04342	q_A  = 7.05298	CLsb = 0.04053	CLb  = 0.81891	CLs  = 0.04950
At r = 18.441823:	q_mu = 3.02033	q_A  = 7.02062	CLsb = 0.04111	CLb  = 0.81905	CLs  = 0.05020

 -- Asymptotic -- 
Observed Limit: r < 18.4418
Expected  2.5%: r < 5.2134
Expected 16.0%: r < 7.4533
Expected 50.0%: r < 11.6562
Expected 84.0%: r < 19.1831
Expected 97.5%: r < 31.5065

Done in 0.07 min (cpu), 0.08 min (real)
