>>> including systematics
>>> method used to compute upper limit is Asymptotic
>>> random number generator seed is 123456
Adding discrete pdfindex_is1Mu_pT2_mt2_30_13TeV
Computing limit starting from observation
Will compute both limit(s) using minimizer Minuit2 with strategy 0 and tolerance 0.01
  [WARNING] Found [env_pdf_47_13TeV_lau1_l1] at boundary. 
Constraints of type SimpleGaussianConstraint: 15
Median for expected limits: 16.8125
Sigma  for expected limits: 8.57796
Constraints of type SimpleGaussianConstraint: 15
Constraints of type SimpleGaussianConstraint: 15
Restricting r to positive values.

Make global fit of real data
NLL at global minimum of data: -0.487995 (r = 0.455111)

Make global fit of asimov data
NLL at global minimum of asimov: -0.42449 (r = 0.00164728)
At r = 95.222324:	q_mu = 34.42324	q_A  = 36.04744	CLsb = 0.00000	CLb  = 0.55441	CLs  = 0.00000
At r = 47.838717:	q_mu = 15.13349	q_A  = 16.14252	CLsb = 0.00005	CLb  = 0.55077	CLs  = 0.00009
At r = 24.146914:	q_mu = 5.93424	q_A  = 6.51401	CLsb = 0.00742	CLb  = 0.54626	CLs  = 0.01359
At r = 12.301012:	q_mu = 2.06863	q_A  = 2.36868	CLsb = 0.07518	CLb  = 0.54014	CLs  = 0.13918
At r = 18.223963:	q_mu = 3.88650	q_A  = 4.33234	CLsb = 0.02434	CLb  = 0.54380	CLs  = 0.04476
At r = 16.576583:	q_mu = 3.35274	q_A  = 3.75913	CLsb = 0.03355	CLb  = 0.54292	CLs  = 0.06179
At r = 17.441664:	q_mu = 3.63072	q_A  = 4.05794	CLsb = 0.02836	CLb  = 0.54339	CLs  = 0.05219
At r = 17.772839:	q_mu = 3.73851	q_A  = 4.17364	CLsb = 0.02659	CLb  = 0.54357	CLs  = 0.04891
At r = 17.616711:	q_mu = 3.68760	q_A  = 4.11901	CLsb = 0.02741	CLb  = 0.54349	CLs  = 0.05043
At r = 17.683013:	q_mu = 3.70920	q_A  = 4.14219	CLsb = 0.02706	CLb  = 0.54352	CLs  = 0.04978

 -- Asymptotic -- 
Observed Limit: r < 17.6830
Expected  2.5%: r < 7.8480
Expected 16.0%: r < 11.0696
Expected 50.0%: r < 16.8125
Expected 84.0%: r < 26.5297
Expected 97.5%: r < 40.5564

Done in 0.05 min (cpu), 0.05 min (real)
