>>> including systematics
>>> method used to compute upper limit is Asymptotic
>>> random number generator seed is 123456
Adding discrete pdfindex_is1El_pT2_mt2_30_13TeV
Computing limit starting from observation
Will compute both limit(s) using minimizer Minuit2 with strategy 0 and tolerance 0.01
  [WARNING] Found [env_pdf_46_13TeV_exp1_p1] at boundary. 
  [WARNING] Found [env_pdf_46_13TeV_lau1_l1] at boundary. 
Constraints of type SimpleGaussianConstraint: 15
Median for expected limits: 3.32812
Sigma  for expected limits: 1.69805
Constraints of type SimpleGaussianConstraint: 15
Constraints of type SimpleGaussianConstraint: 15
Restricting r to positive values.

Make global fit of real data
NLL at global minimum of data: -2.44217 (r = 0)

Make global fit of asimov data
NLL at global minimum of asimov: -0.983028 (r = 1.2024e-05)
At r = 1.255331:	q_mu = 2.97708	q_A  = 0.86752	CLsb = 0.01952	CLb  = 0.12872	CLs  = 0.15161
At r = 2.510663:	q_mu = 5.91919	q_A  = 2.56268	CLsb = 0.00403	CLb  = 0.14724	CLs  = 0.02740
At r = 1.255331:	q_mu = 2.97708	q_A  = 0.86752	CLsb = 0.01952	CLb  = 0.12872	CLs  = 0.15161
At r = 1.882997:	q_mu = 4.45271	q_A  = 1.65795	CLsb = 0.00883	CLb  = 0.13891	CLs  = 0.06354
At r = 2.151557:	q_mu = 5.08113	q_A  = 2.03385	CLsb = 0.00631	CLb  = 0.14268	CLs  = 0.04420
At r = 2.024866:	q_mu = 4.78487	q_A  = 1.85421	CLsb = 0.00739	CLb  = 0.14094	CLs  = 0.05242
At r = 2.078322:	q_mu = 4.90992	q_A  = 1.92953	CLsb = 0.00691	CLb  = 0.14168	CLs  = 0.04878
At r = 2.052935:	q_mu = 4.85054	q_A  = 1.89367	CLsb = 0.00713	CLb  = 0.14133	CLs  = 0.05047
At r = 2.063616:	q_mu = 4.87552	q_A  = 1.90874	CLsb = 0.00704	CLb  = 0.14148	CLs  = 0.04975
At r = 2.058537:	q_mu = 4.86364	q_A  = 1.90157	CLsb = 0.00708	CLb  = 0.14141	CLs  = 0.05009

 -- Asymptotic -- 
Observed Limit: r < 2.0585
Expected  2.5%: r < 1.4756
Expected 16.0%: r < 2.1341
Expected 50.0%: r < 3.3281
Expected 84.0%: r < 5.3711
Expected 97.5%: r < 8.4507

Done in 0.03 min (cpu), 0.03 min (real)
