>>> including systematics
>>> method used to compute upper limit is Asymptotic
>>> random number generator seed is 123456
Adding discrete pdfindex_j1to3_b0_pT1_mt2_0_13TeV
Computing limit starting from observation
Will compute both limit(s) using minimizer Minuit2 with strategy 0 and tolerance 0.01
  [WARNING] Found [env_pdf_1_13TeV_exp1_p1] at boundary. 
  [WARNING] Found [env_pdf_1_13TeV_lau1_l1] at boundary. 
  [WARNING] Found [env_pdf_1_13TeV_pow1_p1] at boundary. 
Constraints of type SimpleGaussianConstraint: 14
Median for expected limits: 24.25
Sigma  for expected limits: 12.3727
Constraints of type SimpleGaussianConstraint: 14
Constraints of type SimpleGaussianConstraint: 14
Restricting r to positive values.

Make global fit of real data
NLL at global minimum of data: -1.2896 (r = 7.00577)

Make global fit of asimov data
NLL at global minimum of asimov: -1.39577 (r = 6.65955e-05)
At r = 40.205959:	q_mu = 5.36465	q_A  = 9.78517	CLsb = 0.01027	CLb  = 0.79159	CLs  = 0.01298
At r = 23.605864:	q_mu = 1.80835	q_A  = 3.65077	CLsb = 0.08935	CLb  = 0.71429	CLs  = 0.12509
At r = 31.905911:	q_mu = 3.31169	q_A  = 6.42042	CLsb = 0.03439	CLb  = 0.76240	CLs  = 0.04511
At r = 29.576299:	q_mu = 2.85215	q_A  = 5.57817	CLsb = 0.04563	CLb  = 0.74952	CLs  = 0.06087
At r = 30.800251:	q_mu = 3.08684	q_A  = 6.01468	CLsb = 0.03946	CLb  = 0.75664	CLs  = 0.05216
At r = 31.278859:	q_mu = 3.18269	q_A  = 6.18900	CLsb = 0.03721	CLb  = 0.75921	CLs  = 0.04901
At r = 31.060344:	q_mu = 3.13864	q_A  = 6.10916	CLsb = 0.03823	CLb  = 0.75805	CLs  = 0.05043
At r = 31.156596:	q_mu = 3.15798	q_A  = 6.14427	CLsb = 0.03778	CLb  = 0.75857	CLs  = 0.04980

 -- Asymptotic -- 
Observed Limit: r < 31.1566
Expected  2.5%: r < 12.8354
Expected 16.0%: r < 17.2497
Expected 50.0%: r < 24.2500
Expected 84.0%: r < 34.4961
Expected 97.5%: r < 47.2200

Done in 0.14 min (cpu), 0.14 min (real)
