>>> including systematics
>>> method used to compute upper limit is Asymptotic
>>> random number generator seed is 123456
Adding discrete pdfindex_diBBZ_pT2_mt2_0_13TeV
Computing limit starting from observation
Will compute both limit(s) using minimizer Minuit2 with strategy 0 and tolerance 0.01
  [WARNING] Found [env_pdf_50_13TeV_exp1_p1] at boundary. 
  [WARNING] Found [env_pdf_50_13TeV_lau1_l1] at boundary. 
Constraints of type SimpleGaussianConstraint: 15
Median for expected limits: 1.57031
Sigma  for expected limits: 0.801195
Constraints of type SimpleGaussianConstraint: 15
Constraints of type SimpleGaussianConstraint: 15
Restricting r to positive values.

Make global fit of real data
NLL at global minimum of data: -5.04135 (r = 0)

Make global fit of asimov data
NLL at global minimum of asimov: -3.29771 (r = 0.000149941)
At r = 1.402029:	q_mu = 5.76254	q_A  = 3.15378	CLsb = 0.00603	CLb  = 0.23132	CLs  = 0.02607
At r = 0.701014:	q_mu = 2.31784	q_A  = 0.91829	CLsb = 0.04566	CLb  = 0.23262	CLs  = 0.19627
At r = 1.051521:	q_mu = 3.93672	q_A  = 1.90948	CLsb = 0.01720	CLb  = 0.23162	CLs  = 0.07426
At r = 1.227563:	q_mu = 4.83127	q_A  = 2.50640	CLsb = 0.01024	CLb  = 0.23140	CLs  = 0.04426
At r = 1.159146:	q_mu = 4.47789	q_A  = 2.26733	CLsb = 0.01255	CLb  = 0.23146	CLs  = 0.05423
At r = 1.194695:	q_mu = 4.66063	q_A  = 2.39046	CLsb = 0.01130	CLb  = 0.23143	CLs  = 0.04881
At r = 1.181078:	q_mu = 4.59041	q_A  = 2.34301	CLsb = 0.01176	CLb  = 0.23144	CLs  = 0.05082
At r = 1.188202:	q_mu = 4.62711	q_A  = 2.36779	CLsb = 0.01152	CLb  = 0.23143	CLs  = 0.04976
At r = 1.185481:	q_mu = 4.61308	q_A  = 2.35831	CLsb = 0.01161	CLb  = 0.23144	CLs  = 0.05016

 -- Asymptotic -- 
Observed Limit: r < 1.1855
Expected  2.5%: r < 0.7882
Expected 16.0%: r < 1.0785
Expected 50.0%: r < 1.5703
Expected 84.0%: r < 2.3527
Expected 97.5%: r < 3.4030

Done in 0.07 min (cpu), 0.08 min (real)
