>>> including systematics
>>> method used to compute upper limit is Asymptotic
>>> random number generator seed is 123456
Adding discrete pdfindex_j4toInf_b2toInf_pT0_mt2_0_13TeV
Computing limit starting from observation
Will compute both limit(s) using minimizer Minuit2 with strategy 0 and tolerance 0.01
  [WARNING] Found [env_pdf_15_13TeV_exp1_p1] at boundary. 
  [WARNING] Found [env_pdf_15_13TeV_exp3_p1] at boundary. 
  [WARNING] Found [env_pdf_15_13TeV_exp3_p2] at boundary. 
  [WARNING] Found [env_pdf_15_13TeV_lau1_l1] at boundary. 
  [WARNING] Found [env_pdf_15_13TeV_lau2_h1] at boundary. 
  [WARNING] Found [env_pdf_15_13TeV_lau2_l1] at boundary. 
Constraints of type SimpleGaussianConstraint: 14
Median for expected limits: 88
Sigma  for expected limits: 44.8988
Constraints of type SimpleGaussianConstraint: 14
Constraints of type SimpleGaussianConstraint: 14
Restricting r to positive values.

Make global fit of real data
NLL at global minimum of data: -0.742679 (r = 0)

Make global fit of asimov data
NLL at global minimum of asimov: -0.849438 (r = 1.44658e-13)
At r = 491.789929:	q_mu = 27.46704	q_A  = 28.02180	CLsb = 0.00000	CLb  = 0.52100	CLs  = 0.00000
At r = 245.894965:	q_mu = 13.18972	q_A  = 13.79932	CLsb = 0.00014	CLb  = 0.53307	CLs  = 0.00026
At r = 122.947482:	q_mu = 5.46161	q_A  = 6.05182	CLsb = 0.00972	CLb  = 0.54896	CLs  = 0.01771
At r = 61.473741:	q_mu = 2.02868	q_A  = 2.31650	CLsb = 0.07718	CLb  = 0.53891	CLs  = 0.14321
At r = 86.229245:	q_mu = 3.31000	q_A  = 3.73329	CLsb = 0.03443	CLb  = 0.54492	CLs  = 0.06318
At r = 98.976340:	q_mu = 4.03242	q_A  = 4.52100	CLsb = 0.02232	CLb  = 0.54704	CLs  = 0.04080
At r = 91.684560:	q_mu = 3.61507	q_A  = 4.06677	CLsb = 0.02863	CLb  = 0.54589	CLs  = 0.05244
At r = 94.251596:	q_mu = 3.76083	q_A  = 4.22565	CLsb = 0.02623	CLb  = 0.54631	CLs  = 0.04802
At r = 92.796451:	q_mu = 3.67804	q_A  = 4.13544	CLsb = 0.02757	CLb  = 0.54608	CLs  = 0.05048
At r = 93.310558:	q_mu = 3.70724	q_A  = 4.16727	CLsb = 0.02709	CLb  = 0.54616	CLs  = 0.04960
At r = 93.019666:	q_mu = 3.69071	q_A  = 4.14926	CLsb = 0.02736	CLb  = 0.54611	CLs  = 0.05010

 -- Asymptotic -- 
Observed Limit: r < 93.0197
Expected  2.5%: r < 36.2656
Expected 16.0%: r < 55.4639
Expected 50.0%: r < 88.0000
Expected 84.0%: r < 144.8250
Expected 97.5%: r < 234.0252

Done in 0.30 min (cpu), 0.30 min (real)
