>>> including systematics
>>> method used to compute upper limit is Asymptotic
>>> random number generator seed is 123456
Adding discrete pdfindex_j1to3_b1_pT1_mt2_0_13TeV
Computing limit starting from observation
Will compute both limit(s) using minimizer Minuit2 with strategy 0 and tolerance 0.01
  [WARNING] Found [env_pdf_7_13TeV_exp1_p1] at boundary. 
  [WARNING] Found [env_pdf_7_13TeV_exp3_f1] at boundary. 
  [WARNING] Found [env_pdf_7_13TeV_exp3_p1] at boundary. 
  [WARNING] Found [env_pdf_7_13TeV_exp3_p2] at boundary. 
  [WARNING] Found [env_pdf_7_13TeV_lau1_l1] at boundary. 
Constraints of type SimpleGaussianConstraint: 14
Median for expected limits: 5.14062
Sigma  for expected limits: 2.62282
Constraints of type SimpleGaussianConstraint: 14
Constraints of type SimpleGaussianConstraint: 14
Restricting r to positive values.

Make global fit of real data
NLL at global minimum of data: -0.815637 (r = 2.31449)

Make global fit of asimov data
NLL at global minimum of asimov: -1.09147 (r = 0.00324439)
At r = 8.549992:	q_mu = 5.09361	q_A  = 9.76552	CLsb = 0.01201	CLb  = 0.80733	CLs  = 0.01487
At r = 5.432240:	q_mu = 1.38161	q_A  = 4.27484	CLsb = 0.11991	CLb  = 0.81384	CLs  = 0.14734
At r = 6.991116:	q_mu = 2.98960	q_A  = 6.80916	CLsb = 0.04190	CLb  = 0.81068	CLs  = 0.05169
At r = 7.770554:	q_mu = 3.98501	q_A  = 8.23982	CLsb = 0.02295	CLb  = 0.80901	CLs  = 0.02837
At r = 7.181476:	q_mu = 3.22175	q_A  = 7.14928	CLsb = 0.03633	CLb  = 0.81027	CLs  = 0.04484
At r = 7.064732:	q_mu = 3.07864	q_A  = 6.93984	CLsb = 0.03966	CLb  = 0.81050	CLs  = 0.04894
At r = 7.026846:	q_mu = 3.03278	q_A  = 6.87242	CLsb = 0.04080	CLb  = 0.81058	CLs  = 0.05033
At r = 7.041577:	q_mu = 3.05053	q_A  = 6.89860	CLsb = 0.04036	CLb  = 0.81055	CLs  = 0.04979

 -- Asymptotic -- 
Observed Limit: r < 7.0416
Expected  2.5%: r < 2.7209
Expected 16.0%: r < 3.6378
Expected 50.0%: r < 5.1406
Expected 84.0%: r < 7.3331
Expected 97.5%: r < 10.0886

Done in 0.20 min (cpu), 0.20 min (real)
