>>> including systematics
>>> method used to compute upper limit is Asymptotic
>>> random number generator seed is 123456
Adding discrete pdfindex_j0_b0toInf_pT1_13TeV
Computing limit starting from observation
Will compute both limit(s) using minimizer Minuit2 with strategy 0 and tolerance 0.01
  [WARNING] Found [env_pdf_62_13TeV_exp1_p1] at boundary. 
  [WARNING] Found [env_pdf_62_13TeV_exp3_p1] at boundary. 
  [WARNING] Found [env_pdf_62_13TeV_exp3_p2] at boundary. 
  [WARNING] Found [env_pdf_62_13TeV_lau1_l1] at boundary. 
  [WARNING] Found [env_pdf_62_13TeV_pow1_p1] at boundary. 
Constraints of type SimpleGaussianConstraint: 14
WARNING: Best fit of asimov dataset is at r = 0.043154 (0.002158 times rMax), while it should be at zero
Median for expected limits: 193.875
Sigma  for expected limits: 98.9176
Constraints of type SimpleGaussianConstraint: 14
Constraints of type SimpleGaussianConstraint: 14
Restricting r to positive values.

Make global fit of real data
NLL at global minimum of data: -0.962959 (r = 9.79949e-05)

Make global fit of asimov data
NLL at global minimum of asimov: -0.652206 (r = 1.2852e-05)
At r = 250.601937:	q_mu = 8.88248	q_A  = 6.06966	CLsb = 0.00120	CLb  = 0.28405	CLs  = 0.00424
At r = 125.301018:	q_mu = 3.24955	q_A  = 1.70425	CLsb = 0.02889	CLb  = 0.27697	CLs  = 0.10432
At r = 187.951477:	q_mu = 5.84543	q_A  = 3.63024	CLsb = 0.00645	CLb  = 0.28051	CLs  = 0.02299
At r = 162.199619:	q_mu = 4.71755	q_A  = 2.76838	CLsb = 0.01224	CLb  = 0.27902	CLs  = 0.04386
At r = 150.354922:	q_mu = 4.22620	q_A  = 2.40366	CLsb = 0.01625	CLb  = 0.27834	CLs  = 0.05839
At r = 155.491174:	q_mu = 4.43704	q_A  = 2.55925	CLsb = 0.01438	CLb  = 0.27864	CLs  = 0.05162
At r = 157.883837:	q_mu = 4.53643	q_A  = 2.63308	CLsb = 0.01358	CLb  = 0.27877	CLs  = 0.04872
At r = 156.546915:	q_mu = 4.48080	q_A  = 2.59172	CLsb = 0.01402	CLb  = 0.27870	CLs  = 0.05032
At r = 157.026438:	q_mu = 4.50073	q_A  = 2.60652	CLsb = 0.01386	CLb  = 0.27873	CLs  = 0.04974

 -- Asymptotic -- 
Observed Limit: r < 157.0264
Expected  2.5%: r < 101.1028
Expected 16.0%: r < 136.2548
Expected 50.0%: r < 193.8750
Expected 84.0%: r < 281.2007
Expected 97.5%: r < 395.6255

Done in 0.49 min (cpu), 0.49 min (real)
