>>> including systematics
>>> method used to compute upper limit is Asymptotic
>>> random number generator seed is 123456
Adding discrete pdfindex_j1to3_b1_pT2_mt2_0_13TeV
Computing limit starting from observation
Will compute both limit(s) using minimizer Minuit2 with strategy 0 and tolerance 0.01
  [WARNING] Found [env_pdf_8_13TeV_exp1_p1] at boundary. 
  [WARNING] Found [env_pdf_8_13TeV_lau1_l1] at boundary. 
  [WARNING] Found [env_pdf_8_13TeV_pow1_p1] at boundary. 
Constraints of type SimpleGaussianConstraint: 14
Median for expected limits: 25.375
Sigma  for expected limits: 12.9467
Constraints of type SimpleGaussianConstraint: 14
Constraints of type SimpleGaussianConstraint: 14
Restricting r to positive values.

Make global fit of real data
NLL at global minimum of data: -1.97694 (r = 1.87787e-07)

Make global fit of asimov data
NLL at global minimum of asimov: -1.08067 (r = 0.000458127)
At r = 10.291904:	q_mu = 3.44234	q_A  = 0.67088	CLsb = 0.00602	CLb  = 0.04534	CLs  = 0.13280
At r = 20.583807:	q_mu = 7.88557	q_A  = 2.56282	CLsb = 0.00055	CLb  = 0.04821	CLs  = 0.01142
At r = 10.291904:	q_mu = 3.44235	q_A  = 0.67090	CLsb = 0.00602	CLb  = 0.04534	CLs  = 0.13280
At r = 15.437855:	q_mu = 5.55084	q_A  = 1.47556	CLsb = 0.00191	CLb  = 0.04673	CLs  = 0.04094
At r = 13.709129:	q_mu = 4.81625	q_A  = 1.17276	CLsb = 0.00284	CLb  = 0.04626	CLs  = 0.06149
At r = 14.412336:	q_mu = 5.11188	q_A  = 1.29197	CLsb = 0.00242	CLb  = 0.04645	CLs  = 0.05219
At r = 14.762065:	q_mu = 5.26054	q_A  = 1.35329	CLsb = 0.00224	CLb  = 0.04654	CLs  = 0.04806
At r = 14.557773:	q_mu = 5.17356	q_A  = 1.31730	CLsb = 0.00234	CLb  = 0.04648	CLs  = 0.05043
At r = 14.627895:	q_mu = 5.20337	q_A  = 1.32960	CLsb = 0.00231	CLb  = 0.04650	CLs  = 0.04961
At r = 14.587074:	q_mu = 5.18601	q_A  = 1.32243	CLsb = 0.00233	CLb  = 0.04649	CLs  = 0.05009

 -- Asymptotic -- 
Observed Limit: r < 14.5871
Expected  2.5%: r < 13.4309
Expected 16.0%: r < 18.0499
Expected 50.0%: r < 25.3750
Expected 84.0%: r < 36.3999
Expected 97.5%: r < 49.9341

Done in 0.16 min (cpu), 0.16 min (real)
