>>> including systematics
>>> method used to compute upper limit is Asymptotic
>>> random number generator seed is 123456
Adding discrete pdfindex_j4toInf_b0_pT0_mt2_0_13TeV
Computing limit starting from observation
Will compute both limit(s) using minimizer Minuit2 with strategy 0 and tolerance 0.01
  [WARNING] Found [env_pdf_3_13TeV_exp1_p1] at boundary. 
  [WARNING] Found [env_pdf_3_13TeV_lau1_l1] at boundary. 
  [WARNING] Found [env_pdf_3_13TeV_lau2_h1] at boundary. 
  [WARNING] Found [env_pdf_3_13TeV_lau2_l1] at boundary. 
Constraints of type SimpleGaussianConstraint: 14
WARNING: Best fit of asimov dataset is at r = 0.036455 (0.001823 times rMax), while it should be at zero
Median for expected limits: 1986.5
Sigma  for expected limits: 1013.54
Constraints of type SimpleGaussianConstraint: 14
Constraints of type SimpleGaussianConstraint: 14
Restricting r to positive values.

Make global fit of real data
NLL at global minimum of data: -0.0379222 (r = 393.758)

Make global fit of asimov data
NLL at global minimum of asimov: -0.190016 (r = 0.0897544)
At r = 2786.512293:	q_mu = 3.64364	q_A  = 6.58560	CLsb = 0.02814	CLb  = 0.74454	CLs  = 0.03780
At r = 1590.134971:	q_mu = 1.20667	q_A  = 2.64791	CLsb = 0.13600	CLb  = 0.70151	CLs  = 0.19386
At r = 2188.323632:	q_mu = 2.26585	q_A  = 4.49641	CLsb = 0.06613	CLb  = 0.73079	CLs  = 0.09049
At r = 2513.503092:	q_mu = 2.98237	q_A  = 5.60743	CLsb = 0.04209	CLb  = 0.73925	CLs  = 0.05693
At r = 2637.339563:	q_mu = 3.27610	q_A  = 6.04641	CLsb = 0.03515	CLb  = 0.74181	CLs  = 0.04738
At r = 2583.550049:	q_mu = 3.14720	q_A  = 5.85474	CLsb = 0.03803	CLb  = 0.74074	CLs  = 0.05134
At r = 2608.481499:	q_mu = 3.20670	q_A  = 5.94339	CLsb = 0.03667	CLb  = 0.74124	CLs  = 0.04947
At r = 2597.756129:	q_mu = 3.18105	q_A  = 5.90521	CLsb = 0.03725	CLb  = 0.74103	CLs  = 0.05027

 -- Asymptotic -- 
Observed Limit: r < 2597.7561
Expected  2.5%: r < 977.7305
Expected 16.0%: r < 1352.0785
Expected 50.0%: r < 1986.5000
Expected 84.0%: r < 3007.9573
Expected 97.5%: r < 4441.3813

Done in 3.51 min (cpu), 3.52 min (real)
