>>> including systematics
>>> method used to compute upper limit is Asymptotic
>>> random number generator seed is 123456
Adding discrete pdfindex_j1to3_b1_pT1_mt2_30_13TeV
Computing limit starting from observation
Will compute both limit(s) using minimizer Minuit2 with strategy 0 and tolerance 0.01
  [WARNING] Found [env_pdf_25_13TeV_exp1_p1] at boundary. 
  [WARNING] Found [env_pdf_25_13TeV_exp3_f1] at boundary. 
  [WARNING] Found [env_pdf_25_13TeV_exp3_p1] at boundary. 
  [WARNING] Found [env_pdf_25_13TeV_exp3_p2] at boundary. 
  [WARNING] Found [env_pdf_25_13TeV_lau1_l1] at boundary. 
Constraints of type SimpleGaussianConstraint: 15
Median for expected limits: 9.46875
Sigma  for expected limits: 4.83108
Constraints of type SimpleGaussianConstraint: 15
Constraints of type SimpleGaussianConstraint: 15
Restricting r to positive values.

Make global fit of real data
NLL at global minimum of data: -0.364432 (r = 1.94586e-14)

Make global fit of asimov data
NLL at global minimum of asimov: -0.183937 (r = 0.000114111)
At r = 43.679717:	q_mu = 47.92821	q_A  = 44.39695	CLsb = 0.00000	CLb  = 0.39551	CLs  = 0.00000
At r = 21.839858:	q_mu = 18.63348	q_A  = 16.28724	CLsb = 0.00001	CLb  = 0.38565	CLs  = 0.00002
At r = 10.919929:	q_mu = 6.47273	q_A  = 4.95603	CLsb = 0.00513	CLb  = 0.36669	CLs  = 0.01399
At r = 5.459965:	q_mu = 2.18119	q_A  = 1.36572	CLsb = 0.06457	CLb  = 0.36358	CLs  = 0.17758
At r = 8.189947:	q_mu = 4.10899	q_A  = 2.92852	CLsb = 0.01988	CLb  = 0.36508	CLs  = 0.05446
At r = 9.554938:	q_mu = 5.24153	q_A  = 3.88943	CLsb = 0.01031	CLb  = 0.36588	CLs  = 0.02817
At r = 8.604451:	q_mu = 4.44189	q_A  = 3.20854	CLsb = 0.01636	CLb  = 0.36532	CLs  = 0.04478
At r = 8.417616:	q_mu = 4.29061	q_A  = 3.08101	CLsb = 0.01787	CLb  = 0.36521	CLs  = 0.04893
At r = 8.335389:	q_mu = 4.22467	q_A  = 3.02557	CLsb = 0.01858	CLb  = 0.36517	CLs  = 0.05087
At r = 8.381056:	q_mu = 4.26125	q_A  = 3.05631	CLsb = 0.01818	CLb  = 0.36519	CLs  = 0.04979

 -- Asymptotic -- 
Observed Limit: r < 8.3811
Expected  2.5%: r < 4.9378
Expected 16.0%: r < 6.6900
Expected 50.0%: r < 9.4688
Expected 84.0%: r < 13.6959
Expected 97.5%: r < 19.0625

Done in 0.13 min (cpu), 0.13 min (real)
