>>> including systematics
>>> method used to compute upper limit is Asymptotic
>>> random number generator seed is 123456
Adding discrete pdfindex_j1to3_b2toInf_pT0_mt2_30_13TeV
Computing limit starting from observation
Will compute both limit(s) using minimizer Minuit2 with strategy 0 and tolerance 0.01
  [WARNING] Found [env_pdf_30_13TeV_exp1_p1] at boundary. 
  [WARNING] Found [env_pdf_30_13TeV_lau1_l1] at boundary. 
Constraints of type SimpleGaussianConstraint: 15
Median for expected limits: 123.25
Sigma  for expected limits: 62.8838
Constraints of type SimpleGaussianConstraint: 15
Constraints of type SimpleGaussianConstraint: 15
Restricting r to positive values.

Make global fit of real data
NLL at global minimum of data: -0.966503 (r = 1.51362e-10)

Make global fit of asimov data
NLL at global minimum of asimov: -0.502034 (r = 0.000851195)
At r = 657.059240:	q_mu = 56.15582	q_A  = 54.40776	CLsb = 0.00000	CLb  = 0.45284	CLs  = 0.00000
At r = 328.529620:	q_mu = 22.69993	q_A  = 20.77200	CLsb = 0.00000	CLb  = 0.41625	CLs  = 0.00000
At r = 164.264810:	q_mu = 7.99099	q_A  = 6.45129	CLsb = 0.00223	CLb  = 0.38091	CLs  = 0.00587
At r = 82.132405:	q_mu = 2.76014	q_A  = 1.93885	CLsb = 0.04577	CLb  = 0.38403	CLs  = 0.11918
At r = 123.198607:	q_mu = 5.24092	q_A  = 3.84553	CLsb = 0.01026	CLb  = 0.36100	CLs  = 0.02841
At r = 102.036038:	q_mu = 3.96767	q_A  = 2.76174	CLsb = 0.02145	CLb  = 0.35837	CLs  = 0.05986
At r = 110.356863:	q_mu = 4.50840	q_A  = 3.16393	CLsb = 0.01552	CLb  = 0.35274	CLs  = 0.04399
At r = 105.923525:	q_mu = 4.22235	q_A  = 2.94562	CLsb = 0.01839	CLb  = 0.35497	CLs  = 0.05180
At r = 107.578565:	q_mu = 4.33253	q_A  = 3.02606	CLsb = 0.01721	CLb  = 0.35364	CLs  = 0.04867
At r = 106.675712:	q_mu = 4.27229	q_A  = 2.98202	CLsb = 0.01784	CLb  = 0.35435	CLs  = 0.05036
At r = 107.007800:	q_mu = 4.29441	q_A  = 2.99817	CLsb = 0.01761	CLb  = 0.35409	CLs  = 0.04973

 -- Asymptotic -- 
Observed Limit: r < 107.0078
Expected  2.5%: r < 55.6069
Expected 16.0%: r < 83.8796
Expected 50.0%: r < 123.2500
Expected 84.0%: r < 177.7821
Expected 97.5%: r < 246.2715

Done in 0.14 min (cpu), 0.14 min (real)
