>>> including systematics
>>> method used to compute upper limit is Asymptotic
>>> random number generator seed is 123456
Adding discrete pdfindex_is1Mu_pT2_mt2_30_13TeV
Computing limit starting from observation
Will compute both limit(s) using minimizer Minuit2 with strategy 0 and tolerance 0.01
  [WARNING] Found [env_pdf_47_13TeV_lau1_l1] at boundary. 
Constraints of type SimpleGaussianConstraint: 15
Median for expected limits: 8.28125
Sigma  for expected limits: 4.22521
Constraints of type SimpleGaussianConstraint: 15
Constraints of type SimpleGaussianConstraint: 15
Restricting r to positive values.

Make global fit of real data
NLL at global minimum of data: -0.36805 (r = 1.14489)

Make global fit of asimov data
NLL at global minimum of asimov: -0.41958 (r = 1.64627e-05)
At r = 9.885312:	q_mu = 3.94656	q_A  = 4.98874	CLsb = 0.02348	CLb  = 0.59753	CLs  = 0.03930
At r = 5.515099:	q_mu = 1.30761	q_A  = 2.02886	CLsb = 0.12641	CLb  = 0.61060	CLs  = 0.20703
At r = 7.700206:	q_mu = 2.52939	q_A  = 3.43072	CLsb = 0.05587	CLb  = 0.60327	CLs  = 0.09262
At r = 8.957294:	q_mu = 3.32565	q_A  = 4.31188	CLsb = 0.03410	CLb  = 0.59982	CLs  = 0.05686
At r = 9.401262:	q_mu = 3.61954	q_A  = 4.63318	CLsb = 0.02855	CLb  = 0.59870	CLs  = 0.04769
At r = 9.216940:	q_mu = 3.49679	q_A  = 4.49920	CLsb = 0.03074	CLb  = 0.59916	CLs  = 0.05131
At r = 9.305996:	q_mu = 3.55597	q_A  = 4.56383	CLsb = 0.02967	CLb  = 0.59893	CLs  = 0.04953
At r = 9.269184:	q_mu = 3.53148	q_A  = 4.53710	CLsb = 0.03011	CLb  = 0.59902	CLs  = 0.05026

 -- Asymptotic -- 
Observed Limit: r < 9.2692
Expected  2.5%: r < 3.8657
Expected 16.0%: r < 5.4698
Expected 50.0%: r < 8.2812
Expected 84.0%: r < 13.0676
Expected 97.5%: r < 19.9766

Done in 0.04 min (cpu), 0.04 min (real)
