>>> including systematics
>>> method used to compute upper limit is Asymptotic
>>> random number generator seed is 123456
Adding discrete pdfindex_j4toInf_b0_pT1_mt2_30_13TeV
Computing limit starting from observation
Will compute both limit(s) using minimizer Minuit2 with strategy 0 and tolerance 0.01
  [WARNING] Found [env_pdf_22_13TeV_lau1_l1] at boundary. 
Constraints of type SimpleGaussianConstraint: 14
Median for expected limits: 64.25
Sigma  for expected limits: 32.7812
Constraints of type SimpleGaussianConstraint: 14
Constraints of type SimpleGaussianConstraint: 14
Restricting r to positive values.

Make global fit of real data
NLL at global minimum of data: -0.0944084 (r = 24.9492)

Make global fit of asimov data
NLL at global minimum of asimov: -0.216393 (r = 0.0186406)
At r = 105.561382:	q_mu = 5.00472	q_A  = 8.49625	CLsb = 0.01264	CLb  = 0.75102	CLs  = 0.01683
At r = 65.255297:	q_mu = 1.54872	q_A  = 3.93303	CLsb = 0.10666	CLb  = 0.76996	CLs  = 0.13853
At r = 88.904799:	q_mu = 3.42498	q_A  = 6.50617	CLsb = 0.03211	CLb  = 0.75805	CLs  = 0.04236
At r = 81.526081:	q_mu = 2.78685	q_A  = 5.66659	CLsb = 0.04752	CLb  = 0.76148	CLs  = 0.06241
At r = 84.901992:	q_mu = 3.07354	q_A  = 6.04708	CLsb = 0.03979	CLb  = 0.75988	CLs  = 0.05236
At r = 86.399270:	q_mu = 3.20358	q_A  = 6.21783	CLsb = 0.03674	CLb  = 0.75919	CLs  = 0.04839
At r = 85.603030:	q_mu = 3.13421	q_A  = 6.12688	CLsb = 0.03833	CLb  = 0.75956	CLs  = 0.05047
At r = 85.903361:	q_mu = 3.16032	q_A  = 6.16115	CLsb = 0.03772	CLb  = 0.75942	CLs  = 0.04968

 -- Asymptotic -- 
Observed Limit: r < 85.9034
Expected  2.5%: r < 31.7485
Expected 16.0%: r < 44.0635
Expected 50.0%: r < 64.2500
Expected 84.0%: r < 96.7751
Expected 97.5%: r < 141.0680

Done in 0.08 min (cpu), 0.09 min (real)
