>>> including systematics
>>> method used to compute upper limit is Asymptotic
>>> random number generator seed is 123456
Adding discrete pdfindex_j4toInf_b0_pT2_mt2_0_13TeV
Computing limit starting from observation
Will compute both limit(s) using minimizer Minuit2 with strategy 0 and tolerance 0.01
  [WARNING] Found [env_pdf_5_13TeV_exp1_p1] at boundary. 
  [WARNING] Found [env_pdf_5_13TeV_lau1_l1] at boundary. 
Constraints of type SimpleGaussianConstraint: 14
Median for expected limits: 43.125
Sigma  for expected limits: 22.003
Constraints of type SimpleGaussianConstraint: 14
Constraints of type SimpleGaussianConstraint: 14
Restricting r to positive values.

Make global fit of real data
NLL at global minimum of data: -1.35031 (r = 17.1143)

Make global fit of asimov data
NLL at global minimum of asimov: -0.368655 (r = 0.0100321)
At r = 72.218996:	q_mu = 5.56571	q_A  = 9.60349	CLsb = 0.00916	CLb  = 0.77028	CLs  = 0.01189
At r = 44.666645:	q_mu = 1.63011	q_A  = 4.07868	CLsb = 0.10084	CLb  = 0.77120	CLs  = 0.13076
At r = 58.442821:	q_mu = 3.37968	q_A  = 6.64301	CLsb = 0.03300	CLb  = 0.77005	CLs  = 0.04286
At r = 54.164680:	q_mu = 2.78442	q_A  = 5.79868	CLsb = 0.04759	CLb  = 0.77016	CLs  = 0.06180
At r = 56.145590:	q_mu = 3.05461	q_A  = 6.18484	CLsb = 0.04025	CLb  = 0.77010	CLs  = 0.05227
At r = 57.016146:	q_mu = 3.17635	q_A  = 6.35714	CLsb = 0.03736	CLb  = 0.77008	CLs  = 0.04851
At r = 56.559761:	q_mu = 3.11230	q_A  = 6.26661	CLsb = 0.03885	CLb  = 0.77009	CLs  = 0.05045
At r = 56.734487:	q_mu = 3.13676	q_A  = 6.30122	CLsb = 0.03827	CLb  = 0.77009	CLs  = 0.04970

 -- Asymptotic -- 
Observed Limit: r < 56.7345
Expected  2.5%: r < 22.1521
Expected 16.0%: r < 30.4266
Expected 50.0%: r < 43.1250
Expected 84.0%: r < 62.2057
Expected 97.5%: r < 86.7086

Done in 0.09 min (cpu), 0.09 min (real)
