>>> including systematics
>>> method used to compute upper limit is Asymptotic
>>> random number generator seed is 123456
Adding discrete pdfindex_diBBZ_pT2_mt2_0_13TeV
Computing limit starting from observation
Will compute both limit(s) using minimizer Minuit2 with strategy 0 and tolerance 0.01
  [WARNING] Found [env_pdf_50_13TeV_exp1_p1] at boundary. 
  [WARNING] Found [env_pdf_50_13TeV_lau1_l1] at boundary. 
Constraints of type SimpleGaussianConstraint: 15
Median for expected limits: 7.59375
Sigma  for expected limits: 3.87443
Constraints of type SimpleGaussianConstraint: 15
Constraints of type SimpleGaussianConstraint: 15
Restricting r to positive values.

Make global fit of real data
NLL at global minimum of data: -0.670941 (r = 5.55112e-15)

Make global fit of asimov data
NLL at global minimum of asimov: -0.249788 (r = 4.88502e-05)
At r = 6.525412:	q_mu = 5.49497	q_A  = 2.98275	CLsb = 0.00706	CLb  = 0.23352	CLs  = 0.03022
At r = 3.262706:	q_mu = 2.22590	q_A  = 0.87223	CLsb = 0.04859	CLb  = 0.23431	CLs  = 0.20739
At r = 4.894059:	q_mu = 3.76664	q_A  = 1.81020	CLsb = 0.01911	CLb  = 0.23359	CLs  = 0.08181
At r = 5.865501:	q_mu = 4.77650	q_A  = 2.48378	CLsb = 0.01063	CLb  = 0.23349	CLs  = 0.04552
At r = 5.546748:	q_mu = 4.43852	q_A  = 2.25437	CLsb = 0.01291	CLb  = 0.23351	CLs  = 0.05530
At r = 5.678777:	q_mu = 4.57776	q_A  = 2.34844	CLsb = 0.01192	CLb  = 0.23350	CLs  = 0.05103
At r = 5.742812:	q_mu = 4.64568	q_A  = 2.39455	CLsb = 0.01146	CLb  = 0.23350	CLs  = 0.04907
At r = 5.705525:	q_mu = 4.60610	q_A  = 2.36766	CLsb = 0.01172	CLb  = 0.23350	CLs  = 0.05021
At r = 5.718343:	q_mu = 4.61970	q_A  = 2.37689	CLsb = 0.01163	CLb  = 0.23350	CLs  = 0.04981

 -- Asymptotic -- 
Observed Limit: r < 5.7183
Expected  2.5%: r < 3.7524
Expected 16.0%: r < 5.1779
Expected 50.0%: r < 7.5938
Expected 84.0%: r < 11.3774
Expected 97.5%: r < 16.5481

Done in 0.09 min (cpu), 0.09 min (real)
