>>> including systematics
>>> method used to compute upper limit is Asymptotic
>>> random number generator seed is 123456
Adding discrete pdfindex_j4toInf_b0_pT2_mt2_30_13TeV
Computing limit starting from observation
Will compute both limit(s) using minimizer Minuit2 with strategy 0 and tolerance 0.01
  [WARNING] Found [env_pdf_23_13TeV_exp1_p1] at boundary. 
  [WARNING] Found [env_pdf_23_13TeV_lau1_l1] at boundary. 
Constraints of type SimpleGaussianConstraint: 14
Median for expected limits: 12.6875
Sigma  for expected limits: 6.47333
Constraints of type SimpleGaussianConstraint: 14
Constraints of type SimpleGaussianConstraint: 14
Restricting r to positive values.

Make global fit of real data
NLL at global minimum of data: -0.0629554 (r = 2.21039)

Make global fit of asimov data
NLL at global minimum of asimov: -0.218307 (r = 5.5893e-05)
At r = 17.261933:	q_mu = 4.32917	q_A  = 6.20294	CLsb = 0.01873	CLb  = 0.65906	CLs  = 0.02842
At r = 9.736160:	q_mu = 1.37210	q_A  = 2.51486	CLsb = 0.12073	CLb  = 0.66073	CLs  = 0.18272
At r = 13.499047:	q_mu = 2.72179	q_A  = 4.25021	CLsb = 0.04949	CLb  = 0.65976	CLs  = 0.07502
At r = 15.509963:	q_mu = 3.55409	q_A  = 5.27141	CLsb = 0.02970	CLb  = 0.65936	CLs  = 0.04504
At r = 14.778483:	q_mu = 3.24372	q_A  = 4.89355	CLsb = 0.03585	CLb  = 0.65950	CLs  = 0.05436
At r = 15.184903:	q_mu = 3.41515	q_A  = 5.10263	CLsb = 0.03230	CLb  = 0.65942	CLs  = 0.04898
At r = 15.039423:	q_mu = 3.35349	q_A  = 5.02754	CLsb = 0.03353	CLb  = 0.65945	CLs  = 0.05085
At r = 15.120871:	q_mu = 3.38797	q_A  = 5.06955	CLsb = 0.03284	CLb  = 0.65944	CLs  = 0.04980

 -- Asymptotic -- 
Observed Limit: r < 15.1209
Expected  2.5%: r < 6.0712
Expected 16.0%: r < 8.4748
Expected 50.0%: r < 12.6875
Expected 84.0%: r < 19.4137
Expected 97.5%: r < 28.9224

Done in 0.05 min (cpu), 0.05 min (real)
