>>> including systematics
>>> method used to compute upper limit is Asymptotic
>>> random number generator seed is 123456
Adding discrete pdfindex_j4toInf_b1_pT0_mt2_30_13TeV
Computing limit starting from observation
Will compute both limit(s) using minimizer Minuit2 with strategy 0 and tolerance 0.01
  [WARNING] Found [env_pdf_27_13TeV_lau1_l1] at boundary. 
  [WARNING] Found [env_pdf_27_13TeV_lau2_h1] at boundary. 
  [WARNING] Found [env_pdf_27_13TeV_lau2_l1] at boundary. 
Constraints of type SimpleGaussianConstraint: 15
Median for expected limits: 61.25
Sigma  for expected limits: 31.2506
Constraints of type SimpleGaussianConstraint: 15
Constraints of type SimpleGaussianConstraint: 15
Restricting r to positive values.

Make global fit of real data
NLL at global minimum of data: -1.25527 (r = 7.30731e-07)

Make global fit of asimov data
NLL at global minimum of asimov: -0.228972 (r = 0.000195687)
At r = 22.663723:	q_mu = 3.23845	q_A  = 0.68571	CLsb = 0.00891	CLb  = 0.06161	CLs  = 0.14457
At r = 45.327445:	q_mu = 6.99808	q_A  = 2.26976	CLsb = 0.00105	CLb  = 0.05830	CLs  = 0.01801
At r = 22.663723:	q_mu = 3.23845	q_A  = 0.68571	CLsb = 0.00891	CLb  = 0.06161	CLs  = 0.14457
At r = 31.905042:	q_mu = 4.72297	q_A  = 1.21536	CLsb = 0.00354	CLb  = 0.05582	CLs  = 0.06337
At r = 36.612108:	q_mu = 5.50646	q_A  = 1.54997	CLsb = 0.00230	CLb  = 0.05603	CLs  = 0.04103
At r = 33.957600:	q_mu = 5.06254	q_A  = 1.35626	CLsb = 0.00293	CLb  = 0.05578	CLs  = 0.05248
At r = 34.905961:	q_mu = 5.22053	q_A  = 1.42401	CLsb = 0.00268	CLb  = 0.05583	CLs  = 0.04807
At r = 34.376407:	q_mu = 5.13222	q_A  = 1.38598	CLsb = 0.00282	CLb  = 0.05580	CLs  = 0.05049
At r = 34.566358:	q_mu = 5.16387	q_A  = 1.39956	CLsb = 0.00277	CLb  = 0.05581	CLs  = 0.04961
At r = 34.460502:	q_mu = 5.14623	q_A  = 1.39198	CLsb = 0.00280	CLb  = 0.05580	CLs  = 0.05010

 -- Asymptotic -- 
Observed Limit: r < 34.4605
Expected  2.5%: r < 30.6250
Expected 16.0%: r < 42.2290
Expected 50.0%: r < 61.2500
Expected 84.0%: r < 89.8150
Expected 97.5%: r < 129.3694

Done in 0.10 min (cpu), 0.10 min (real)
