>>> including systematics
>>> method used to compute upper limit is Asymptotic
>>> random number generator seed is 123456
Adding discrete pdfindex_j4toInf_b1_pT1_mt2_30_13TeV
Computing limit starting from observation
Will compute both limit(s) using minimizer Minuit2 with strategy 0 and tolerance 0.01
  [WARNING] Found [env_pdf_28_13TeV_exp1_p1] at boundary. 
  [WARNING] Found [env_pdf_28_13TeV_lau1_l1] at boundary. 
  [WARNING] Found [env_pdf_28_13TeV_lau2_h1] at boundary. 
  [WARNING] Found [env_pdf_28_13TeV_lau2_l1] at boundary. 
Constraints of type SimpleGaussianConstraint: 15
Median for expected limits: 43.125
Sigma  for expected limits: 22.003
Constraints of type SimpleGaussianConstraint: 15
Constraints of type SimpleGaussianConstraint: 15
Restricting r to positive values.

Make global fit of real data
NLL at global minimum of data: -0.676589 (r = 5.99743e-15)

Make global fit of asimov data
NLL at global minimum of asimov: -0.185581 (r = 0.000148296)
At r = 28.016164:	q_mu = 4.02428	q_A  = 1.85705	CLsb = 0.01547	CLb  = 0.21326	CLs  = 0.07253
At r = 56.032329:	q_mu = 9.31623	q_A  = 5.84737	CLsb = 0.00086	CLb  = 0.23661	CLs  = 0.00363
At r = 28.016164:	q_mu = 4.02428	q_A  = 1.85705	CLsb = 0.01547	CLb  = 0.21326	CLs  = 0.07253
At r = 42.024247:	q_mu = 6.56946	q_A  = 3.68125	CLsb = 0.00378	CLb  = 0.22583	CLs  = 0.01673
At r = 33.659484:	q_mu = 5.02018	q_A  = 2.54228	CLsb = 0.00886	CLb  = 0.21857	CLs  = 0.04053
At r = 30.901667:	q_mu = 4.52800	q_A  = 2.19816	CLsb = 0.01165	CLb  = 0.21602	CLs  = 0.05395
At r = 32.039792:	q_mu = 4.72989	q_A  = 2.33811	CLsb = 0.01041	CLb  = 0.21708	CLs  = 0.04796
At r = 31.490080:	q_mu = 4.63216	q_A  = 2.27015	CLsb = 0.01100	CLb  = 0.21657	CLs  = 0.05077
At r = 31.718081:	q_mu = 4.67265	q_A  = 2.29825	CLsb = 0.01075	CLb  = 0.21678	CLs  = 0.04959
At r = 31.608213:	q_mu = 4.65313	q_A  = 2.28470	CLsb = 0.01087	CLb  = 0.21668	CLs  = 0.05015

 -- Asymptotic -- 
Observed Limit: r < 31.6082
Expected  2.5%: r < 21.1414
Expected 16.0%: r < 29.2994
Expected 50.0%: r < 43.1250
Expected 84.0%: r < 65.2999
Expected 97.5%: r < 95.9038

Done in 0.08 min (cpu), 0.08 min (real)
