>>> including systematics
>>> method used to compute upper limit is Asymptotic
>>> random number generator seed is 123456
Adding discrete pdfindex_j1to3_b2toInf_pT0_mt2_30_13TeV
Computing limit starting from observation
Will compute both limit(s) using minimizer Minuit2 with strategy 0 and tolerance 0.01
  [WARNING] Found [env_pdf_30_13TeV_exp1_p1] at boundary. 
  [WARNING] Found [env_pdf_30_13TeV_lau1_l1] at boundary. 
Constraints of type SimpleGaussianConstraint: 15
Median for expected limits: 107.625
Sigma  for expected limits: 54.9117
Constraints of type SimpleGaussianConstraint: 15
Constraints of type SimpleGaussianConstraint: 15
Restricting r to positive values.

Make global fit of real data
NLL at global minimum of data: -1.31988 (r = 3.53172e-07)

Make global fit of asimov data
NLL at global minimum of asimov: -0.693702 (r = 0.000603665)
At r = 180.043285:	q_mu = 8.29623	q_A  = 6.58333	CLsb = 0.00187	CLb  = 0.36927	CLs  = 0.00506
At r = 90.021643:	q_mu = 4.39479	q_A  = 3.13790	CLsb = 0.01674	CLb  = 0.36138	CLs  = 0.04633
At r = 45.010822:	q_mu = 1.99839	q_A  = 1.41525	CLsb = 0.07568	CLb  = 0.40319	CLs  = 0.18771
At r = 67.516232:	q_mu = 3.22131	q_A  = 2.23992	CLsb = 0.03404	CLb  = 0.37151	CLs  = 0.09162
At r = 83.509481:	q_mu = 4.06175	q_A  = 2.87595	CLsb = 0.02040	CLb  = 0.36331	CLs  = 0.05616
At r = 86.656477:	q_mu = 4.22338	q_A  = 3.00248	CLsb = 0.01853	CLb  = 0.36231	CLs  = 0.05115
At r = 87.948162:	q_mu = 4.28935	q_A  = 3.05445	CLsb = 0.01782	CLb  = 0.36193	CLs  = 0.04924
At r = 87.273013:	q_mu = 4.25490	q_A  = 3.02728	CLsb = 0.01819	CLb  = 0.36213	CLs  = 0.05023
At r = 87.530925:	q_mu = 4.26806	q_A  = 3.03766	CLsb = 0.01805	CLb  = 0.36205	CLs  = 0.04985

 -- Asymptotic -- 
Observed Limit: r < 87.5309
Expected  2.5%: r < 36.6808
Expected 16.0%: r < 61.3450
Expected 50.0%: r < 107.6250
Expected 84.0%: r < 204.5785
Expected 97.5%: r < 326.3134

Done in 0.11 min (cpu), 0.11 min (real)
