>>> including systematics
>>> method used to compute upper limit is Asymptotic
>>> random number generator seed is 123456
Adding discrete pdfindex_diBBH_pT1_mt2_30_13TeV
Computing limit starting from observation
Will compute both limit(s) using minimizer Minuit2 with strategy 0 and tolerance 0.01
  [WARNING] Found [env_pdf_58_13TeV_lau1_l1] at boundary. 
Constraints of type SimpleGaussianConstraint: 15
Median for expected limits: 10.9766
Sigma  for expected limits: 5.60039
Constraints of type SimpleGaussianConstraint: 15
Constraints of type SimpleGaussianConstraint: 15
Restricting r to positive values.

Make global fit of real data
NLL at global minimum of data: -0.839957 (r = 5.38837e-13)

Make global fit of asimov data
NLL at global minimum of asimov: -0.60631 (r = 3.16442e-05)
At r = 22.916437:	q_mu = 9.13481	q_A  = 8.27234	CLsb = 0.00124	CLb  = 0.44041	CLs  = 0.00281
At r = 11.458219:	q_mu = 4.73748	q_A  = 4.03821	CLsb = 0.01450	CLb  = 0.43094	CLs  = 0.03364
At r = 5.729109:	q_mu = 2.20295	q_A  = 1.67698	CLsb = 0.06706	CLb  = 0.41954	CLs  = 0.15984
At r = 8.593664:	q_mu = 3.48767	q_A  = 2.85986	CLsb = 0.03028	CLb  = 0.42637	CLs  = 0.07101
At r = 10.242853:	q_mu = 4.21391	q_A  = 3.54252	CLsb = 0.01967	CLb  = 0.42922	CLs  = 0.04584
At r = 9.651069:	q_mu = 3.95524	q_A  = 3.29855	CLsb = 0.02291	CLb  = 0.42827	CLs  = 0.05350
At r = 9.976771:	q_mu = 4.09789	q_A  = 3.43299	CLsb = 0.02106	CLb  = 0.42880	CLs  = 0.04912
At r = 9.857607:	q_mu = 4.04578	q_A  = 3.38385	CLsb = 0.02172	CLb  = 0.42861	CLs  = 0.05068
At r = 9.922583:	q_mu = 4.07421	q_A  = 3.41065	CLsb = 0.02136	CLb  = 0.42871	CLs  = 0.04982
At r = 9.898718:	q_mu = 4.06377	q_A  = 3.40081	CLsb = 0.02149	CLb  = 0.42868	CLs  = 0.05013

 -- Asymptotic -- 
Observed Limit: r < 9.8987
Expected  2.5%: r < 4.3092
Expected 16.0%: r < 6.5229
Expected 50.0%: r < 10.9766
Expected 84.0%: r < 20.3397
Expected 97.5%: r < 33.2763

Done in 0.06 min (cpu), 0.06 min (real)
