>>> including systematics
>>> method used to compute upper limit is Asymptotic
>>> random number generator seed is 123456
Adding discrete pdfindex_diBBZ_pT0_mt2_0_13TeV
Computing limit starting from observation
Will compute both limit(s) using minimizer Minuit2 with strategy 0 and tolerance 0.01
  [WARNING] Found [env_pdf_48_13TeV_exp1_p1] at boundary. 
  [WARNING] Found [env_pdf_48_13TeV_exp3_f1] at boundary. 
  [WARNING] Found [env_pdf_48_13TeV_exp3_p1] at boundary. 
  [WARNING] Found [env_pdf_48_13TeV_exp3_p2] at boundary. 
  [WARNING] Found [env_pdf_48_13TeV_lau1_l1] at boundary. 
Constraints of type SimpleGaussianConstraint: 15
Median for expected limits: 5.14062
Sigma  for expected limits: 2.62282
Constraints of type SimpleGaussianConstraint: 15
Constraints of type SimpleGaussianConstraint: 15
Restricting r to positive values.

Make global fit of real data
NLL at global minimum of data: -0.723577 (r = 0.395549)

Make global fit of asimov data
NLL at global minimum of asimov: -0.889199 (r = 0.00136939)
At r = 8.492297:	q_mu = 8.17954	q_A  = 9.12887	CLsb = 0.00212	CLb  = 0.56412	CLs  = 0.00376
At r = 4.443923:	q_mu = 2.45948	q_A  = 2.93742	CLsb = 0.05841	CLb  = 0.55789	CLs  = 0.10470
At r = 6.468110:	q_mu = 5.07141	q_A  = 5.80448	CLsb = 0.01216	CLb  = 0.56248	CLs  = 0.02162
At r = 5.607468:	q_mu = 3.91555	q_A  = 4.49407	CLsb = 0.02392	CLb  = 0.55612	CLs  = 0.04301
At r = 5.217261:	q_mu = 3.39754	q_A  = 3.94371	CLsb = 0.03265	CLb  = 0.55671	CLs  = 0.05864
At r = 5.377837:	q_mu = 3.60723	q_A  = 4.16689	CLsb = 0.02876	CLb  = 0.55647	CLs  = 0.05169
At r = 5.457010:	q_mu = 3.71241	q_A  = 4.27865	CLsb = 0.02700	CLb  = 0.55635	CLs  = 0.04854
At r = 5.411317:	q_mu = 3.65156	q_A  = 4.21402	CLsb = 0.02801	CLb  = 0.55642	CLs  = 0.05034
At r = 5.427198:	q_mu = 3.67266	q_A  = 4.23644	CLsb = 0.02766	CLb  = 0.55640	CLs  = 0.04971

 -- Asymptotic -- 
Observed Limit: r < 5.4272
Expected  2.5%: r < 2.6808
Expected 16.0%: r < 3.6128
Expected 50.0%: r < 5.1406
Expected 84.0%: r < 7.4561
Expected 97.5%: r < 10.6178

Done in 0.10 min (cpu), 0.11 min (real)
