>>> including systematics
>>> method used to compute upper limit is Asymptotic
>>> random number generator seed is 123456
Adding discrete pdfindex_j1to3_b1_pT1_mt2_30_13TeV
Computing limit starting from observation
Will compute both limit(s) using minimizer Minuit2 with strategy 0 and tolerance 0.01
  [WARNING] Found [env_pdf_25_13TeV_exp1_p1] at boundary. 
  [WARNING] Found [env_pdf_25_13TeV_exp3_f1] at boundary. 
  [WARNING] Found [env_pdf_25_13TeV_exp3_p1] at boundary. 
  [WARNING] Found [env_pdf_25_13TeV_exp3_p2] at boundary. 
  [WARNING] Found [env_pdf_25_13TeV_lau1_l1] at boundary. 
Constraints of type SimpleGaussianConstraint: 15
Median for expected limits: 8.40625
Sigma  for expected limits: 4.28898
Constraints of type SimpleGaussianConstraint: 15
Constraints of type SimpleGaussianConstraint: 15
Restricting r to positive values.

Make global fit of real data
NLL at global minimum of data: -0.791605 (r = 6.62107e-14)

Make global fit of asimov data
NLL at global minimum of asimov: -0.483176 (r = 9.52679e-05)
At r = 12.264353:	q_mu = 7.45619	q_A  = 6.13917	CLsb = 0.00304	CLb  = 0.39521	CLs  = 0.00769
At r = 6.132177:	q_mu = 3.41894	q_A  = 2.48163	CLsb = 0.03055	CLb  = 0.38304	CLs  = 0.07975
At r = 9.198265:	q_mu = 5.47807	q_A  = 4.31902	CLsb = 0.00921	CLb  = 0.39018	CLs  = 0.02360
At r = 7.685963:	q_mu = 4.46856	q_A  = 3.40830	CLsb = 0.01645	CLb  = 0.38700	CLs  = 0.04251
At r = 7.054417:	q_mu = 4.04264	q_A  = 3.02931	CLsb = 0.02110	CLb  = 0.38549	CLs  = 0.05473
At r = 7.361371:	q_mu = 4.24987	q_A  = 3.21326	CLsb = 0.01868	CLb  = 0.38624	CLs  = 0.04838
At r = 7.234299:	q_mu = 4.16412	q_A  = 3.13704	CLsb = 0.01965	CLb  = 0.38593	CLs  = 0.05091
At r = 7.295537:	q_mu = 4.20545	q_A  = 3.17376	CLsb = 0.01918	CLb  = 0.38608	CLs  = 0.04967
At r = 7.270092:	q_mu = 4.18828	q_A  = 3.15850	CLsb = 0.01937	CLb  = 0.38602	CLs  = 0.05018

 -- Asymptotic -- 
Observed Limit: r < 7.2701
Expected  2.5%: r < 3.6942
Expected 16.0%: r < 5.2955
Expected 50.0%: r < 8.4062
Expected 84.0%: r < 14.5046
Expected 97.5%: r < 25.4758

Done in 0.11 min (cpu), 0.11 min (real)
