>>> including systematics
>>> method used to compute upper limit is Asymptotic
>>> random number generator seed is 123456
Adding discrete pdfindex_j1to3_b0_pT1_mt2_0_13TeV
Computing limit starting from observation
Will compute both limit(s) using minimizer Minuit2 with strategy 0 and tolerance 0.01
  [WARNING] Found [env_pdf_1_13TeV_exp1_p1] at boundary. 
  [WARNING] Found [env_pdf_1_13TeV_lau1_l1] at boundary. 
  [WARNING] Found [env_pdf_1_13TeV_pow1_p1] at boundary. 
Constraints of type SimpleGaussianConstraint: 14
Median for expected limits: 86.625
Sigma  for expected limits: 44.1972
Constraints of type SimpleGaussianConstraint: 14
Constraints of type SimpleGaussianConstraint: 14
Restricting r to positive values.

Make global fit of real data
NLL at global minimum of data: -1.28353 (r = 24.7245)

Make global fit of asimov data
NLL at global minimum of asimov: -1.38956 (r = 0.00011199)
At r = 143.456971:	q_mu = 5.36149	q_A  = 9.82363	CLsb = 0.01029	CLb  = 0.79354	CLs  = 0.01297
At r = 84.090721:	q_mu = 1.80112	q_A  = 3.62712	CLsb = 0.08979	CLb  = 0.71309	CLs  = 0.12591
At r = 113.773846:	q_mu = 3.30265	q_A  = 6.41236	CLsb = 0.03458	CLb  = 0.76268	CLs  = 0.04535
At r = 105.565311:	q_mu = 2.85001	q_A  = 5.57536	CLsb = 0.04569	CLb  = 0.74953	CLs  = 0.06095
At r = 109.962923:	q_mu = 3.08588	q_A  = 6.01768	CLsb = 0.03949	CLb  = 0.75692	CLs  = 0.05217
At r = 111.648476:	q_mu = 3.18035	q_A  = 6.19096	CLsb = 0.03726	CLb  = 0.75954	CLs  = 0.04906
At r = 110.895350:	q_mu = 3.13786	q_A  = 6.11328	CLsb = 0.03825	CLb  = 0.75838	CLs  = 0.05043
At r = 111.234286:	q_mu = 3.15693	q_A  = 6.14819	CLsb = 0.03780	CLb  = 0.75890	CLs  = 0.04981

 -- Asymptotic -- 
Observed Limit: r < 111.2343
Expected  2.5%: r < 46.0195
Expected 16.0%: r < 61.7224
Expected 50.0%: r < 86.6250
Expected 84.0%: r < 122.8806
Expected 97.5%: r < 168.4441

Done in 0.22 min (cpu), 0.23 min (real)
