>>> including systematics
>>> method used to compute upper limit is Asymptotic
>>> random number generator seed is 123456
Adding discrete pdfindex_j1to3_b1_pT1_mt2_0_13TeV
Computing limit starting from observation
Will compute both limit(s) using minimizer Minuit2 with strategy 0 and tolerance 0.01
  [WARNING] Found [env_pdf_7_13TeV_exp1_p1] at boundary. 
  [WARNING] Found [env_pdf_7_13TeV_exp3_f1] at boundary. 
  [WARNING] Found [env_pdf_7_13TeV_exp3_p1] at boundary. 
  [WARNING] Found [env_pdf_7_13TeV_exp3_p2] at boundary. 
  [WARNING] Found [env_pdf_7_13TeV_lau1_l1] at boundary. 
Constraints of type SimpleGaussianConstraint: 14
Median for expected limits: 130.625
Sigma  for expected limits: 66.6466
Constraints of type SimpleGaussianConstraint: 14
Constraints of type SimpleGaussianConstraint: 14
Restricting r to positive values.

Make global fit of real data
NLL at global minimum of data: -0.662454 (r = 57.7057)

Make global fit of asimov data
NLL at global minimum of asimov: -0.687176 (r = 0.0454751)
At r = 214.698960:	q_mu = 5.01432	q_A  = 9.55333	CLsb = 0.01257	CLb  = 0.80278	CLs  = 0.01566
At r = 136.202353:	q_mu = 1.35353	q_A  = 4.15659	CLsb = 0.12233	CLb  = 0.80931	CLs  = 0.15115
At r = 175.450657:	q_mu = 2.93563	q_A  = 6.64516	CLsb = 0.04332	CLb  = 0.80633	CLs  = 0.05373
At r = 185.131468:	q_mu = 3.40570	q_A  = 7.32688	CLsb = 0.03249	CLb  = 0.80548	CLs  = 0.04033
At r = 179.328489:	q_mu = 3.12031	q_A  = 6.91522	CLsb = 0.03866	CLb  = 0.80600	CLs  = 0.04797
At r = 177.417453:	q_mu = 3.02869	q_A  = 6.78162	CLsb = 0.04090	CLb  = 0.80616	CLs  = 0.05074
At r = 178.197998:	q_mu = 3.06596	q_A  = 6.83606	CLsb = 0.03997	CLb  = 0.80610	CLs  = 0.04959
At r = 177.816839:	q_mu = 3.04773	q_A  = 6.80945	CLsb = 0.04042	CLb  = 0.80613	CLs  = 0.05015

 -- Asymptotic -- 
Observed Limit: r < 177.8168
Expected  2.5%: r < 69.1394
Expected 16.0%: r < 92.9170
Expected 50.0%: r < 130.6250
Expected 84.0%: r < 186.3374
Expected 97.5%: r < 256.3542

Done in 0.50 min (cpu), 0.50 min (real)
