>>> including systematics
>>> method used to compute upper limit is Asymptotic
>>> random number generator seed is 123456
Adding discrete pdfindex_j4toInf_b2toInf_pT1_mt2_30_13TeV
Computing limit starting from observation
Will compute both limit(s) using minimizer Minuit2 with strategy 0 and tolerance 0.01
  [WARNING] Found [env_pdf_34_13TeV_exp1_p1] at boundary. 
  [WARNING] Found [env_pdf_34_13TeV_exp3_p2] at boundary. 
  [WARNING] Found [env_pdf_34_13TeV_lau1_l1] at boundary. 
  [WARNING] Found [env_pdf_34_13TeV_lau2_h1] at boundary. 
  [WARNING] Found [env_pdf_34_13TeV_lau2_l1] at boundary. 
  [WARNING] Found [env_pdf_34_13TeV_pow1_p1] at boundary. 
Constraints of type SimpleGaussianConstraint: 14
WARNING: Best fit of asimov dataset is at r = 0.037296 (0.001865 times rMax), while it should be at zero
Median for expected limits: 180.625
Sigma  for expected limits: 92.1573
Constraints of type SimpleGaussianConstraint: 14
Constraints of type SimpleGaussianConstraint: 14
Restricting r to positive values.

Make global fit of real data
NLL at global minimum of data: -0.304691 (r = 93.3132)

Make global fit of asimov data
NLL at global minimum of asimov: -0.334853 (r = 0.0754509)
At r = 327.524211:	q_mu = 4.18050	q_A  = 9.12226	CLsb = 0.02045	CLb  = 0.83539	CLs  = 0.02447
At r = 210.418686:	q_mu = 1.34621	q_A  = 4.84238	CLsb = 0.12297	CLb  = 0.85089	CLs  = 0.14452
At r = 266.414462:	q_mu = 2.58572	q_A  = 6.83498	CLsb = 0.05392	CLb  = 0.84288	CLs  = 0.06397
At r = 291.171340:	q_mu = 3.20655	q_A  = 7.75035	CLsb = 0.03667	CLb  = 0.83971	CLs  = 0.04367
At r = 279.197987:	q_mu = 2.90154	q_A  = 7.30547	CLsb = 0.04425	CLb  = 0.84122	CLs  = 0.05260
At r = 284.202727:	q_mu = 3.02799	q_A  = 7.49095	CLsb = 0.04092	CLb  = 0.84058	CLs  = 0.04868
At r = 281.818532:	q_mu = 2.96756	q_A  = 7.40251	CLsb = 0.04247	CLb  = 0.84088	CLs  = 0.05051
At r = 282.821604:	q_mu = 2.99294	q_A  = 7.43970	CLsb = 0.04181	CLb  = 0.84076	CLs  = 0.04973

 -- Asymptotic -- 
Observed Limit: r < 282.8216
Expected  2.5%: r < 85.7263
Expected 16.0%: r < 120.2012
Expected 50.0%: r < 180.6250
Expected 84.0%: r < 282.1420
Expected 97.5%: r < 430.3058

Done in 0.25 min (cpu), 0.25 min (real)
