>>> including systematics
>>> method used to compute upper limit is Asymptotic
>>> random number generator seed is 123456
Adding discrete pdfindex_j0_b0toInf_pT1_13TeV
Computing limit starting from observation
Will compute both limit(s) using minimizer Minuit2 with strategy 0 and tolerance 0.01
  [WARNING] Found [env_pdf_62_13TeV_exp1_p1] at boundary. 
  [WARNING] Found [env_pdf_62_13TeV_exp3_p1] at boundary. 
  [WARNING] Found [env_pdf_62_13TeV_exp3_p2] at boundary. 
  [WARNING] Found [env_pdf_62_13TeV_lau1_l1] at boundary. 
  [WARNING] Found [env_pdf_62_13TeV_pow1_p1] at boundary. 
Constraints of type SimpleGaussianConstraint: 11
WARNING: Best fit of asimov dataset is at r = 0.035256 (0.001763 times rMax), while it should be at zero
Median for expected limits: 51.625
Sigma  for expected limits: 26.3398
Constraints of type SimpleGaussianConstraint: 11
Constraints of type SimpleGaussianConstraint: 11
Restricting r to positive values.

Make global fit of real data
NLL at global minimum of data: -0.946768 (r = 2.64614e-05)

Make global fit of asimov data
NLL at global minimum of asimov: -0.662675 (r = 3.80454e-05)
At r = 72.987843:	q_mu = 10.30502	q_A  = 7.32445	CLsb = 0.00056	CLb  = 0.29093	CLs  = 0.00193
At r = 36.493935:	q_mu = 3.56573	q_A  = 1.98192	CLsb = 0.02440	CLb  = 0.28688	CLs  = 0.08506
At r = 54.740889:	q_mu = 6.60753	q_A  = 4.29763	CLsb = 0.00427	CLb  = 0.28872	CLs  = 0.01478
At r = 45.617412:	q_mu = 4.99600	q_A  = 3.04247	CLsb = 0.01060	CLb  = 0.28775	CLs  = 0.03685
At r = 41.130280:	q_mu = 4.26881	q_A  = 2.49549	CLsb = 0.01614	CLb  = 0.28730	CLs  = 0.05617
At r = 43.018621:	q_mu = 4.56936	q_A  = 2.71981	CLsb = 0.01355	CLb  = 0.28748	CLs  = 0.04715
At r = 42.134413:	q_mu = 4.42762	q_A  = 2.61370	CLsb = 0.01471	CLb  = 0.28740	CLs  = 0.05120
At r = 42.514709:	q_mu = 4.48837	q_A  = 2.65911	CLsb = 0.01421	CLb  = 0.28744	CLs  = 0.04942
At r = 42.338371:	q_mu = 4.46016	q_A  = 2.63800	CLsb = 0.01444	CLb  = 0.28742	CLs  = 0.05024

 -- Asymptotic -- 
Observed Limit: r < 42.3384
Expected  2.5%: r < 27.3250
Expected 16.0%: r < 36.7222
Expected 50.0%: r < 51.6250
Expected 84.0%: r < 73.6434
Expected 97.5%: r < 101.3151

Done in 0.20 min (cpu), 0.20 min (real)
