>>> including systematics
>>> method used to compute upper limit is Asymptotic
>>> random number generator seed is 123456
Adding discrete pdfindex_j0_b0toInf_pT2_13TeV
Computing limit starting from observation
Will compute both limit(s) using minimizer Minuit2 with strategy 0 and tolerance 0.01
  [WARNING] Found [env_pdf_63_13TeV_exp1_p1] at boundary. 
  [WARNING] Found [env_pdf_63_13TeV_exp3_f1] at boundary. 
  [WARNING] Found [env_pdf_63_13TeV_exp3_p1] at boundary. 
  [WARNING] Found [env_pdf_63_13TeV_exp3_p2] at boundary. 
  [WARNING] Found [env_pdf_63_13TeV_lau1_l1] at boundary. 
Constraints of type SimpleGaussianConstraint: 11
Median for expected limits: 14.6875
Sigma  for expected limits: 7.49376
Constraints of type SimpleGaussianConstraint: 11
Constraints of type SimpleGaussianConstraint: 11
Restricting r to positive values.

Make global fit of real data
NLL at global minimum of data: -1.04143 (r = 3.45643e-07)

Make global fit of asimov data
NLL at global minimum of asimov: -0.298133 (r = 3.03957e-09)
At r = 6.659193:	q_mu = 3.48899	q_A  = 0.90143	CLsb = 0.01039	CLb  = 0.08649	CLs  = 0.12008
At r = 13.318386:	q_mu = 7.43063	q_A  = 3.23743	CLsb = 0.00152	CLb  = 0.12196	CLs  = 0.01243
At r = 6.659193:	q_mu = 3.48899	q_A  = 0.90143	CLsb = 0.01039	CLb  = 0.08649	CLs  = 0.12008
At r = 9.988789:	q_mu = 5.43144	q_A  = 1.92120	CLsb = 0.00400	CLb  = 0.10271	CLs  = 0.03891
At r = 8.730313:	q_mu = 4.72578	q_A  = 1.49794	CLsb = 0.00550	CLb  = 0.09364	CLs  = 0.05876
At r = 9.376341:	q_mu = 5.08437	q_A  = 1.70976	CLsb = 0.00469	CLb  = 0.09846	CLs  = 0.04762
At r = 9.127292:	q_mu = 4.94520	q_A  = 1.62672	CLsb = 0.00499	CLb  = 0.09664	CLs  = 0.05166
At r = 9.257026:	q_mu = 5.01755	q_A  = 1.66976	CLsb = 0.00483	CLb  = 0.09759	CLs  = 0.04952
At r = 9.207322:	q_mu = 4.98979	q_A  = 1.65322	CLsb = 0.00489	CLb  = 0.09723	CLs  = 0.05033
At r = 9.233291:	q_mu = 5.00429	q_A  = 1.66185	CLsb = 0.00486	CLb  = 0.09742	CLs  = 0.04990

 -- Asymptotic -- 
Observed Limit: r < 9.2333
Expected  2.5%: r < 7.4872
Expected 16.0%: r < 10.2154
Expected 50.0%: r < 14.6875
Expected 84.0%: r < 21.4202
Expected 97.5%: r < 30.4084

Done in 0.14 min (cpu), 0.15 min (real)
