>>> including systematics
>>> method used to compute upper limit is Asymptotic
>>> random number generator seed is 123456
Adding discrete pdfindex_is1El_pT1_mt2_30_13TeV
Computing limit starting from observation
Will compute both limit(s) using minimizer Minuit2 with strategy 0 and tolerance 0.01
  [WARNING] Found [env_pdf_42_13TeV_exp1_p1] at boundary. 
  [WARNING] Found [env_pdf_42_13TeV_lau1_l1] at boundary. 
  [WARNING] Found [env_pdf_42_13TeV_pow1_p1] at boundary. 
Constraints of type SimpleGaussianConstraint: 15
Median for expected limits: 12.4062
Sigma  for expected limits: 6.32984
Constraints of type SimpleGaussianConstraint: 15
Constraints of type SimpleGaussianConstraint: 15
Restricting r to positive values.

Make global fit of real data
NLL at global minimum of data: -1.90313 (r = 2.56155e-08)

Make global fit of asimov data
NLL at global minimum of asimov: -0.407432 (r = 1.86856e-05)
At r = 4.247543:	q_mu = 3.03295	q_A  = 0.72903	CLsb = 0.01380	CLb  = 0.08864	CLs  = 0.15565
At r = 8.495085:	q_mu = 6.17466	q_A  = 2.09410	CLsb = 0.00214	CLb  = 0.07928	CLs  = 0.02697
At r = 4.247543:	q_mu = 3.03295	q_A  = 0.72903	CLsb = 0.01380	CLb  = 0.08864	CLs  = 0.15565
At r = 6.371314:	q_mu = 4.59345	q_A  = 1.32243	CLsb = 0.00505	CLb  = 0.07748	CLs  = 0.06521
At r = 7.307254:	q_mu = 5.28803	q_A  = 1.64317	CLsb = 0.00343	CLb  = 0.07756	CLs  = 0.04423
At r = 6.883485:	q_mu = 4.97307	q_A  = 1.49387	CLsb = 0.00408	CLb  = 0.07733	CLs  = 0.05274
At r = 7.070961:	q_mu = 5.11232	q_A  = 1.55912	CLsb = 0.00378	CLb  = 0.07739	CLs  = 0.04879
At r = 6.986255:	q_mu = 5.04938	q_A  = 1.52948	CLsb = 0.00391	CLb  = 0.07736	CLs  = 0.05054
At r = 7.023760:	q_mu = 5.07725	q_A  = 1.54257	CLsb = 0.00385	CLb  = 0.07737	CLs  = 0.04976
At r = 7.006821:	q_mu = 5.06466	q_A  = 1.53665	CLsb = 0.00388	CLb  = 0.07736	CLs  = 0.05011

 -- Asymptotic -- 
Observed Limit: r < 7.0068
Expected  2.5%: r < 5.7427
Expected 16.0%: r < 8.2676
Expected 50.0%: r < 12.4062
Expected 84.0%: r < 18.9833
Expected 97.5%: r < 28.2813

Done in 0.05 min (cpu), 0.05 min (real)
